Z80 Macro Assembler ZMA v1.0.15
=====================================================
Programmed by t.hara

<< code >>
[	INCLUDE ".//msx.asm"] begin
Define macro {ROM_HEADER MACRO INIT}

Define macro {BSAVE_HEADER MACRO SADDR , EADDR , EXEC}

Define macro {ROM_ALIGN MACRO}

Define macro {USE_WAIT_VDP_COMMAND MACRO INTR_CTRL}

Define macro {USE_VDP_COMMAND MACRO INTR_CTRL}

[	INCLUDE ".//msx.asm"] end

[	INCLUDE ".//config.txt"] begin
[	INCLUDE ".//config.txt"] end

[	ORG START_ADDRESS]
	code address: 0x00c000

[	INCLUDE ".//bgmdriver.asm"] begin
[	INCLUDE ".//bgmdriver_d.asm"] begin
[	INCLUDE ".//bgmdriver_d.asm"] end

[BGMDRIVER_INITIALIZE ::]
	global label address: 0x00c000

[	LD HL , PLAY_INFO_CH0] Z80:11cyc, R800:3cyc
00c000: 21 67 c6

[	LD DE , PLAY_INFO_CH0 + 1] Z80:11cyc, R800:3cyc
00c003: 11 68 c6

[	LD BC , INFO_SIZE * 3 - 1] Z80:11cyc, R800:3cyc
00c006: 01 38 00

[	XOR A , A] Z80:5cyc, R800:1cyc
00c009: af

[	LD [ HL ] , A] Z80:8cyc, R800:4cyc
00c00a: 77

[	LDIR] Z80:23cyc(BC!=0), 18cyc(BC=0), R800:?cyc(BC!=0), 7cyc(BC=0)
00c00b: ed b0

[	RET] Z80:11cyc, R800:5cyc
00c00d: c9

[BGMDRIVER_PLAY ::]
	global label address: 0x00c00e

[	PUSH HL] Z80:12cyc, R800:6cyc
00c00e: e5

[	CALL BGMDRIVER_STOP] Z80:18cyc, R800:5cyc
00c00f: cd 4b c0

[	POP HL] Z80:11cyc, R800:5cyc
00c012: e1

[	DI] Z80:5cyc, R800:2cyc
00c013: f3

[	LD [ PLAY_BGM_DATA_ADR ] , HL] Z80:17cyc, R800:7cyc
00c014: 22 58 c6

[	LD IX , [ PLAY_BGM_DATA_ADR ]] Z80:22cyc, R800:8cyc
00c017: dd 2a 58 c6

[	LD E , [ IX + 0 ]] Z80:21cyc, R800:7cyc
00c01b: dd 5e 00

[	LD D , [ IX + 1 ]] Z80:21cyc, R800:7cyc
00c01e: dd 56 01

[	ADD HL , DE] Z80:12cyc, R800:1cyc
00c021: 19

[	LD [ PLAY_INFO_CH0 + INFO_PLAY_ADR_L ] , HL] Z80:17cyc, R800:7cyc
00c022: 22 67 c6

[	LD HL , [ PLAY_BGM_DATA_ADR ]] Z80:17cyc, R800:7cyc
00c025: 2a 58 c6

[	LD E , [ IX + 2 ]] Z80:21cyc, R800:7cyc
00c028: dd 5e 02

[	LD D , [ IX + 3 ]] Z80:21cyc, R800:7cyc
00c02b: dd 56 03

[	ADD HL , DE] Z80:12cyc, R800:1cyc
00c02e: 19

[	LD [ PLAY_INFO_CH1 + INFO_PLAY_ADR_L ] , HL] Z80:17cyc, R800:7cyc
00c02f: 22 7a c6

[	LD HL , [ PLAY_BGM_DATA_ADR ]] Z80:17cyc, R800:7cyc
00c032: 2a 58 c6

[	LD E , [ IX + 4 ]] Z80:21cyc, R800:7cyc
00c035: dd 5e 04

[	LD D , [ IX + 5 ]] Z80:21cyc, R800:7cyc
00c038: dd 56 05

[	ADD HL , DE] Z80:12cyc, R800:1cyc
00c03b: 19

[	LD [ PLAY_INFO_CH2 + INFO_PLAY_ADR_L ] , HL] Z80:17cyc, R800:7cyc
00c03c: 22 8d c6

[	XOR A , A] Z80:5cyc, R800:1cyc
00c03f: af

[	LD [ PLAY_MASTER_VOLUME_SPEED ] , A] Z80:14cyc, R800:6cyc
00c040: 32 5b c6

[	LD [ PLAY_MASTER_VOLUME_WAIT ] , A] Z80:14cyc, R800:6cyc
00c043: 32 5a c6

[	LD [ PLAY_MASTER_VOLUME ] , A] Z80:14cyc, R800:6cyc
00c046: 32 5c c6

[	EI] Z80:5cyc, R800:1cyc
00c049: fb

[	RET] Z80:11cyc, R800:5cyc
00c04a: c9

[BGMDRIVER_STOP ::]
	global label address: 0x00c04b

[	DI] Z80:5cyc, R800:2cyc
00c04b: f3

[	LD HL , PLAY_INFO_CH0] Z80:11cyc, R800:3cyc
00c04c: 21 67 c6

[	CALL BGMDRIVER_INIT_PLAY_INFO] Z80:18cyc, R800:5cyc
00c04f: cd db c0

[	LD HL , PLAY_INFO_CH1] Z80:11cyc, R800:3cyc
00c052: 21 7a c6

[	CALL BGMDRIVER_INIT_PLAY_INFO] Z80:18cyc, R800:5cyc
00c055: cd db c0

[	LD HL , PLAY_INFO_CH2] Z80:11cyc, R800:3cyc
00c058: 21 8d c6

[	CALL BGMDRIVER_INIT_PLAY_INFO] Z80:18cyc, R800:5cyc
00c05b: cd db c0

[	EI] Z80:5cyc, R800:1cyc
00c05e: fb

[	RET] Z80:11cyc, R800:5cyc
00c05f: c9

[BGMDRIVER_CHECK_PLAYING ::]
	global label address: 0x00c060

[	DI] Z80:5cyc, R800:2cyc
00c060: f3

[	LD IX , PLAY_INFO_CH0] Z80:16cyc, R800:4cyc
00c061: dd 21 67 c6

[	LD A , [ IX + INFO_PLAY_ADR_L ]] Z80:21cyc, R800:7cyc
00c065: dd 7e 00

[	OR A , [ IX + INFO_PLAY_ADR_H ]] Z80:21cyc, R800:7cyc
00c068: dd b6 01

[	LD IX , PLAY_INFO_CH1] Z80:16cyc, R800:4cyc
00c06b: dd 21 7a c6

[	OR A , [ IX + INFO_PLAY_ADR_L ]] Z80:21cyc, R800:7cyc
00c06f: dd b6 00

[	OR A , [ IX + INFO_PLAY_ADR_H ]] Z80:21cyc, R800:7cyc
00c072: dd b6 01

[	LD IX , PLAY_INFO_CH2] Z80:16cyc, R800:4cyc
00c075: dd 21 8d c6

[	OR A , [ IX + INFO_PLAY_ADR_L ]] Z80:21cyc, R800:7cyc
00c079: dd b6 00

[	OR A , [ IX + INFO_PLAY_ADR_H ]] Z80:21cyc, R800:7cyc
00c07c: dd b6 01

[	EI] Z80:5cyc, R800:1cyc
00c07f: fb

[	RET] Z80:11cyc, R800:5cyc
00c080: c9

[BGMDRIVER_FADEOUT ::]
	global label address: 0x00c081

[	DI] Z80:5cyc, R800:2cyc
00c081: f3

[	LD [ PLAY_MASTER_VOLUME_SPEED ] , A] Z80:14cyc, R800:6cyc
00c082: 32 5b c6

[	XOR A , A] Z80:5cyc, R800:1cyc
00c085: af

[	LD [ PLAY_MASTER_VOLUME_WAIT ] , A] Z80:14cyc, R800:6cyc
00c086: 32 5a c6

[	LD [ PLAY_MASTER_VOLUME ] , A] Z80:14cyc, R800:6cyc
00c089: 32 5c c6

[	EI] Z80:5cyc, R800:1cyc
00c08c: fb

[	RET] Z80:11cyc, R800:5cyc
00c08d: c9

[BGMDRIVER_MUTE_PSG ::]
	global label address: 0x00c08e

[	DI] Z80:5cyc, R800:2cyc
00c08e: f3

[	LD D , 0] Z80:8cyc, R800:2cyc
00c08f: 16 00

[	LD HL , BGMPDRIVER_INIT_DATA] Z80:11cyc, R800:3cyc
00c091: 21 a3 c0

[	LD C , PSG_REG_ADR] Z80:8cyc, R800:2cyc
00c094: 0e a0

[	LD B , 16] Z80:8cyc, R800:2cyc
00c096: 06 10

[BGMDRIVER_MUTE_PSG_LOOP :]
	label address: 0x00c098

[	OUT [ C ] , D] Z80:14cyc, R800:10 or 9cyc
00c098: ed 51

[	INC D] Z80:5cyc, R800:1cyc
00c09a: 14

[	LD A , [ HL ]] Z80:8cyc, R800:4cyc
00c09b: 7e

[	OUT [ PSG_REG_WRT ] , A] Z80:12cyc, R800:10 or 9cyc
00c09c: d3 a1

[	INC HL] Z80:7cyc, R800:1cyc
00c09e: 23

[	DJNZ BGMDRIVER_MUTE_PSG_LOOP] Z80:14cyc(cond=true), 9cyc(cond=false), R800:3cyc(cond=true), 2cyc(cond=false)
00c09f: 10 f7

[	EI] Z80:5cyc, R800:1cyc
00c0a1: fb

[	RET] Z80:11cyc, R800:5cyc
00c0a2: c9

[BGMPDRIVER_INIT_DATA :]
	label address: 0x00c0a3

[	DB 0 , 0 , 0 , 0 , 0 , 0 , 0 , 0X80 + 0X3F , 0 , 0 , 0 , 0 , 0 , 0 , 0 , 0]
00c0a3: 00 00 00 00 00 00 00 bf
00c0ab: 00 00 00 00 00 00 00 00

[BGMDRIVER_PLAY_SOUND_EFFECT ::]
	global label address: 0x00c0b3

[	PUSH HL] Z80:12cyc, R800:6cyc
00c0b3: e5

[	DI] Z80:5cyc, R800:2cyc
00c0b4: f3

[	LD A , [ PLAY_SOUND_EFFECT_PRIORITY ]] Z80:14cyc, R800:6cyc
00c0b5: 3a 56 c6

[	CP A , [ HL ]] Z80:8cyc, R800:4cyc
00c0b8: be

[	JP C , BGMDRIVER_PLAY_SOUND_EFFECT_SKIP] Z80:11cyc, R800:5cyc(cond=true), 3cyc(cond=false)
00c0b9: da d8 c0

[	LD A , [ HL ]] Z80:8cyc, R800:4cyc
00c0bc: 7e

[	LD [ PLAY_SOUND_EFFECT_PRIORITY ] , A] Z80:14cyc, R800:6cyc
00c0bd: 32 56 c6

[	INC HL] Z80:7cyc, R800:1cyc
00c0c0: 23

[	LD [ PLAY_SOUND_EFFECT_ADR ] , HL] Z80:17cyc, R800:7cyc
00c0c1: 22 54 c6

[	XOR A , A] Z80:5cyc, R800:1cyc
00c0c4: af

[	LD [ PLAY_SOUND_EFFECT_WAIT_COUNT ] , A] Z80:14cyc, R800:6cyc
00c0c5: 32 4f c6

[	LD [ PLAY_SOUND_EFFECT_FREQ + 0 ] , A] Z80:14cyc, R800:6cyc
00c0c8: 32 50 c6

[	LD [ PLAY_SOUND_EFFECT_FREQ + 1 ] , A] Z80:14cyc, R800:6cyc
00c0cb: 32 51 c6

[	LD [ PLAY_SOUND_EFFECT_NOISE_FREQ ] , A] Z80:14cyc, R800:6cyc
00c0ce: 32 52 c6

[	LD [ PLAY_SOUND_EFFECT_VOLUME ] , A] Z80:14cyc, R800:6cyc
00c0d1: 32 53 c6

[	INC A] Z80:5cyc, R800:1cyc
00c0d4: 3c

[	LD [ PLAY_SOUND_EFFECT_ACTIVE ] , A] Z80:14cyc, R800:6cyc
00c0d5: 32 4e c6

[BGMDRIVER_PLAY_SOUND_EFFECT_SKIP :]
	label address: 0x00c0d8

[	POP HL] Z80:11cyc, R800:5cyc
00c0d8: e1

[	EI] Z80:5cyc, R800:1cyc
00c0d9: fb

[	RET] Z80:11cyc, R800:5cyc
00c0da: c9

[BGMDRIVER_INIT_PLAY_INFO :]
	label address: 0x00c0db

[	LD E , L] Z80:5cyc, R800:2cyc
00c0db: 5d

[	LD D , H] Z80:5cyc, R800:2cyc
00c0dc: 54

[	INC DE] Z80:7cyc, R800:1cyc
00c0dd: 13

[	LD BC , INFO_SIZE - 1] Z80:11cyc, R800:3cyc
00c0de: 01 12 00

[	XOR A , A] Z80:5cyc, R800:1cyc
00c0e1: af

[	LD [ HL ] , A] Z80:8cyc, R800:4cyc
00c0e2: 77

[	LDIR] Z80:23cyc(BC!=0), 18cyc(BC=0), R800:?cyc(BC!=0), 7cyc(BC=0)
00c0e3: ed b0

[	RET] Z80:11cyc, R800:5cyc
00c0e5: c9

[BGMDRIVER_INTERRUPT_HANDLER ::]
	global label address: 0x00c0e6

[	LD IX , PLAY_INFO_CH0] Z80:16cyc, R800:4cyc
00c0e6: dd 21 67 c6

[	CALL BGMDRIVER_PLAY_CH] Z80:18cyc, R800:5cyc
00c0ea: cd 05 c1

[	LD IX , PLAY_INFO_CH1] Z80:16cyc, R800:4cyc
00c0ed: dd 21 7a c6

[	CALL BGMDRIVER_PLAY_CH] Z80:18cyc, R800:5cyc
00c0f1: cd 05 c1

[	LD IX , PLAY_INFO_CH2] Z80:16cyc, R800:4cyc
00c0f4: dd 21 8d c6

[	CALL BGMDRIVER_PLAY_CH] Z80:18cyc, R800:5cyc
00c0f8: cd 05 c1

[	CALL BGMDRIVER_SOUND_EFFECT] Z80:18cyc, R800:5cyc
00c0fb: cd 25 c4

[	CALL BGMDRIVER_FADEOUT_PROC] Z80:18cyc, R800:5cyc
00c0fe: cd eb c3

[	CALL BGMDRIVER_MIXER] Z80:18cyc, R800:5cyc
00c101: cd 80 c4

[	RET] Z80:11cyc, R800:5cyc
00c104: c9

[BGMDRIVER_PLAY_CH :]
	label address: 0x00c105

[	LD A , [ IX + INFO_PLAY_ADR_L ]] Z80:21cyc, R800:7cyc
00c105: dd 7e 00

[	OR A , [ IX + INFO_PLAY_ADR_H ]] Z80:21cyc, R800:7cyc
00c108: dd b6 01

[	RET Z] Z80:12cyc(branch), 6cyc(through), R800:5cyc(branch), 1cyc(through)
00c10b: c8

[	LD L , [ IX + INFO_WAIT_COUNT_L ]] Z80:21cyc, R800:7cyc
00c10c: dd 6e 02

[	LD H , [ IX + INFO_WAIT_COUNT_H ]] Z80:21cyc, R800:7cyc
00c10f: dd 66 03

[	LD A , L] Z80:5cyc, R800:2cyc
00c112: 7d

[	OR A , H] Z80:5cyc, R800:1cyc
00c113: b4

[	JR Z , BGMDRIVER_CHECK_NEXT_DATA] Z80:13cyc(cond=true), 8cyc(cond=false), R800:3cyc(cond=true), 2cyc(cond=false)
00c114: 28 0a

[	DEC HL] Z80:7cyc, R800:1cyc
00c116: 2b

[	LD [ IX + INFO_WAIT_COUNT_L ] , L] Z80:8cyc, R800:4cyc
00c117: dd 75 02

[	LD [ IX + INFO_WAIT_COUNT_H ] , H] Z80:8cyc, R800:4cyc
00c11a: dd 74 03

[	JP BGMDRIVER_UPDATE_VIBRATO] Z80:11cyc, R800:5cyc
00c11d: c3 05 c3

[BGMDRIVER_CHECK_NEXT_DATA :]
	label address: 0x00c120

[	LD L , [ IX + INFO_PLAY_ADR_L ]] Z80:21cyc, R800:7cyc
00c120: dd 6e 00

[	LD H , [ IX + INFO_PLAY_ADR_H ]] Z80:21cyc, R800:7cyc
00c123: dd 66 01

[	LD A , [ HL ]] Z80:8cyc, R800:4cyc
00c126: 7e

[	INC HL] Z80:7cyc, R800:1cyc
00c127: 23

[	CP A , 96] Z80:8cyc, R800:2cyc
00c128: fe 60

[	JP C , BGMDRIVER_KEYON] Z80:11cyc, R800:5cyc(cond=true), 3cyc(cond=false)
00c12a: da 5e c1

[	CP A , 101] Z80:8cyc, R800:2cyc
00c12d: fe 65

[	JP C , BGMDRIVER_DRUM_KEYON] Z80:11cyc, R800:5cyc(cond=true), 3cyc(cond=false)
00c12f: da a6 c1

[	JP Z , BGMDRIVER_KEYOFF] Z80:11cyc, R800:5cyc(cond=true), 3cyc(cond=false)
00c132: ca d3 c1

[	CP A , 103] Z80:8cyc, R800:2cyc
00c135: fe 67

[	JP C , BGMDRIVER_REST] Z80:11cyc, R800:5cyc(cond=true), 3cyc(cond=false)
00c137: da f1 c1

[	JP Z , BGMDRIVER_VOLUME] Z80:11cyc, R800:5cyc(cond=true), 3cyc(cond=false)
00c13a: ca 0b c2

[	CP A , 105] Z80:8cyc, R800:2cyc
00c13d: fe 69

[	JP C , BGMDRIVER_SOUND_FONT] Z80:11cyc, R800:5cyc(cond=true), 3cyc(cond=false)
00c13f: da 19 c2

[	JP Z , BGMDRIVER_JUMP] Z80:11cyc, R800:5cyc(cond=true), 3cyc(cond=false)
00c142: ca e2 c2

[	CP A , 107] Z80:8cyc, R800:2cyc
00c145: fe 6b

[	JP C , BGMDRIVER_PLAY_END] Z80:11cyc, R800:5cyc(cond=true), 3cyc(cond=false)
00c147: da f2 c2

[	JP Z , BGMDRIVER_DRUM1_FONT] Z80:11cyc, R800:5cyc(cond=true), 3cyc(cond=false)
00c14a: ca 3d c2

[	CP A , 109] Z80:8cyc, R800:2cyc
00c14d: fe 6d

[	JP C , BGMDRIVER_DRUM2_FONT] Z80:11cyc, R800:5cyc(cond=true), 3cyc(cond=false)
00c14f: da 5e c2

[	JP Z , BGMDRIVER_DRUM3_FONT] Z80:11cyc, R800:5cyc(cond=true), 3cyc(cond=false)
00c152: ca 7f c2

[	CP A , 111] Z80:8cyc, R800:2cyc
00c155: fe 6f

[	JP C , BGMDRIVER_DRUM4_FONT] Z80:11cyc, R800:5cyc(cond=true), 3cyc(cond=false)
00c157: da a0 c2

[	JP Z , BGMDRIVER_DRUM5_FONT] Z80:11cyc, R800:5cyc(cond=true), 3cyc(cond=false)
00c15a: ca c1 c2

[	RET] Z80:11cyc, R800:5cyc
00c15d: c9

[BGMDRIVER_KEYON :]
	label address: 0x00c15e

[	LD C , A] Z80:5cyc, R800:2cyc
00c15e: 4f

[	CALL BGMDRIVER_GET_WAIT_TIME] Z80:18cyc, R800:5cyc
00c15f: cd d5 c3

[	LD [ IX + INFO_WAIT_COUNT_L ] , E] Z80:8cyc, R800:4cyc
00c162: dd 73 02

[	LD [ IX + INFO_WAIT_COUNT_H ] , D] Z80:8cyc, R800:4cyc
00c165: dd 72 03

[	LD [ IX + INFO_PLAY_ADR_L ] , L] Z80:8cyc, R800:4cyc
00c168: dd 75 00

[	LD [ IX + INFO_PLAY_ADR_H ] , H] Z80:8cyc, R800:4cyc
00c16b: dd 74 01

[	LD A , C] Z80:5cyc, R800:2cyc
00c16e: 79

[	RLCA] Z80:5cyc, R800:1cyc
00c16f: 07

[	LD L , A] Z80:5cyc, R800:2cyc
00c170: 6f

[	LD H , 0] Z80:8cyc, R800:2cyc
00c171: 26 00

[	LD DE , FREQ_DATA] Z80:11cyc, R800:3cyc
00c173: 11 8e c5

[	ADD HL , DE] Z80:12cyc, R800:1cyc
00c176: 19

[	LD E , [ HL ]] Z80:8cyc, R800:4cyc
00c177: 5e

[	INC HL] Z80:7cyc, R800:1cyc
00c178: 23

[	LD D , [ HL ]] Z80:8cyc, R800:4cyc
00c179: 56

[	LD L , [ IX + INFO_SEL_SFONT_L ]] Z80:21cyc, R800:7cyc
00c17a: dd 6e 11

[	LD H , [ IX + INFO_SEL_SFONT_H ]] Z80:21cyc, R800:7cyc
00c17d: dd 66 12

[BGMDRIVER_SET_FREQ :]
	label address: 0x00c180

[	LD [ IX + INFO_TONE_FREQ_L ] , E] Z80:8cyc, R800:4cyc
00c180: dd 73 06

[	LD [ IX + INFO_TONE_FREQ_H ] , D] Z80:8cyc, R800:4cyc
00c183: dd 72 07

[	XOR A , A] Z80:5cyc, R800:1cyc
00c186: af

[	LD [ IX + INFO_ENV_STATE ] , A] Z80:8cyc, R800:4cyc
00c187: dd 77 0b

[	LD [ IX + INFO_ENV_VOL ] , A] Z80:8cyc, R800:4cyc
00c18a: dd 77 0c

[	LD [ IX + INFO_VIB_INDEX ] , A] Z80:8cyc, R800:4cyc
00c18d: dd 77 0d

[	LD [ IX + INFO_SOUND_FONT_L ] , L] Z80:8cyc, R800:4cyc
00c190: dd 75 0e

[	LD [ IX + INFO_SOUND_FONT_H ] , H] Z80:8cyc, R800:4cyc
00c193: dd 74 0f

[	LD DE , SFONT_VIB_WAIT] Z80:11cyc, R800:3cyc
00c196: 11 25 00

[	ADD HL , DE] Z80:12cyc, R800:1cyc
00c199: 19

[	LD A , [ HL ]] Z80:8cyc, R800:4cyc
00c19a: 7e

[	LD [ IX + INFO_VIB_WAIT ] , A] Z80:8cyc, R800:4cyc
00c19b: dd 77 0a

[	INC HL] Z80:7cyc, R800:1cyc
00c19e: 23

[	LD A , [ HL ]] Z80:8cyc, R800:4cyc
00c19f: 7e

[	LD [ IX + INFO_NOISE_FREQ ] , A] Z80:8cyc, R800:4cyc
00c1a0: dd 77 10

[	JP BGMDRIVER_UPDATE_VIBRATO] Z80:11cyc, R800:5cyc
00c1a3: c3 05 c3

[BGMDRIVER_DRUM_KEYON :]
	label address: 0x00c1a6

[	LD C , A] Z80:5cyc, R800:2cyc
00c1a6: 4f

[	CALL BGMDRIVER_GET_WAIT_TIME] Z80:18cyc, R800:5cyc
00c1a7: cd d5 c3

[	LD [ IX + INFO_WAIT_COUNT_L ] , E] Z80:8cyc, R800:4cyc
00c1aa: dd 73 02

[	LD [ IX + INFO_WAIT_COUNT_H ] , D] Z80:8cyc, R800:4cyc
00c1ad: dd 72 03

[	LD [ IX + INFO_PLAY_ADR_L ] , L] Z80:8cyc, R800:4cyc
00c1b0: dd 75 00

[	LD [ IX + INFO_PLAY_ADR_H ] , H] Z80:8cyc, R800:4cyc
00c1b3: dd 74 01

[	LD A , C] Z80:5cyc, R800:2cyc
00c1b6: 79

[	SUB A , 96] Z80:8cyc, R800:2cyc
00c1b7: d6 60

[	RLCA] Z80:5cyc, R800:1cyc
00c1b9: 07

[	LD HL , PLAY_DRUM_FONT1] Z80:11cyc, R800:3cyc
00c1ba: 21 5d c6

[	ADD A , L] Z80:5cyc, R800:1cyc
00c1bd: 85

[	LD L , A] Z80:5cyc, R800:2cyc
00c1be: 6f

[	LD A , 0] Z80:8cyc, R800:2cyc
00c1bf: 3e 00

[	ADC A , H] Z80:5cyc, R800:1cyc
00c1c1: 8c

[	LD H , A] Z80:5cyc, R800:2cyc
00c1c2: 67

[	LD E , [ HL ]] Z80:8cyc, R800:4cyc
00c1c3: 5e

[	INC HL] Z80:7cyc, R800:1cyc
00c1c4: 23

[	LD D , [ HL ]] Z80:8cyc, R800:4cyc
00c1c5: 56

[	EX DE , HL] Z80:5cyc, R800:1cyc
00c1c6: eb

[	PUSH HL] Z80:12cyc, R800:6cyc
00c1c7: e5

[	LD DE , SFONT_FREQ_L] Z80:11cyc, R800:3cyc
00c1c8: 11 27 00

[	ADD HL , DE] Z80:12cyc, R800:1cyc
00c1cb: 19

[	LD E , [ HL ]] Z80:8cyc, R800:4cyc
00c1cc: 5e

[	INC HL] Z80:7cyc, R800:1cyc
00c1cd: 23

[	LD D , [ HL ]] Z80:8cyc, R800:4cyc
00c1ce: 56

[	POP HL] Z80:11cyc, R800:5cyc
00c1cf: e1

[	JP BGMDRIVER_SET_FREQ] Z80:11cyc, R800:5cyc
00c1d0: c3 80 c1

[BGMDRIVER_KEYOFF :]
	label address: 0x00c1d3

[	CALL BGMDRIVER_GET_WAIT_TIME] Z80:18cyc, R800:5cyc
00c1d3: cd d5 c3

[	LD [ IX + INFO_WAIT_COUNT_L ] , E] Z80:8cyc, R800:4cyc
00c1d6: dd 73 02

[	LD [ IX + INFO_WAIT_COUNT_H ] , D] Z80:8cyc, R800:4cyc
00c1d9: dd 72 03

[	LD [ IX + INFO_PLAY_ADR_L ] , L] Z80:8cyc, R800:4cyc
00c1dc: dd 75 00

[	LD [ IX + INFO_PLAY_ADR_H ] , H] Z80:8cyc, R800:4cyc
00c1df: dd 74 01

[	LD A , [ IX + INFO_ENV_STATE ]] Z80:21cyc, R800:7cyc
00c1e2: dd 7e 0b

[	CP A , 3] Z80:8cyc, R800:2cyc
00c1e5: fe 03

[	JP NC , BGMDRIVER_UPDATE_VIBRATO] Z80:11cyc, R800:5cyc(cond=true), 3cyc(cond=false)
00c1e7: d2 05 c3

[	LD [ IX + INFO_ENV_STATE ] , 3] Z80:21cyc, R800:7cyc
00c1ea: dd 36 0b 03

[	JP BGMDRIVER_UPDATE_VIBRATO] Z80:11cyc, R800:5cyc
00c1ee: c3 05 c3

[BGMDRIVER_REST :]
	label address: 0x00c1f1

[	CALL BGMDRIVER_GET_WAIT_TIME] Z80:18cyc, R800:5cyc
00c1f1: cd d5 c3

[	LD [ IX + INFO_WAIT_COUNT_L ] , E] Z80:8cyc, R800:4cyc
00c1f4: dd 73 02

[	LD [ IX + INFO_WAIT_COUNT_H ] , D] Z80:8cyc, R800:4cyc
00c1f7: dd 72 03

[	LD [ IX + INFO_PLAY_ADR_L ] , L] Z80:8cyc, R800:4cyc
00c1fa: dd 75 00

[	LD [ IX + INFO_PLAY_ADR_H ] , H] Z80:8cyc, R800:4cyc
00c1fd: dd 74 01

[	LD [ IX + INFO_ENV_STATE ] , 4] Z80:21cyc, R800:7cyc
00c200: dd 36 0b 04

[	LD [ IX + INFO_ENV_VOL ] , 0] Z80:21cyc, R800:7cyc
00c204: dd 36 0c 00

[	JP BGMDRIVER_UPDATE_VIBRATO] Z80:11cyc, R800:5cyc
00c208: c3 05 c3

[BGMDRIVER_VOLUME :]
	label address: 0x00c20b

[	LD A , [ HL ]] Z80:8cyc, R800:4cyc
00c20b: 7e

[	INC HL] Z80:7cyc, R800:1cyc
00c20c: 23

[	LD [ IX + INFO_PLAY_ADR_L ] , L] Z80:8cyc, R800:4cyc
00c20d: dd 75 00

[	LD [ IX + INFO_PLAY_ADR_H ] , H] Z80:8cyc, R800:4cyc
00c210: dd 74 01

[	LD [ IX + INFO_TONE_VOL ] , A] Z80:8cyc, R800:4cyc
00c213: dd 77 09

[	JP BGMDRIVER_CHECK_NEXT_DATA] Z80:11cyc, R800:5cyc
00c216: c3 20 c1

[BGMDRIVER_SOUND_FONT :]
	label address: 0x00c219

[	LD E , [ HL ]] Z80:8cyc, R800:4cyc
00c219: 5e

[	INC HL] Z80:7cyc, R800:1cyc
00c21a: 23

[	LD D , [ HL ]] Z80:8cyc, R800:4cyc
00c21b: 56

[	INC HL] Z80:7cyc, R800:1cyc
00c21c: 23

[	LD [ IX + INFO_PLAY_ADR_L ] , L] Z80:8cyc, R800:4cyc
00c21d: dd 75 00

[	LD [ IX + INFO_PLAY_ADR_H ] , H] Z80:8cyc, R800:4cyc
00c220: dd 74 01

[	LD HL , [ PLAY_BGM_DATA_ADR ]] Z80:17cyc, R800:7cyc
00c223: 2a 58 c6

[	ADD HL , DE] Z80:12cyc, R800:1cyc
00c226: 19

[	LD [ IX + INFO_SEL_SFONT_L ] , L] Z80:8cyc, R800:4cyc
00c227: dd 75 11

[	LD [ IX + INFO_SEL_SFONT_H ] , H] Z80:8cyc, R800:4cyc
00c22a: dd 74 12

[	XOR A , A] Z80:5cyc, R800:1cyc
00c22d: af

[	LD [ IX + INFO_VIB_WAIT ] , A] Z80:8cyc, R800:4cyc
00c22e: dd 77 0a

[	LD [ IX + INFO_ENV_STATE ] , A] Z80:8cyc, R800:4cyc
00c231: dd 77 0b

[	LD [ IX + INFO_ENV_VOL ] , A] Z80:8cyc, R800:4cyc
00c234: dd 77 0c

[	LD [ IX + INFO_VIB_INDEX ] , A] Z80:8cyc, R800:4cyc
00c237: dd 77 0d

[	JP BGMDRIVER_CHECK_NEXT_DATA] Z80:11cyc, R800:5cyc
00c23a: c3 20 c1

[BGMDRIVER_DRUM1_FONT :]
	label address: 0x00c23d

[	LD E , [ HL ]] Z80:8cyc, R800:4cyc
00c23d: 5e

[	INC HL] Z80:7cyc, R800:1cyc
00c23e: 23

[	LD D , [ HL ]] Z80:8cyc, R800:4cyc
00c23f: 56

[	INC HL] Z80:7cyc, R800:1cyc
00c240: 23

[	LD [ IX + INFO_PLAY_ADR_L ] , L] Z80:8cyc, R800:4cyc
00c241: dd 75 00

[	LD [ IX + INFO_PLAY_ADR_H ] , H] Z80:8cyc, R800:4cyc
00c244: dd 74 01

[	LD HL , [ PLAY_BGM_DATA_ADR ]] Z80:17cyc, R800:7cyc
00c247: 2a 58 c6

[	ADD HL , DE] Z80:12cyc, R800:1cyc
00c24a: 19

[	LD [ PLAY_DRUM_FONT1 ] , HL] Z80:17cyc, R800:7cyc
00c24b: 22 5d c6

[	XOR A , A] Z80:5cyc, R800:1cyc
00c24e: af

[	LD [ IX + INFO_VIB_WAIT ] , A] Z80:8cyc, R800:4cyc
00c24f: dd 77 0a

[	LD [ IX + INFO_ENV_STATE ] , A] Z80:8cyc, R800:4cyc
00c252: dd 77 0b

[	LD [ IX + INFO_ENV_VOL ] , A] Z80:8cyc, R800:4cyc
00c255: dd 77 0c

[	LD [ IX + INFO_VIB_INDEX ] , A] Z80:8cyc, R800:4cyc
00c258: dd 77 0d

[	JP BGMDRIVER_CHECK_NEXT_DATA] Z80:11cyc, R800:5cyc
00c25b: c3 20 c1

[BGMDRIVER_DRUM2_FONT :]
	label address: 0x00c25e

[	LD E , [ HL ]] Z80:8cyc, R800:4cyc
00c25e: 5e

[	INC HL] Z80:7cyc, R800:1cyc
00c25f: 23

[	LD D , [ HL ]] Z80:8cyc, R800:4cyc
00c260: 56

[	INC HL] Z80:7cyc, R800:1cyc
00c261: 23

[	LD [ IX + INFO_PLAY_ADR_L ] , L] Z80:8cyc, R800:4cyc
00c262: dd 75 00

[	LD [ IX + INFO_PLAY_ADR_H ] , H] Z80:8cyc, R800:4cyc
00c265: dd 74 01

[	LD HL , [ PLAY_BGM_DATA_ADR ]] Z80:17cyc, R800:7cyc
00c268: 2a 58 c6

[	ADD HL , DE] Z80:12cyc, R800:1cyc
00c26b: 19

[	LD [ PLAY_DRUM_FONT2 ] , HL] Z80:17cyc, R800:7cyc
00c26c: 22 5f c6

[	XOR A , A] Z80:5cyc, R800:1cyc
00c26f: af

[	LD [ IX + INFO_VIB_WAIT ] , A] Z80:8cyc, R800:4cyc
00c270: dd 77 0a

[	LD [ IX + INFO_ENV_STATE ] , A] Z80:8cyc, R800:4cyc
00c273: dd 77 0b

[	LD [ IX + INFO_ENV_VOL ] , A] Z80:8cyc, R800:4cyc
00c276: dd 77 0c

[	LD [ IX + INFO_VIB_INDEX ] , A] Z80:8cyc, R800:4cyc
00c279: dd 77 0d

[	JP BGMDRIVER_CHECK_NEXT_DATA] Z80:11cyc, R800:5cyc
00c27c: c3 20 c1

[BGMDRIVER_DRUM3_FONT :]
	label address: 0x00c27f

[	LD E , [ HL ]] Z80:8cyc, R800:4cyc
00c27f: 5e

[	INC HL] Z80:7cyc, R800:1cyc
00c280: 23

[	LD D , [ HL ]] Z80:8cyc, R800:4cyc
00c281: 56

[	INC HL] Z80:7cyc, R800:1cyc
00c282: 23

[	LD [ IX + INFO_PLAY_ADR_L ] , L] Z80:8cyc, R800:4cyc
00c283: dd 75 00

[	LD [ IX + INFO_PLAY_ADR_H ] , H] Z80:8cyc, R800:4cyc
00c286: dd 74 01

[	LD HL , [ PLAY_BGM_DATA_ADR ]] Z80:17cyc, R800:7cyc
00c289: 2a 58 c6

[	ADD HL , DE] Z80:12cyc, R800:1cyc
00c28c: 19

[	LD [ PLAY_DRUM_FONT3 ] , HL] Z80:17cyc, R800:7cyc
00c28d: 22 61 c6

[	XOR A , A] Z80:5cyc, R800:1cyc
00c290: af

[	LD [ IX + INFO_VIB_WAIT ] , A] Z80:8cyc, R800:4cyc
00c291: dd 77 0a

[	LD [ IX + INFO_ENV_STATE ] , A] Z80:8cyc, R800:4cyc
00c294: dd 77 0b

[	LD [ IX + INFO_ENV_VOL ] , A] Z80:8cyc, R800:4cyc
00c297: dd 77 0c

[	LD [ IX + INFO_VIB_INDEX ] , A] Z80:8cyc, R800:4cyc
00c29a: dd 77 0d

[	JP BGMDRIVER_CHECK_NEXT_DATA] Z80:11cyc, R800:5cyc
00c29d: c3 20 c1

[BGMDRIVER_DRUM4_FONT :]
	label address: 0x00c2a0

[	LD E , [ HL ]] Z80:8cyc, R800:4cyc
00c2a0: 5e

[	INC HL] Z80:7cyc, R800:1cyc
00c2a1: 23

[	LD D , [ HL ]] Z80:8cyc, R800:4cyc
00c2a2: 56

[	INC HL] Z80:7cyc, R800:1cyc
00c2a3: 23

[	LD [ IX + INFO_PLAY_ADR_L ] , L] Z80:8cyc, R800:4cyc
00c2a4: dd 75 00

[	LD [ IX + INFO_PLAY_ADR_H ] , H] Z80:8cyc, R800:4cyc
00c2a7: dd 74 01

[	LD HL , [ PLAY_BGM_DATA_ADR ]] Z80:17cyc, R800:7cyc
00c2aa: 2a 58 c6

[	ADD HL , DE] Z80:12cyc, R800:1cyc
00c2ad: 19

[	LD [ PLAY_DRUM_FONT4 ] , HL] Z80:17cyc, R800:7cyc
00c2ae: 22 63 c6

[	XOR A , A] Z80:5cyc, R800:1cyc
00c2b1: af

[	LD [ IX + INFO_VIB_WAIT ] , A] Z80:8cyc, R800:4cyc
00c2b2: dd 77 0a

[	LD [ IX + INFO_ENV_STATE ] , A] Z80:8cyc, R800:4cyc
00c2b5: dd 77 0b

[	LD [ IX + INFO_ENV_VOL ] , A] Z80:8cyc, R800:4cyc
00c2b8: dd 77 0c

[	LD [ IX + INFO_VIB_INDEX ] , A] Z80:8cyc, R800:4cyc
00c2bb: dd 77 0d

[	JP BGMDRIVER_CHECK_NEXT_DATA] Z80:11cyc, R800:5cyc
00c2be: c3 20 c1

[BGMDRIVER_DRUM5_FONT :]
	label address: 0x00c2c1

[	LD E , [ HL ]] Z80:8cyc, R800:4cyc
00c2c1: 5e

[	INC HL] Z80:7cyc, R800:1cyc
00c2c2: 23

[	LD D , [ HL ]] Z80:8cyc, R800:4cyc
00c2c3: 56

[	INC HL] Z80:7cyc, R800:1cyc
00c2c4: 23

[	LD [ IX + INFO_PLAY_ADR_L ] , L] Z80:8cyc, R800:4cyc
00c2c5: dd 75 00

[	LD [ IX + INFO_PLAY_ADR_H ] , H] Z80:8cyc, R800:4cyc
00c2c8: dd 74 01

[	LD HL , [ PLAY_BGM_DATA_ADR ]] Z80:17cyc, R800:7cyc
00c2cb: 2a 58 c6

[	ADD HL , DE] Z80:12cyc, R800:1cyc
00c2ce: 19

[	LD [ PLAY_DRUM_FONT5 ] , HL] Z80:17cyc, R800:7cyc
00c2cf: 22 65 c6

[	XOR A , A] Z80:5cyc, R800:1cyc
00c2d2: af

[	LD [ IX + INFO_VIB_WAIT ] , A] Z80:8cyc, R800:4cyc
00c2d3: dd 77 0a

[	LD [ IX + INFO_ENV_STATE ] , A] Z80:8cyc, R800:4cyc
00c2d6: dd 77 0b

[	LD [ IX + INFO_ENV_VOL ] , A] Z80:8cyc, R800:4cyc
00c2d9: dd 77 0c

[	LD [ IX + INFO_VIB_INDEX ] , A] Z80:8cyc, R800:4cyc
00c2dc: dd 77 0d

[	JP BGMDRIVER_CHECK_NEXT_DATA] Z80:11cyc, R800:5cyc
00c2df: c3 20 c1

[BGMDRIVER_JUMP :]
	label address: 0x00c2e2

[	LD E , [ HL ]] Z80:8cyc, R800:4cyc
00c2e2: 5e

[	INC HL] Z80:7cyc, R800:1cyc
00c2e3: 23

[	LD D , [ HL ]] Z80:8cyc, R800:4cyc
00c2e4: 56

[	LD HL , [ PLAY_BGM_DATA_ADR ]] Z80:17cyc, R800:7cyc
00c2e5: 2a 58 c6

[	ADD HL , DE] Z80:12cyc, R800:1cyc
00c2e8: 19

[	LD [ IX + INFO_PLAY_ADR_L ] , L] Z80:8cyc, R800:4cyc
00c2e9: dd 75 00

[	LD [ IX + INFO_PLAY_ADR_H ] , H] Z80:8cyc, R800:4cyc
00c2ec: dd 74 01

[	JP BGMDRIVER_CHECK_NEXT_DATA] Z80:11cyc, R800:5cyc
00c2ef: c3 20 c1

[BGMDRIVER_PLAY_END :]
	label address: 0x00c2f2

[	XOR A , A] Z80:5cyc, R800:1cyc
00c2f2: af

[	LD [ IX + INFO_PLAY_ADR_L ] , A] Z80:8cyc, R800:4cyc
00c2f3: dd 77 00

[	LD [ IX + INFO_PLAY_ADR_H ] , A] Z80:8cyc, R800:4cyc
00c2f6: dd 77 01

[	LD [ IX + INFO_TONE_VOL ] , A] Z80:8cyc, R800:4cyc
00c2f9: dd 77 09

[	LD [ IX + INFO_ENV_STATE ] , A] Z80:8cyc, R800:4cyc
00c2fc: dd 77 0b

[	LD [ IX + INFO_ENV_VOL ] , A] Z80:8cyc, R800:4cyc
00c2ff: dd 77 0c

[	JP BGMDRIVER_ENVELOPE_END] Z80:11cyc, R800:5cyc
00c302: c3 bc c3

[BGMDRIVER_UPDATE_VIBRATO :]
	label address: 0x00c305

[	LD A , [ IX + INFO_VIB_WAIT ]] Z80:21cyc, R800:7cyc
00c305: dd 7e 0a

[	OR A , A] Z80:5cyc, R800:1cyc
00c308: b7

[	JR Z , BGMDRIVER_VIBRATO_ACTIVE] Z80:13cyc(cond=true), 8cyc(cond=false), R800:3cyc(cond=true), 2cyc(cond=false)
00c309: 28 0d

[	DEC A] Z80:5cyc, R800:1cyc
00c30b: 3d

[	LD [ IX + INFO_VIB_WAIT ] , A] Z80:8cyc, R800:4cyc
00c30c: dd 77 0a

[	LD L , [ IX + INFO_TONE_FREQ_L ]] Z80:21cyc, R800:7cyc
00c30f: dd 6e 06

[	LD H , [ IX + INFO_TONE_FREQ_H ]] Z80:21cyc, R800:7cyc
00c312: dd 66 07

[	JP BGMDRIVER_UPDATE_FREQ] Z80:11cyc, R800:5cyc
00c315: c3 3a c3

[BGMDRIVER_VIBRATO_ACTIVE :]
	label address: 0x00c318

[	LD A , [ IX + INFO_VIB_INDEX ]] Z80:21cyc, R800:7cyc
00c318: dd 7e 0d

[	LD E , A] Z80:5cyc, R800:2cyc
00c31b: 5f

[	INC A] Z80:5cyc, R800:1cyc
00c31c: 3c

[	AND A , 31] Z80:8cyc, R800:2cyc
00c31d: e6 1f

[	LD [ IX + INFO_VIB_INDEX ] , A] Z80:8cyc, R800:4cyc
00c31f: dd 77 0d

[	LD D , 0] Z80:8cyc, R800:2cyc
00c322: 16 00

[	LD L , [ IX + INFO_SOUND_FONT_L ]] Z80:21cyc, R800:7cyc
00c324: dd 6e 0e

[	LD H , [ IX + INFO_SOUND_FONT_H ]] Z80:21cyc, R800:7cyc
00c327: dd 66 0f

[	ADD HL , DE] Z80:12cyc, R800:1cyc
00c32a: 19

[	LD A , [ HL ]] Z80:8cyc, R800:4cyc
00c32b: 7e

[	LD L , [ IX + INFO_TONE_FREQ_L ]] Z80:21cyc, R800:7cyc
00c32c: dd 6e 06

[	LD H , [ IX + INFO_TONE_FREQ_H ]] Z80:21cyc, R800:7cyc
00c32f: dd 66 07

[	OR A , A] Z80:5cyc, R800:1cyc
00c332: b7

[	JP P , BGMDRIVER_VIBRATO_ACTIVE_SKIP] Z80:11cyc, R800:5cyc(cond=true), 3cyc(cond=false)
00c333: f2 38 c3

[	LD D , 255] Z80:8cyc, R800:2cyc
00c336: 16 ff

[BGMDRIVER_VIBRATO_ACTIVE_SKIP :]
	label address: 0x00c338

[	LD E , A] Z80:5cyc, R800:2cyc
00c338: 5f

[	ADD HL , DE] Z80:12cyc, R800:1cyc
00c339: 19

[BGMDRIVER_UPDATE_FREQ :]
	label address: 0x00c33a

[	LD [ IX + INFO_EFF_FREQ_L ] , L] Z80:8cyc, R800:4cyc
00c33a: dd 75 04

[	LD [ IX + INFO_EFF_FREQ_H ] , H] Z80:8cyc, R800:4cyc
00c33d: dd 74 05

[	LD L , [ IX + INFO_SOUND_FONT_L ]] Z80:21cyc, R800:7cyc
00c340: dd 6e 0e

[	LD H , [ IX + INFO_SOUND_FONT_H ]] Z80:21cyc, R800:7cyc
00c343: dd 66 0f

[	LD D , 0] Z80:8cyc, R800:2cyc
00c346: 16 00

[	LD A , [ IX + INFO_ENV_STATE ]] Z80:21cyc, R800:7cyc
00c348: dd 7e 0b

[	SUB A , 1] Z80:8cyc, R800:2cyc
00c34b: d6 01

[	JR C , BGMDRIVER_ENVELOPE_AR] Z80:13cyc(cond=true), 8cyc(cond=false), R800:3cyc(cond=true), 2cyc(cond=false)
00c34d: 38 55

[	JR Z , BGMDRIVER_ENVELOPE_DR] Z80:13cyc(cond=true), 8cyc(cond=false), R800:3cyc(cond=true), 2cyc(cond=false)
00c34f: 28 39

[	SUB A , 2] Z80:8cyc, R800:2cyc
00c351: d6 02

[	JR C , BGMDRIVER_ENVELOPE_SR] Z80:13cyc(cond=true), 8cyc(cond=false), R800:3cyc(cond=true), 2cyc(cond=false)
00c353: 38 1d

[	JR Z , BGMDRIVER_ENVELOPE_RR] Z80:13cyc(cond=true), 8cyc(cond=false), R800:3cyc(cond=true), 2cyc(cond=false)
00c355: 28 03

[	JP BGMDRIVER_ENVELOPE_END] Z80:11cyc, R800:5cyc
00c357: c3 bc c3

[BGMDRIVER_ENVELOPE_RR :]
	label address: 0x00c35a

[	LD A , [ IX + INFO_ENV_VOL ]] Z80:21cyc, R800:7cyc
00c35a: dd 7e 0c

[	LD E , SFONT_RR] Z80:8cyc, R800:2cyc
00c35d: 1e 24

[	ADD HL , DE] Z80:12cyc, R800:1cyc
00c35f: 19

[	LD B , [ HL ]] Z80:8cyc, R800:4cyc
00c360: 46

[	SUB A , B] Z80:5cyc, R800:1cyc
00c361: 90

[	LD [ IX + INFO_ENV_VOL ] , A] Z80:8cyc, R800:4cyc
00c362: dd 77 0c

[	JR NC , BGMDRIVER_ENVELOPE_END] Z80:13cyc(cond=true), 8cyc(cond=false), R800:3cyc(cond=true), 2cyc(cond=false)
00c365: 30 55

[	LD [ IX + INFO_ENV_VOL ] , 0] Z80:21cyc, R800:7cyc
00c367: dd 36 0c 00

[	LD [ IX + INFO_ENV_STATE ] , 4] Z80:21cyc, R800:7cyc
00c36b: dd 36 0b 04

[	JP BGMDRIVER_ENVELOPE_END] Z80:11cyc, R800:5cyc
00c36f: c3 bc c3

[BGMDRIVER_ENVELOPE_SR :]
	label address: 0x00c372

[	LD A , [ IX + INFO_ENV_VOL ]] Z80:21cyc, R800:7cyc
00c372: dd 7e 0c

[	LD E , SFONT_SR] Z80:8cyc, R800:2cyc
00c375: 1e 23

[	ADD HL , DE] Z80:12cyc, R800:1cyc
00c377: 19

[	LD B , [ HL ]] Z80:8cyc, R800:4cyc
00c378: 46

[	SUB A , B] Z80:5cyc, R800:1cyc
00c379: 90

[	LD [ IX + INFO_ENV_VOL ] , A] Z80:8cyc, R800:4cyc
00c37a: dd 77 0c

[	JR NC , BGMDRIVER_ENVELOPE_END] Z80:13cyc(cond=true), 8cyc(cond=false), R800:3cyc(cond=true), 2cyc(cond=false)
00c37d: 30 3d

[	LD [ IX + INFO_ENV_VOL ] , 0] Z80:21cyc, R800:7cyc
00c37f: dd 36 0c 00

[	LD [ IX + INFO_ENV_STATE ] , 4] Z80:21cyc, R800:7cyc
00c383: dd 36 0b 04

[	JP BGMDRIVER_ENVELOPE_END] Z80:11cyc, R800:5cyc
00c387: c3 bc c3

[BGMDRIVER_ENVELOPE_DR :]
	label address: 0x00c38a

[	LD A , [ IX + INFO_ENV_VOL ]] Z80:21cyc, R800:7cyc
00c38a: dd 7e 0c

[	LD E , SFONT_DR] Z80:8cyc, R800:2cyc
00c38d: 1e 21

[	ADD HL , DE] Z80:12cyc, R800:1cyc
00c38f: 19

[	LD B , [ HL ]] Z80:8cyc, R800:4cyc
00c390: 46

[	INC HL] Z80:7cyc, R800:1cyc
00c391: 23

[	LD C , [ HL ]] Z80:8cyc, R800:4cyc
00c392: 4e

[	SUB A , B] Z80:5cyc, R800:1cyc
00c393: 90

[	LD [ IX + INFO_ENV_VOL ] , A] Z80:8cyc, R800:4cyc
00c394: dd 77 0c

[	CP A , C] Z80:5cyc, R800:1cyc
00c397: b9

[	JR NC , BGMDRIVER_ENVELOPE_END] Z80:13cyc(cond=true), 8cyc(cond=false), R800:3cyc(cond=true), 2cyc(cond=false)
00c398: 30 22

[	LD [ IX + INFO_ENV_VOL ] , C] Z80:8cyc, R800:4cyc
00c39a: dd 71 0c

[	LD [ IX + INFO_ENV_STATE ] , 2] Z80:21cyc, R800:7cyc
00c39d: dd 36 0b 02

[	JP BGMDRIVER_ENVELOPE_END] Z80:11cyc, R800:5cyc
00c3a1: c3 bc c3

[BGMDRIVER_ENVELOPE_AR :]
	label address: 0x00c3a4

[	LD A , [ IX + INFO_ENV_VOL ]] Z80:21cyc, R800:7cyc
00c3a4: dd 7e 0c

[	LD E , SFONT_AR] Z80:8cyc, R800:2cyc
00c3a7: 1e 20

[	ADD HL , DE] Z80:12cyc, R800:1cyc
00c3a9: 19

[	LD B , [ HL ]] Z80:8cyc, R800:4cyc
00c3aa: 46

[	ADD A , B] Z80:5cyc, R800:1cyc
00c3ab: 80

[	LD [ IX + INFO_ENV_VOL ] , A] Z80:8cyc, R800:4cyc
00c3ac: dd 77 0c

[	JR NC , BGMDRIVER_ENVELOPE_END] Z80:13cyc(cond=true), 8cyc(cond=false), R800:3cyc(cond=true), 2cyc(cond=false)
00c3af: 30 0b

[	LD [ IX + INFO_ENV_VOL ] , 255] Z80:21cyc, R800:7cyc
00c3b1: dd 36 0c ff

[	LD [ IX + INFO_ENV_STATE ] , 1] Z80:21cyc, R800:7cyc
00c3b5: dd 36 0b 01

[	JP BGMDRIVER_ENVELOPE_END] Z80:11cyc, R800:5cyc
00c3b9: c3 bc c3

[BGMDRIVER_ENVELOPE_END :]
	label address: 0x00c3bc

[	LD A , [ IX + INFO_TONE_VOL ]] Z80:21cyc, R800:7cyc
00c3bc: dd 7e 09

[	XOR A , 15] Z80:8cyc, R800:2cyc
00c3bf: ee 0f

[	LD B , A] Z80:5cyc, R800:2cyc
00c3c1: 47

[	LD A , [ IX + INFO_ENV_VOL ]] Z80:21cyc, R800:7cyc
00c3c2: dd 7e 0c

[	SRL A] Z80:10cyc, R800:2cyc
00c3c5: cb 3f

[	SRL A] Z80:10cyc, R800:2cyc
00c3c7: cb 3f

[	SRL A] Z80:10cyc, R800:2cyc
00c3c9: cb 3f

[	SRL A] Z80:10cyc, R800:2cyc
00c3cb: cb 3f

[	SUB A , B] Z80:5cyc, R800:1cyc
00c3cd: 90

[	JR NC , BGMDRIVER_CALC_EFF_VOL] Z80:13cyc(cond=true), 8cyc(cond=false), R800:3cyc(cond=true), 2cyc(cond=false)
00c3ce: 30 01

[	XOR A , A] Z80:5cyc, R800:1cyc
00c3d0: af

[BGMDRIVER_CALC_EFF_VOL :]
	label address: 0x00c3d1

[	LD [ IX + INFO_EFF_VOL ] , A] Z80:8cyc, R800:4cyc
00c3d1: dd 77 08

[	RET] Z80:11cyc, R800:5cyc
00c3d4: c9

[BGMDRIVER_GET_WAIT_TIME :]
	label address: 0x00c3d5

[	LD DE , 0] Z80:11cyc, R800:3cyc
00c3d5: 11 00 00

[BGMDRIVER_GET_WAIT_TIME_LOOP :]
	label address: 0x00c3d8

[	LD A , [ HL ]] Z80:8cyc, R800:4cyc
00c3d8: 7e

[	INC HL] Z80:7cyc, R800:1cyc
00c3d9: 23

[	INC A] Z80:5cyc, R800:1cyc
00c3da: 3c

[	JR NZ , BGMDRIVER_GET_WAIT_TIME_EXIT] Z80:13cyc(cond=true), 8cyc(cond=false), R800:3cyc(cond=true), 2cyc(cond=false)
00c3db: 20 07

[	DEC A] Z80:5cyc, R800:1cyc
00c3dd: 3d

[	ADD A , E] Z80:5cyc, R800:1cyc
00c3de: 83

[	JR NC , BGMDRIVER_GET_WAIT_TIME_LOOP] Z80:13cyc(cond=true), 8cyc(cond=false), R800:3cyc(cond=true), 2cyc(cond=false)
00c3df: 30 f7

[	INC D] Z80:5cyc, R800:1cyc
00c3e1: 14

[	JR BGMDRIVER_GET_WAIT_TIME_LOOP] Z80:13cyc, R800:3cyc
00c3e2: 18 f4

[BGMDRIVER_GET_WAIT_TIME_EXIT :]
	label address: 0x00c3e4

[	DEC A] Z80:5cyc, R800:1cyc
00c3e4: 3d

[	ADD A , E] Z80:5cyc, R800:1cyc
00c3e5: 83

[	LD E , A] Z80:5cyc, R800:2cyc
00c3e6: 5f

[	JR NC , BGMDRIVER_GET_WAIT_TIME_SKIP] Z80:13cyc(cond=true), 8cyc(cond=false), R800:3cyc(cond=true), 2cyc(cond=false)
00c3e7: 30 01

[	INC D] Z80:5cyc, R800:1cyc
00c3e9: 14

[BGMDRIVER_GET_WAIT_TIME_SKIP :]
	label address: 0x00c3ea

[	RET] Z80:11cyc, R800:5cyc
00c3ea: c9

[BGMDRIVER_FADEOUT_PROC :]
	label address: 0x00c3eb

[	LD A , [ PLAY_MASTER_VOLUME_SPEED ]] Z80:14cyc, R800:6cyc
00c3eb: 3a 5b c6

[	OR A , A] Z80:5cyc, R800:1cyc
00c3ee: b7

[	RET Z] Z80:12cyc(branch), 6cyc(through), R800:5cyc(branch), 1cyc(through)
00c3ef: c8

[	LD A , [ PLAY_MASTER_VOLUME_WAIT ]] Z80:14cyc, R800:6cyc
00c3f0: 3a 5a c6

[	OR A , A] Z80:5cyc, R800:1cyc
00c3f3: b7

[	JR Z , BGMDRIVER_FADEOUT_SKIP1] Z80:13cyc(cond=true), 8cyc(cond=false), R800:3cyc(cond=true), 2cyc(cond=false)
00c3f4: 28 05

[	DEC A] Z80:5cyc, R800:1cyc
00c3f6: 3d

[	LD [ PLAY_MASTER_VOLUME_WAIT ] , A] Z80:14cyc, R800:6cyc
00c3f7: 32 5a c6

[	RET] Z80:11cyc, R800:5cyc
00c3fa: c9

[BGMDRIVER_FADEOUT_SKIP1 :]
	label address: 0x00c3fb

[	LD A , [ PLAY_MASTER_VOLUME_SPEED ]] Z80:14cyc, R800:6cyc
00c3fb: 3a 5b c6

[	LD [ PLAY_MASTER_VOLUME_WAIT ] , A] Z80:14cyc, R800:6cyc
00c3fe: 32 5a c6

[	LD A , [ PLAY_MASTER_VOLUME ]] Z80:14cyc, R800:6cyc
00c401: 3a 5c c6

[	INC A] Z80:5cyc, R800:1cyc
00c404: 3c

[	LD [ PLAY_MASTER_VOLUME ] , A] Z80:14cyc, R800:6cyc
00c405: 32 5c c6

[	CP A , 15] Z80:8cyc, R800:2cyc
00c408: fe 0f

[	RET NZ] Z80:12cyc(branch), 6cyc(through), R800:5cyc(branch), 1cyc(through)
00c40a: c0

[	XOR A , A] Z80:5cyc, R800:1cyc
00c40b: af

[	LD [ PLAY_MASTER_VOLUME_SPEED ] , A] Z80:14cyc, R800:6cyc
00c40c: 32 5b c6

[	LD [ PLAY_MASTER_VOLUME ] , A] Z80:14cyc, R800:6cyc
00c40f: 32 5c c6

[	LD HL , PLAY_INFO_CH0] Z80:11cyc, R800:3cyc
00c412: 21 67 c6

[	CALL BGMDRIVER_INIT_PLAY_INFO] Z80:18cyc, R800:5cyc
00c415: cd db c0

[	LD HL , PLAY_INFO_CH1] Z80:11cyc, R800:3cyc
00c418: 21 7a c6

[	CALL BGMDRIVER_INIT_PLAY_INFO] Z80:18cyc, R800:5cyc
00c41b: cd db c0

[	LD HL , PLAY_INFO_CH2] Z80:11cyc, R800:3cyc
00c41e: 21 8d c6

[	CALL BGMDRIVER_INIT_PLAY_INFO] Z80:18cyc, R800:5cyc
00c421: cd db c0

[	RET] Z80:11cyc, R800:5cyc
00c424: c9

[BGMDRIVER_SOUND_EFFECT :]
	label address: 0x00c425

[	LD A , [ PLAY_SOUND_EFFECT_ACTIVE ]] Z80:14cyc, R800:6cyc
00c425: 3a 4e c6

[	OR A , A] Z80:5cyc, R800:1cyc
00c428: b7

[	RET Z] Z80:12cyc(branch), 6cyc(through), R800:5cyc(branch), 1cyc(through)
00c429: c8

[	LD A , [ PLAY_SOUND_EFFECT_WAIT_COUNT ]] Z80:14cyc, R800:6cyc
00c42a: 3a 4f c6

[	OR A , A] Z80:5cyc, R800:1cyc
00c42d: b7

[	JR Z , BGMDRIVER_SOUND_EFFECT_PROC] Z80:13cyc(cond=true), 8cyc(cond=false), R800:3cyc(cond=true), 2cyc(cond=false)
00c42e: 28 05

[	DEC A] Z80:5cyc, R800:1cyc
00c430: 3d

[	LD [ PLAY_SOUND_EFFECT_WAIT_COUNT ] , A] Z80:14cyc, R800:6cyc
00c431: 32 4f c6

[	RET] Z80:11cyc, R800:5cyc
00c434: c9

[BGMDRIVER_SOUND_EFFECT_PROC :]
	label address: 0x00c435

[	LD HL , [ PLAY_SOUND_EFFECT_ADR ]] Z80:17cyc, R800:7cyc
00c435: 2a 54 c6

[BGMDRIVER_SOUND_EFFECT_LOOP :]
	label address: 0x00c438

[	LD A , [ HL ]] Z80:8cyc, R800:4cyc
00c438: 7e

[	INC HL] Z80:7cyc, R800:1cyc
00c439: 23

[	LD [ PLAY_SOUND_EFFECT_ADR ] , HL] Z80:17cyc, R800:7cyc
00c43a: 22 54 c6

[	CP A , BGM_SE_VOL] Z80:8cyc, R800:2cyc
00c43d: fe 01

[	JP C , BGMDRIVER_SOUND_EFFECT_FREQ_PROC] Z80:11cyc, R800:5cyc(cond=true), 3cyc(cond=false)
00c43f: da 50 c4

[	JP Z , BGMDRIVER_SOUND_EFFECT_VOLUME_PROC] Z80:11cyc, R800:5cyc(cond=true), 3cyc(cond=false)
00c442: ca 5e c4

[	CP A , BGM_SE_WAIT] Z80:8cyc, R800:2cyc
00c445: fe 03

[	JP C , BGMDRIVER_SOUND_EFFECT_NOISE_FREQ_PROC] Z80:11cyc, R800:5cyc(cond=true), 3cyc(cond=false)
00c447: da 66 c4

[	JP Z , BGMDRIVER_SOUND_EFFECT_WAIT_PROC] Z80:11cyc, R800:5cyc(cond=true), 3cyc(cond=false)
00c44a: ca 6e c4

[	JP BGMDRIVER_SOUND_EFFECT_END_PROC] Z80:11cyc, R800:5cyc
00c44d: c3 77 c4

[BGMDRIVER_SOUND_EFFECT_FREQ_PROC :]
	label address: 0x00c450

[	LD E , [ HL ]] Z80:8cyc, R800:4cyc
00c450: 5e

[	INC HL] Z80:7cyc, R800:1cyc
00c451: 23

[	LD D , [ HL ]] Z80:8cyc, R800:4cyc
00c452: 56

[	INC HL] Z80:7cyc, R800:1cyc
00c453: 23

[	LD [ PLAY_SOUND_EFFECT_ADR ] , HL] Z80:17cyc, R800:7cyc
00c454: 22 54 c6

[	LD [ PLAY_SOUND_EFFECT_FREQ ] , DE] Z80:22cyc, R800:8cyc
00c457: ed 53 50 c6

[	JP BGMDRIVER_SOUND_EFFECT_LOOP] Z80:11cyc, R800:5cyc
00c45b: c3 38 c4

[BGMDRIVER_SOUND_EFFECT_VOLUME_PROC :]
	label address: 0x00c45e

[	LD A , [ HL ]] Z80:8cyc, R800:4cyc
00c45e: 7e

[	INC HL] Z80:7cyc, R800:1cyc
00c45f: 23

[	LD [ PLAY_SOUND_EFFECT_VOLUME ] , A] Z80:14cyc, R800:6cyc
00c460: 32 53 c6

[	JP BGMDRIVER_SOUND_EFFECT_LOOP] Z80:11cyc, R800:5cyc
00c463: c3 38 c4

[BGMDRIVER_SOUND_EFFECT_NOISE_FREQ_PROC :]
	label address: 0x00c466

[	LD A , [ HL ]] Z80:8cyc, R800:4cyc
00c466: 7e

[	INC HL] Z80:7cyc, R800:1cyc
00c467: 23

[	LD [ PLAY_SOUND_EFFECT_NOISE_FREQ ] , A] Z80:14cyc, R800:6cyc
00c468: 32 52 c6

[	JP BGMDRIVER_SOUND_EFFECT_LOOP] Z80:11cyc, R800:5cyc
00c46b: c3 38 c4

[BGMDRIVER_SOUND_EFFECT_WAIT_PROC :]
	label address: 0x00c46e

[	LD A , [ HL ]] Z80:8cyc, R800:4cyc
00c46e: 7e

[	INC HL] Z80:7cyc, R800:1cyc
00c46f: 23

[	LD [ PLAY_SOUND_EFFECT_ADR ] , HL] Z80:17cyc, R800:7cyc
00c470: 22 54 c6

[	LD [ PLAY_SOUND_EFFECT_WAIT_COUNT ] , A] Z80:14cyc, R800:6cyc
00c473: 32 4f c6

[	RET] Z80:11cyc, R800:5cyc
00c476: c9

[BGMDRIVER_SOUND_EFFECT_END_PROC :]
	label address: 0x00c477

[	XOR A , A] Z80:5cyc, R800:1cyc
00c477: af

[	LD [ PLAY_SOUND_EFFECT_ACTIVE ] , A] Z80:14cyc, R800:6cyc
00c478: 32 4e c6

[	DEC A] Z80:5cyc, R800:1cyc
00c47b: 3d

[	LD [ PLAY_SOUND_EFFECT_PRIORITY ] , A] Z80:14cyc, R800:6cyc
00c47c: 32 56 c6

[	RET] Z80:11cyc, R800:5cyc
00c47f: c9

[BGMDRIVER_MIXER :]
	label address: 0x00c480

[	LD B , 0] Z80:8cyc, R800:2cyc
00c480: 06 00

[	LD E , 0] Z80:8cyc, R800:2cyc
00c482: 1e 00

[	LD C , PSG_REG_ADR] Z80:8cyc, R800:2cyc
00c484: 0e a0

[	LD D , 0] Z80:8cyc, R800:2cyc
00c486: 16 00

[	LD IX , PLAY_INFO_CH0] Z80:16cyc, R800:4cyc
00c488: dd 21 67 c6

[	LD A , [ IX + INFO_EFF_FREQ_L ]] Z80:21cyc, R800:7cyc
00c48c: dd 7e 04

[	OUT [ C ] , D] Z80:14cyc, R800:10 or 9cyc
00c48f: ed 51

[	INC D] Z80:5cyc, R800:1cyc
00c491: 14

[	OUT [ PSG_REG_WRT ] , A] Z80:12cyc, R800:10 or 9cyc
00c492: d3 a1

[	LD A , [ IX + INFO_EFF_FREQ_H ]] Z80:21cyc, R800:7cyc
00c494: dd 7e 05

[	OUT [ C ] , D] Z80:14cyc, R800:10 or 9cyc
00c497: ed 51

[	INC D] Z80:5cyc, R800:1cyc
00c499: 14

[	OUT [ PSG_REG_WRT ] , A] Z80:12cyc, R800:10 or 9cyc
00c49a: d3 a1

[	AND A , 0X80] Z80:8cyc, R800:2cyc
00c49c: e6 80

[	JR NZ , BGMDRIVER_MIXER_SKIP1_CH0] Z80:13cyc(cond=true), 8cyc(cond=false), R800:3cyc(cond=true), 2cyc(cond=false)
00c49e: 20 01

[	INC B] Z80:5cyc, R800:1cyc
00c4a0: 04

[BGMDRIVER_MIXER_SKIP1_CH0 :]
	label address: 0x00c4a1

[	LD A , [ IX + INFO_NOISE_FREQ ]] Z80:21cyc, R800:7cyc
00c4a1: dd 7e 10

[	BIT 7 , A] Z80:10cyc, R800:2cyc
00c4a4: cb 7f

[	JR Z , BGMDRIVER_MIXER_SKIP2_CH0] Z80:13cyc(cond=true), 8cyc(cond=false), R800:3cyc(cond=true), 2cyc(cond=false)
00c4a6: 28 07

[	AND A , 31] Z80:8cyc, R800:2cyc
00c4a8: e6 1f

[	LD [ PLAY_NOISE_FREQ ] , A] Z80:14cyc, R800:6cyc
00c4aa: 32 57 c6

[	LD E , 8] Z80:8cyc, R800:2cyc
00c4ad: 1e 08

[BGMDRIVER_MIXER_SKIP2_CH0 :]
	label address: 0x00c4af

[	LD IX , PLAY_INFO_CH1] Z80:16cyc, R800:4cyc
00c4af: dd 21 7a c6

[	LD A , [ IX + INFO_EFF_FREQ_L ]] Z80:21cyc, R800:7cyc
00c4b3: dd 7e 04

[	OUT [ C ] , D] Z80:14cyc, R800:10 or 9cyc
00c4b6: ed 51

[	INC D] Z80:5cyc, R800:1cyc
00c4b8: 14

[	OUT [ PSG_REG_WRT ] , A] Z80:12cyc, R800:10 or 9cyc
00c4b9: d3 a1

[	LD A , [ IX + INFO_EFF_FREQ_H ]] Z80:21cyc, R800:7cyc
00c4bb: dd 7e 05

[	OUT [ C ] , D] Z80:14cyc, R800:10 or 9cyc
00c4be: ed 51

[	INC D] Z80:5cyc, R800:1cyc
00c4c0: 14

[	OUT [ PSG_REG_WRT ] , A] Z80:12cyc, R800:10 or 9cyc
00c4c1: d3 a1

[	AND A , 0X80] Z80:8cyc, R800:2cyc
00c4c3: e6 80

[	JR NZ , BGMDRIVER_MIXER_SKIP1_CH1] Z80:13cyc(cond=true), 8cyc(cond=false), R800:3cyc(cond=true), 2cyc(cond=false)
00c4c5: 20 02

[	INC B] Z80:5cyc, R800:1cyc
00c4c7: 04

[	INC B] Z80:5cyc, R800:1cyc
00c4c8: 04

[BGMDRIVER_MIXER_SKIP1_CH1 :]
	label address: 0x00c4c9

[	LD A , [ IX + INFO_NOISE_FREQ ]] Z80:21cyc, R800:7cyc
00c4c9: dd 7e 10

[	BIT 7 , A] Z80:10cyc, R800:2cyc
00c4cc: cb 7f

[	JR Z , BGMDRIVER_MIXER_SKIP2_CH1] Z80:13cyc(cond=true), 8cyc(cond=false), R800:3cyc(cond=true), 2cyc(cond=false)
00c4ce: 28 09

[	AND A , 31] Z80:8cyc, R800:2cyc
00c4d0: e6 1f

[	LD [ PLAY_NOISE_FREQ ] , A] Z80:14cyc, R800:6cyc
00c4d2: 32 57 c6

[	LD A , 16] Z80:8cyc, R800:2cyc
00c4d5: 3e 10

[	ADD A , E] Z80:5cyc, R800:1cyc
00c4d7: 83

[	LD E , A] Z80:5cyc, R800:2cyc
00c4d8: 5f

[BGMDRIVER_MIXER_SKIP2_CH1 :]
	label address: 0x00c4d9

[	LD A , [ PLAY_SOUND_EFFECT_ACTIVE ]] Z80:14cyc, R800:6cyc
00c4d9: 3a 4e c6

[	OR A , A] Z80:5cyc, R800:1cyc
00c4dc: b7

[	JR Z , BGMDRIVER_MIXER_TONE_CH2] Z80:13cyc(cond=true), 8cyc(cond=false), R800:3cyc(cond=true), 2cyc(cond=false)
00c4dd: 28 2d

[	LD HL , [ PLAY_SOUND_EFFECT_FREQ ]] Z80:17cyc, R800:7cyc
00c4df: 2a 50 c6

[	LD A , L] Z80:5cyc, R800:2cyc
00c4e2: 7d

[	OUT [ C ] , D] Z80:14cyc, R800:10 or 9cyc
00c4e3: ed 51

[	INC D] Z80:5cyc, R800:1cyc
00c4e5: 14

[	OUT [ PSG_REG_WRT ] , A] Z80:12cyc, R800:10 or 9cyc
00c4e6: d3 a1

[	LD A , H] Z80:5cyc, R800:2cyc
00c4e8: 7c

[	OUT [ C ] , D] Z80:14cyc, R800:10 or 9cyc
00c4e9: ed 51

[	INC D] Z80:5cyc, R800:1cyc
00c4eb: 14

[	OUT [ PSG_REG_WRT ] , A] Z80:12cyc, R800:10 or 9cyc
00c4ec: d3 a1

[	AND A , 0X80] Z80:8cyc, R800:2cyc
00c4ee: e6 80

[	JR NZ , BGMDRIVER_MIXER_SKIP0_CH2] Z80:13cyc(cond=true), 8cyc(cond=false), R800:3cyc(cond=true), 2cyc(cond=false)
00c4f0: 20 04

[	INC B] Z80:5cyc, R800:1cyc
00c4f2: 04

[	INC B] Z80:5cyc, R800:1cyc
00c4f3: 04

[	INC B] Z80:5cyc, R800:1cyc
00c4f4: 04

[	INC B] Z80:5cyc, R800:1cyc
00c4f5: 04

[BGMDRIVER_MIXER_SKIP0_CH2 :]
	label address: 0x00c4f6

[	LD A , [ PLAY_SOUND_EFFECT_NOISE_FREQ ]] Z80:14cyc, R800:6cyc
00c4f6: 3a 52 c6

[	BIT 7 , A] Z80:10cyc, R800:2cyc
00c4f9: cb 7f

[	JP Z , BGMDRIVER_MIXER_NOISE_FREQ] Z80:11cyc, R800:5cyc(cond=true), 3cyc(cond=false)
00c4fb: ca 38 c5

[	AND A , 0X3F] Z80:8cyc, R800:2cyc
00c4fe: e6 3f

[	OUT [ C ] , D] Z80:14cyc, R800:10 or 9cyc
00c500: ed 51

[	INC D] Z80:5cyc, R800:1cyc
00c502: 14

[	OUT [ PSG_REG_WRT ] , A] Z80:12cyc, R800:10 or 9cyc
00c503: d3 a1

[	LD A , 32] Z80:8cyc, R800:2cyc
00c505: 3e 20

[	ADD A , E] Z80:5cyc, R800:1cyc
00c507: 83

[	LD E , A] Z80:5cyc, R800:2cyc
00c508: 5f

[	JP BGMDRIVER_MIXER_MIX] Z80:11cyc, R800:5cyc
00c509: c3 40 c5

[BGMDRIVER_MIXER_TONE_CH2 :]
	label address: 0x00c50c

[	LD IX , PLAY_INFO_CH2] Z80:16cyc, R800:4cyc
00c50c: dd 21 8d c6

[	LD A , [ IX + INFO_EFF_FREQ_L ]] Z80:21cyc, R800:7cyc
00c510: dd 7e 04

[	OUT [ C ] , D] Z80:14cyc, R800:10 or 9cyc
00c513: ed 51

[	INC D] Z80:5cyc, R800:1cyc
00c515: 14

[	OUT [ PSG_REG_WRT ] , A] Z80:12cyc, R800:10 or 9cyc
00c516: d3 a1

[	LD A , [ IX + INFO_EFF_FREQ_H ]] Z80:21cyc, R800:7cyc
00c518: dd 7e 05

[	OUT [ C ] , D] Z80:14cyc, R800:10 or 9cyc
00c51b: ed 51

[	INC D] Z80:5cyc, R800:1cyc
00c51d: 14

[	OUT [ PSG_REG_WRT ] , A] Z80:12cyc, R800:10 or 9cyc
00c51e: d3 a1

[	AND A , 0X80] Z80:8cyc, R800:2cyc
00c520: e6 80

[	JR NZ , BGMDRIVER_MIXER_SKIP1_CH2] Z80:13cyc(cond=true), 8cyc(cond=false), R800:3cyc(cond=true), 2cyc(cond=false)
00c522: 20 04

[	INC B] Z80:5cyc, R800:1cyc
00c524: 04

[	INC B] Z80:5cyc, R800:1cyc
00c525: 04

[	INC B] Z80:5cyc, R800:1cyc
00c526: 04

[	INC B] Z80:5cyc, R800:1cyc
00c527: 04

[BGMDRIVER_MIXER_SKIP1_CH2 :]
	label address: 0x00c528

[	LD A , [ IX + INFO_NOISE_FREQ ]] Z80:21cyc, R800:7cyc
00c528: dd 7e 10

[	BIT 7 , A] Z80:10cyc, R800:2cyc
00c52b: cb 7f

[	JR Z , BGMDRIVER_MIXER_SKIP2_CH2] Z80:13cyc(cond=true), 8cyc(cond=false), R800:3cyc(cond=true), 2cyc(cond=false)
00c52d: 28 09

[	AND A , 31] Z80:8cyc, R800:2cyc
00c52f: e6 1f

[	LD [ PLAY_NOISE_FREQ ] , A] Z80:14cyc, R800:6cyc
00c531: 32 57 c6

[	LD A , 32] Z80:8cyc, R800:2cyc
00c534: 3e 20

[	ADD A , E] Z80:5cyc, R800:1cyc
00c536: 83

[	LD E , A] Z80:5cyc, R800:2cyc
00c537: 5f

[BGMDRIVER_MIXER_SKIP2_CH2 :]
	label address: 0x00c538

[BGMDRIVER_MIXER_NOISE_FREQ :]
	label address: 0x00c538

[	OUT [ C ] , D] Z80:14cyc, R800:10 or 9cyc
00c538: ed 51

[	INC D] Z80:5cyc, R800:1cyc
00c53a: 14

[	LD A , [ PLAY_NOISE_FREQ ]] Z80:14cyc, R800:6cyc
00c53b: 3a 57 c6

[	OUT [ PSG_REG_WRT ] , A] Z80:12cyc, R800:10 or 9cyc
00c53e: d3 a1

[BGMDRIVER_MIXER_MIX :]
	label address: 0x00c540

[	LD HL , PLAY_MASTER_VOLUME] Z80:11cyc, R800:3cyc
00c540: 21 5c c6

[	OUT [ C ] , D] Z80:14cyc, R800:10 or 9cyc
00c543: ed 51

[	INC D] Z80:5cyc, R800:1cyc
00c545: 14

[	LD A , E] Z80:5cyc, R800:2cyc
00c546: 7b

[	OR A , B] Z80:5cyc, R800:1cyc
00c547: b0

[	OR A , 0X80] Z80:8cyc, R800:2cyc
00c548: f6 80

[	XOR A , 0X3F] Z80:8cyc, R800:2cyc
00c54a: ee 3f

[	OUT [ PSG_REG_WRT ] , A] Z80:12cyc, R800:10 or 9cyc
00c54c: d3 a1

[	LD IX , PLAY_INFO_CH0] Z80:16cyc, R800:4cyc
00c54e: dd 21 67 c6

[	LD A , [ IX + INFO_EFF_VOL ]] Z80:21cyc, R800:7cyc
00c552: dd 7e 08

[	SUB A , [ HL ]] Z80:8cyc, R800:4cyc
00c555: 96

[	JP NC , BGMDRIVER_MIXER_MIX_SKIP1] Z80:11cyc, R800:5cyc(cond=true), 3cyc(cond=false)
00c556: d2 5a c5

[	XOR A , A] Z80:5cyc, R800:1cyc
00c559: af

[BGMDRIVER_MIXER_MIX_SKIP1 :]
	label address: 0x00c55a

[	OUT [ C ] , D] Z80:14cyc, R800:10 or 9cyc
00c55a: ed 51

[	INC D] Z80:5cyc, R800:1cyc
00c55c: 14

[	OUT [ PSG_REG_WRT ] , A] Z80:12cyc, R800:10 or 9cyc
00c55d: d3 a1

[	LD IX , PLAY_INFO_CH1] Z80:16cyc, R800:4cyc
00c55f: dd 21 7a c6

[	LD A , [ IX + INFO_EFF_VOL ]] Z80:21cyc, R800:7cyc
00c563: dd 7e 08

[	SUB A , [ HL ]] Z80:8cyc, R800:4cyc
00c566: 96

[	JP NC , BGMDRIVER_MIXER_MIX_SKIP2] Z80:11cyc, R800:5cyc(cond=true), 3cyc(cond=false)
00c567: d2 6b c5

[	XOR A , A] Z80:5cyc, R800:1cyc
00c56a: af

[BGMDRIVER_MIXER_MIX_SKIP2 :]
	label address: 0x00c56b

[	OUT [ C ] , D] Z80:14cyc, R800:10 or 9cyc
00c56b: ed 51

[	INC D] Z80:5cyc, R800:1cyc
00c56d: 14

[	OUT [ PSG_REG_WRT ] , A] Z80:12cyc, R800:10 or 9cyc
00c56e: d3 a1

[	LD A , [ PLAY_SOUND_EFFECT_ACTIVE ]] Z80:14cyc, R800:6cyc
00c570: 3a 4e c6

[	OR A , A] Z80:5cyc, R800:1cyc
00c573: b7

[	JR Z , BGMDRIVER_MIXER_VOLUME_CH2] Z80:13cyc(cond=true), 8cyc(cond=false), R800:3cyc(cond=true), 2cyc(cond=false)
00c574: 28 06

[	LD A , [ PLAY_SOUND_EFFECT_VOLUME ]] Z80:14cyc, R800:6cyc
00c576: 3a 53 c6

[	JP BGMDRIVER_MIXER_VOLUME_CH2_SKIP1] Z80:11cyc, R800:5cyc
00c579: c3 88 c5

[BGMDRIVER_MIXER_VOLUME_CH2 :]
	label address: 0x00c57c

[	LD IX , PLAY_INFO_CH2] Z80:16cyc, R800:4cyc
00c57c: dd 21 8d c6

[	LD A , [ IX + INFO_EFF_VOL ]] Z80:21cyc, R800:7cyc
00c580: dd 7e 08

[	SUB A , [ HL ]] Z80:8cyc, R800:4cyc
00c583: 96

[	JP NC , BGMDRIVER_MIXER_MIX_SKIP3] Z80:11cyc, R800:5cyc(cond=true), 3cyc(cond=false)
00c584: d2 88 c5

[	XOR A , A] Z80:5cyc, R800:1cyc
00c587: af

[BGMDRIVER_MIXER_MIX_SKIP3 :]
	label address: 0x00c588

[BGMDRIVER_MIXER_VOLUME_CH2_SKIP1 :]
	label address: 0x00c588

[	OUT [ C ] , D] Z80:14cyc, R800:10 or 9cyc
00c588: ed 51

[	INC D] Z80:5cyc, R800:1cyc
00c58a: 14

[	OUT [ PSG_REG_WRT ] , A] Z80:12cyc, R800:10 or 9cyc
00c58b: d3 a1

[	RET] Z80:11cyc, R800:5cyc
00c58d: c9

[FREQ_DATA :]
	label address: 0x00c58e

[	DW 3420 , 3228 , 3047 , 2876 , 2714 , 2562 , 2418 , 2282 , 2154 , 2033 , 1919 , 1811]
00c58e: 5c 0d 9c 0c e7 0b 3c 0b
00c596: 9a 0a 02 0a 72 09 ea 08
00c59e: 6a 08 f1 07 7f 07 13 07

[	DW 1710 , 1614 , 1523 , 1438 , 1357 , 1281 , 1209 , 1141 , 1077 , 1016 , 959 , 905]
00c5a6: ae 06 4e 06 f3 05 9e 05
00c5ae: 4d 05 01 05 b9 04 75 04
00c5b6: 35 04 f8 03 bf 03 89 03

[	DW 855 , 807 , 761 , 719 , 678 , 640 , 604 , 570 , 538 , 508 , 479 , 452]
00c5be: 57 03 27 03 f9 02 cf 02
00c5c6: a6 02 80 02 5c 02 3a 02
00c5ce: 1a 02 fc 01 df 01 c4 01

[	DW 427 , 403 , 380 , 359 , 339 , 320 , 302 , 285 , 269 , 254 , 239 , 226]
00c5d6: ab 01 93 01 7c 01 67 01
00c5de: 53 01 40 01 2e 01 1d 01
00c5e6: 0d 01 fe 00 ef 00 e2 00

[	DW 213 , 201 , 190 , 179 , 169 , 160 , 151 , 142 , 134 , 127 , 119 , 113]
00c5ee: d5 00 c9 00 be 00 b3 00
00c5f6: a9 00 a0 00 97 00 8e 00
00c5fe: 86 00 7f 00 77 00 71 00

[	DW 106 , 100 , 95 , 89 , 84 , 80 , 75 , 71 , 67 , 63 , 59 , 56]
00c606: 6a 00 64 00 5f 00 59 00
00c60e: 54 00 50 00 4b 00 47 00
00c616: 43 00 3f 00 3b 00 38 00

[	DW 53 , 50 , 47 , 44 , 42 , 40 , 37 , 35 , 33 , 31 , 29 , 28]
00c61e: 35 00 32 00 2f 00 2c 00
00c626: 2a 00 28 00 25 00 23 00
00c62e: 21 00 1f 00 1d 00 1c 00

[	DW 26 , 25 , 23 , 22 , 21 , 20 , 18 , 17 , 16 , 15 , 14 , 14]
00c636: 1a 00 19 00 17 00 16 00
00c63e: 15 00 14 00 12 00 11 00
00c646: 10 00 0f 00 0e 00 0e 00

[PLAY_SOUND_EFFECT_ACTIVE :]
	label address: 0x00c64e

[	DB 0]
00c64e: 00

[PLAY_SOUND_EFFECT_WAIT_COUNT :]
	label address: 0x00c64f

[	DB 0]
00c64f: 00

[PLAY_SOUND_EFFECT_FREQ :]
	label address: 0x00c650

[	DW 0]
00c650: 00 00

[PLAY_SOUND_EFFECT_NOISE_FREQ :]
	label address: 0x00c652

[	DB 0]
00c652: 00

[PLAY_SOUND_EFFECT_VOLUME :]
	label address: 0x00c653

[	DB 0]
00c653: 00

[PLAY_SOUND_EFFECT_ADR :]
	label address: 0x00c654

[	DW 0]
00c654: 00 00

[PLAY_SOUND_EFFECT_PRIORITY :]
	label address: 0x00c656

[	DB 255]
00c656: ff

[PLAY_NOISE_FREQ :]
	label address: 0x00c657

[	DB 0]
00c657: 00

[PLAY_BGM_DATA_ADR :]
	label address: 0x00c658

[	DW 0]
00c658: 00 00

[PLAY_MASTER_VOLUME_WAIT :]
	label address: 0x00c65a

[	DB 0]
00c65a: 00

[PLAY_MASTER_VOLUME_SPEED :]
	label address: 0x00c65b

[	DB 0]
00c65b: 00

[PLAY_MASTER_VOLUME :]
	label address: 0x00c65c

[	DB 0]
00c65c: 00

[PLAY_DRUM_FONT1 :]
	label address: 0x00c65d

[	DW 0]
00c65d: 00 00

[PLAY_DRUM_FONT2 :]
	label address: 0x00c65f

[	DW 0]
00c65f: 00 00

[PLAY_DRUM_FONT3 :]
	label address: 0x00c661

[	DW 0]
00c661: 00 00

[PLAY_DRUM_FONT4 :]
	label address: 0x00c663

[	DW 0]
00c663: 00 00

[PLAY_DRUM_FONT5 :]
	label address: 0x00c665

[	DW 0]
00c665: 00 00

[PLAY_INFO_CH0 :]
	label address: 0x00c667

[REPEAT I , INFO_SIZE]
	Scope path: @REPEAT0:

	repeat begin
[	DB 0]
00c667: 00

[	DB 0]
00c668: 00

[	DB 0]
00c669: 00

[	DB 0]
00c66a: 00

[	DB 0]
00c66b: 00

[	DB 0]
00c66c: 00

[	DB 0]
00c66d: 00

[	DB 0]
00c66e: 00

[	DB 0]
00c66f: 00

[	DB 0]
00c670: 00

[	DB 0]
00c671: 00

[	DB 0]
00c672: 00

[	DB 0]
00c673: 00

[	DB 0]
00c674: 00

[	DB 0]
00c675: 00

[	DB 0]
00c676: 00

[	DB 0]
00c677: 00

[	DB 0]
00c678: 00

[	DB 0]
00c679: 00

	repeat end
	Scope path: 



[PLAY_INFO_CH1 :]
	label address: 0x00c67a

[REPEAT I , INFO_SIZE]
	Scope path: @REPEAT1:

	repeat begin
[	DB 0]
00c67a: 00

[	DB 0]
00c67b: 00

[	DB 0]
00c67c: 00

[	DB 0]
00c67d: 00

[	DB 0]
00c67e: 00

[	DB 0]
00c67f: 00

[	DB 0]
00c680: 00

[	DB 0]
00c681: 00

[	DB 0]
00c682: 00

[	DB 0]
00c683: 00

[	DB 0]
00c684: 00

[	DB 0]
00c685: 00

[	DB 0]
00c686: 00

[	DB 0]
00c687: 00

[	DB 0]
00c688: 00

[	DB 0]
00c689: 00

[	DB 0]
00c68a: 00

[	DB 0]
00c68b: 00

[	DB 0]
00c68c: 00

	repeat end
	Scope path: 



[PLAY_INFO_CH2 :]
	label address: 0x00c68d

[REPEAT I , INFO_SIZE]
	Scope path: @REPEAT2:

	repeat begin
[	DB 0]
00c68d: 00

[	DB 0]
00c68e: 00

[	DB 0]
00c68f: 00

[	DB 0]
00c690: 00

[	DB 0]
00c691: 00

[	DB 0]
00c692: 00

[	DB 0]
00c693: 00

[	DB 0]
00c694: 00

[	DB 0]
00c695: 00

[	DB 0]
00c696: 00

[	DB 0]
00c697: 00

[	DB 0]
00c698: 00

[	DB 0]
00c699: 00

[	DB 0]
00c69a: 00

[	DB 0]
00c69b: 00

[	DB 0]
00c69c: 00

[	DB 0]
00c69d: 00

[	DB 0]
00c69e: 00

[	DB 0]
00c69f: 00

	repeat end
	Scope path: 



[	INCLUDE ".//bgmdriver.asm"] end

[	SCOPE BGMDRV_SETUP_HTIMI]
	Scope path: BGMDRV_SETUP_HTIMI:

[BGMDRV_SETUP_HTIMI ::]
	global label address: 0x00c6a0

[	CALL BGMDRIVER_INITIALIZE] Z80:18cyc, R800:5cyc
00c6a0: cd 00 c0

[	DI] Z80:5cyc, R800:2cyc
00c6a3: f3

[	LD HL , H_TIMI] Z80:11cyc, R800:3cyc
00c6a4: 21 9f fd

[	LD DE , H_TIMI_BACKUP] Z80:11cyc, R800:3cyc
00c6a7: 11 00 c7

[	LD BC , 5] Z80:11cyc, R800:3cyc
00c6aa: 01 05 00

[	LDIR] Z80:23cyc(BC!=0), 18cyc(BC=0), R800:?cyc(BC!=0), 7cyc(BC=0)
00c6ad: ed b0

[IF HTIMI_HANDLER < 0X4000]

[ELSEIF HTIMI_HANDLER < 0X8000]

[ELSEIF HTIMI_HANDLER < 0XC000]

[ELSE]

[	LD A , [ RAMAD3 ]] Z80:14cyc, R800:6cyc
00c6af: 3a 44 f3


[	LD [ H_TIMI_NEW_SLOT ] , A] Z80:14cyc, R800:6cyc
00c6af: 32 c3 c6

[	LD HL , H_TIMI_NEW] Z80:11cyc, R800:3cyc
00c6b2: 21 c2 c6

[	LD DE , H_TIMI] Z80:11cyc, R800:3cyc
00c6b5: 11 9f fd

[	LD BC , 5] Z80:11cyc, R800:3cyc
00c6b8: 01 05 00

[	LDIR] Z80:23cyc(BC!=0), 18cyc(BC=0), R800:?cyc(BC!=0), 7cyc(BC=0)
00c6bb: ed b0

[	EI] Z80:5cyc, R800:1cyc
00c6bd: fb

[	RET] Z80:11cyc, R800:5cyc
00c6be: c9

[H_TIMI_NEW :]
	label address: 0x00c6bf

[	RST 0X30] Z80:12cyc, R800:6 or 7cyc
00c6bf: f7

[H_TIMI_NEW_SLOT :]
	label address: 0x00c6c0

[	DB 0]
00c6c0: 00

[	DW HTIMI_HANDLER]
00c6c1: fb c6

[	ENDSCOPE]
	Scope path: 

[	SCOPE BGMDRV_RESTORE_HTIMI]
	Scope path: BGMDRV_RESTORE_HTIMI:

[BGMDRV_RESTORE_HTIMI ::]
	global label address: 0x00c6c3

[	DI] Z80:5cyc, R800:2cyc
00c6c3: f3

[	LD HL , H_TIMI_BACKUP] Z80:11cyc, R800:3cyc
00c6c4: 21 00 c7

[	LD DE , H_TIMI] Z80:11cyc, R800:3cyc
00c6c7: 11 9f fd

[	LD BC , 5] Z80:11cyc, R800:3cyc
00c6ca: 01 05 00

[	LDIR] Z80:23cyc(BC!=0), 18cyc(BC=0), R800:?cyc(BC!=0), 7cyc(BC=0)
00c6cd: ed b0

[	EI] Z80:5cyc, R800:1cyc
00c6cf: fb

[	RET] Z80:11cyc, R800:5cyc
00c6d0: c9

[	ENDSCOPE]
	Scope path: 

[	SCOPE BGMDRV_PLAY]
	Scope path: BGMDRV_PLAY:

[BGMDRV_PLAY ::]
	global label address: 0x00c6d1

[	POP BC] Z80:11cyc, R800:5cyc
00c6d1: c1

[	POP HL] Z80:11cyc, R800:5cyc
00c6d2: e1

[	PUSH HL] Z80:12cyc, R800:6cyc
00c6d3: e5

[	PUSH BC] Z80:12cyc, R800:6cyc
00c6d4: c5

[	CALL BGMDRIVER_PLAY] Z80:18cyc, R800:5cyc
00c6d5: cd 0e c0

[	RET] Z80:11cyc, R800:5cyc
00c6d8: c9

[	ENDSCOPE]
	Scope path: 

[	SCOPE BGMDRV_PLAY_SE]
	Scope path: BGMDRV_PLAY_SE:

[BGMDRV_PLAY_SE ::]
	global label address: 0x00c6d9

[	POP BC] Z80:11cyc, R800:5cyc
00c6d9: c1

[	POP HL] Z80:11cyc, R800:5cyc
00c6da: e1

[	PUSH HL] Z80:12cyc, R800:6cyc
00c6db: e5

[	PUSH BC] Z80:12cyc, R800:6cyc
00c6dc: c5

[	CALL BGMDRIVER_PLAY_SOUND_EFFECT] Z80:18cyc, R800:5cyc
00c6dd: cd b3 c0

[	RET] Z80:11cyc, R800:5cyc
00c6e0: c9

[	ENDSCOPE]
	Scope path: 

[	SCOPE BGMDRV_FADE_OUT]
	Scope path: BGMDRV_FADE_OUT:

[BGMDRV_FADE_OUT ::]
	global label address: 0x00c6e1

[	POP BC] Z80:11cyc, R800:5cyc
00c6e1: c1

[	POP HL] Z80:11cyc, R800:5cyc
00c6e2: e1

[	PUSH HL] Z80:12cyc, R800:6cyc
00c6e3: e5

[	PUSH BC] Z80:12cyc, R800:6cyc
00c6e4: c5

[	LD A , H] Z80:5cyc, R800:2cyc
00c6e5: 7c

[	LD A , 255] Z80:8cyc, R800:2cyc
00c6e6: 3e ff

[	JR NZ , SKIP1] Z80:13cyc(cond=true), 8cyc(cond=false), R800:3cyc(cond=true), 2cyc(cond=false)
00c6e8: 20 04

[	LD A , L] Z80:5cyc, R800:2cyc
00c6ea: 7d

[SKIP1 :]
	label address: 0x00c6eb

[	CALL BGMDRIVER_FADEOUT] Z80:18cyc, R800:5cyc
00c6eb: cd 81 c0

[	RET] Z80:11cyc, R800:5cyc
00c6ee: c9

[	ENDSCOPE]
	Scope path: 

[	SCOPE BGMDRV_CHECK_PLAY]
	Scope path: BGMDRV_CHECK_PLAY:

[BGMDRV_CHECK_PLAY ::]
	global label address: 0x00c6ef

[	CALL BGMDRIVER_CHECK_PLAYING] Z80:18cyc, R800:5cyc
00c6ef: cd 60 c0

[	LD HL , 0] Z80:11cyc, R800:3cyc
00c6f2: 21 00 00

[	RET Z] Z80:12cyc(branch), 6cyc(through), R800:5cyc(branch), 1cyc(through)
00c6f5: c8

[	INC HL] Z80:7cyc, R800:1cyc
00c6f6: 23

[	RET] Z80:11cyc, R800:5cyc
00c6f7: c9

[	ENDSCOPE]
	Scope path: 

[	SCOPE HTIMI_HANDLER]
	Scope path: HTIMI_HANDLER:

[HTIMI_HANDLER ::]
	global label address: 0x00c6f8

[	PUSH AF] Z80:12cyc, R800:6cyc
00c6f8: f5

[	CALL BGMDRIVER_INTERRUPT_HANDLER] Z80:18cyc, R800:5cyc
00c6f9: cd e6 c0

[	POP AF] Z80:11cyc, R800:5cyc
00c6fc: f1

[H_TIMI_BACKUP ::]
	global label address: 0x00c6fd

[	RET] Z80:11cyc, R800:5cyc
00c6fd: c9

[	RET] Z80:11cyc, R800:5cyc
00c6fe: c9

[	RET] Z80:11cyc, R800:5cyc
00c6ff: c9

[	RET] Z80:11cyc, R800:5cyc
00c700: c9

[	RET] Z80:11cyc, R800:5cyc
00c701: c9

[	ENDSCOPE]
	Scope path: 

[END_ADDRESS ::]
	global label address: 0x00c702

<< label >>
@REPEAT0:I 18 ( 0x12 )
@REPEAT1:I 18 ( 0x12 )
@REPEAT2:I 18 ( 0x12 )
BAKCLR 62442 ( 0xf3ea )
BASE_SLOT 168 ( 0xa8 )
BDOS_FUNC_ABS_SECTOR_READ 47 ( 0x2f )
BDOS_FUNC_ABS_SECTOR_WRITE 48 ( 0x30 )
BDOS_FUNC_ALLOC_SECTOR_BUFFER 105 ( 0x69 )
BDOS_FUNC_BUF_LINE_INPUT 10 ( 0xa )
BDOS_FUNC_CON_STATUS 11 ( 0xb )
BDOS_FUNC_DEV_GETC 3 ( 0x3 )
BDOS_FUNC_DEV_PUTC 4 ( 0x4 )
BDOS_FUNC_DIRECT_CON_GETC 7 ( 0x7 )
BDOS_FUNC_DIRECT_CON_GETC_WOE 8 ( 0x8 )
BDOS_FUNC_DIRECT_CON_IO 6 ( 0x6 )
BDOS_FUNC_DISK_CHECK_STATUS 110 ( 0x6e )
BDOS_FUNC_DISK_RESET 13 ( 0xd )
BDOS_FUNC_FCB_CLOSE_FILE 16 ( 0x10 )
BDOS_FUNC_FCB_CREATE_FILE 22 ( 0x16 )
BDOS_FUNC_FCB_DELETE_FILE 19 ( 0x13 )
BDOS_FUNC_FCB_FIND_1ST 17 ( 0x11 )
BDOS_FUNC_FCB_FIND_NEXT 18 ( 0x12 )
BDOS_FUNC_FCB_OPEN_FILE 15 ( 0xf )
BDOS_FUNC_FCB_RENAME_FILE 23 ( 0x17 )
BDOS_FUNC_FCB_SEQ_READ 20 ( 0x14 )
BDOS_FUNC_FCB_SEQ_WRITE 21 ( 0x15 )
BDOS_FUNC_FILE_HANDLE_CLOSE 69 ( 0x45 )
BDOS_FUNC_FILE_HANDLE_CREATE 68 ( 0x44 )
BDOS_FUNC_FILE_HANDLE_DUPLICATE 71 ( 0x47 )
BDOS_FUNC_FILE_HANDLE_ENSURE 70 ( 0x46 )
BDOS_FUNC_FILE_HANDLE_OPEN 67 ( 0x43 )
BDOS_FUNC_FILE_HANDLE_READ 72 ( 0x48 )
BDOS_FUNC_FILE_HANDLE_TEST 76 ( 0x4c )
BDOS_FUNC_FILE_HANDLE_WRITE 73 ( 0x49 )
BDOS_FUNC_FIND_1ST 64 ( 0x40 )
BDOS_FUNC_FIND_ENV_ITEM 109 ( 0x6d )
BDOS_FUNC_FIND_NEW 66 ( 0x42 )
BDOS_FUNC_FIND_NEXT 65 ( 0x41 )
BDOS_FUNC_FORMAT_DISK 103 ( 0x67 )
BDOS_FUNC_GETC 1 ( 0x1 )
BDOS_FUNC_GET_ALLOC_INFO 27 ( 0x1b )
BDOS_FUNC_GET_CURRENT_DRIVE 25 ( 0x19 )
BDOS_FUNC_GET_DATE 42 ( 0x2a )
BDOS_FUNC_GET_DISK_PARAM 49 ( 0x31 )
BDOS_FUNC_GET_ENV_ITEM 107 ( 0x6b )
BDOS_FUNC_GET_FILE_SIZE 35 ( 0x23 )
BDOS_FUNC_GET_LOGIN_VECTOR 24 ( 0x18 )
BDOS_FUNC_GET_MSXDOS_VERSION 111 ( 0x6f )
BDOS_FUNC_GET_TIME 44 ( 0x2c )
BDOS_FUNC_IO_CTRL 75 ( 0x4b )
BDOS_FUNC_LOGICAL_DRV_ASSIGN 106 ( 0x6a )
BDOS_FUNC_MOVE_FILE_HANDLE_PTR 74 ( 0x4a )
BDOS_FUNC_PRT_PUTC 5 ( 0x5 )
BDOS_FUNC_PUTC 2 ( 0x2 )
BDOS_FUNC_RAM_DISK 104 ( 0x68 )
BDOS_FUNC_REDIRECTION_STATUS 112 ( 0x70 )
BDOS_FUNC_RND_BLOCK_READ 39 ( 0x27 )
BDOS_FUNC_RND_BLOCK_WRITE 38 ( 0x26 )
BDOS_FUNC_RND_READ 33 ( 0x21 )
BDOS_FUNC_RND_WRITE 34 ( 0x22 )
BDOS_FUNC_RND_WRITE_ZERO_FILL 40 ( 0x28 )
BDOS_FUNC_SELECT_DISK 14 ( 0xe )
BDOS_FUNC_SET_DATE 43 ( 0x2b )
BDOS_FUNC_SET_DTA 26 ( 0x1a )
BDOS_FUNC_SET_ENV_ITEM 108 ( 0x6c )
BDOS_FUNC_SET_RND_RECORD 36 ( 0x24 )
BDOS_FUNC_SET_TIME 45 ( 0x2d )
BDOS_FUNC_SET_VERIFY_FLAG 46 ( 0x2e )
BDOS_FUNC_STR_OUT 9 ( 0x9 )
BDOS_FUNC_SYSTEM_RESET 0 ( 0x0 )
BDOS_FUNC_VERSION 12 ( 0xc )
BDOS_ON_DISKBASIC 62333 ( 0xf37d )
BDOS_ON_MSXDOS 5 ( 0x5 )
BDRCLR 62443 ( 0xf3eb )
BGMDRIVER_CALC_EFF_VOL 50129 ( 0xc3d1 )
BGMDRIVER_CHECK_NEXT_DATA 49440 ( 0xc120 )
BGMDRIVER_CHECK_PLAYING 49248 ( 0xc060 )
BGMDRIVER_DRUM1_FONT 49725 ( 0xc23d )
BGMDRIVER_DRUM2_FONT 49758 ( 0xc25e )
BGMDRIVER_DRUM3_FONT 49791 ( 0xc27f )
BGMDRIVER_DRUM4_FONT 49824 ( 0xc2a0 )
BGMDRIVER_DRUM5_FONT 49857 ( 0xc2c1 )
BGMDRIVER_DRUM_KEYON 49574 ( 0xc1a6 )
BGMDRIVER_ENVELOPE_AR 50084 ( 0xc3a4 )
BGMDRIVER_ENVELOPE_DR 50058 ( 0xc38a )
BGMDRIVER_ENVELOPE_END 50108 ( 0xc3bc )
BGMDRIVER_ENVELOPE_RR 50010 ( 0xc35a )
BGMDRIVER_ENVELOPE_SR 50034 ( 0xc372 )
BGMDRIVER_FADEOUT 49281 ( 0xc081 )
BGMDRIVER_FADEOUT_PROC 50155 ( 0xc3eb )
BGMDRIVER_FADEOUT_SKIP1 50171 ( 0xc3fb )
BGMDRIVER_GET_WAIT_TIME 50133 ( 0xc3d5 )
BGMDRIVER_GET_WAIT_TIME_EXIT 50148 ( 0xc3e4 )
BGMDRIVER_GET_WAIT_TIME_LOOP 50136 ( 0xc3d8 )
BGMDRIVER_GET_WAIT_TIME_SKIP 50154 ( 0xc3ea )
BGMDRIVER_INITIALIZE 49152 ( 0xc000 )
BGMDRIVER_INIT_PLAY_INFO 49371 ( 0xc0db )
BGMDRIVER_INTERRUPT_HANDLER 49382 ( 0xc0e6 )
BGMDRIVER_JUMP 49890 ( 0xc2e2 )
BGMDRIVER_KEYOFF 49619 ( 0xc1d3 )
BGMDRIVER_KEYON 49502 ( 0xc15e )
BGMDRIVER_MIXER 50304 ( 0xc480 )
BGMDRIVER_MIXER_MIX 50496 ( 0xc540 )
BGMDRIVER_MIXER_MIX_SKIP1 50522 ( 0xc55a )
BGMDRIVER_MIXER_MIX_SKIP2 50539 ( 0xc56b )
BGMDRIVER_MIXER_MIX_SKIP3 50568 ( 0xc588 )
BGMDRIVER_MIXER_NOISE_FREQ 50488 ( 0xc538 )
BGMDRIVER_MIXER_SKIP0_CH2 50422 ( 0xc4f6 )
BGMDRIVER_MIXER_SKIP1_CH0 50337 ( 0xc4a1 )
BGMDRIVER_MIXER_SKIP1_CH1 50377 ( 0xc4c9 )
BGMDRIVER_MIXER_SKIP1_CH2 50472 ( 0xc528 )
BGMDRIVER_MIXER_SKIP2_CH0 50351 ( 0xc4af )
BGMDRIVER_MIXER_SKIP2_CH1 50393 ( 0xc4d9 )
BGMDRIVER_MIXER_SKIP2_CH2 50488 ( 0xc538 )
BGMDRIVER_MIXER_TONE_CH2 50444 ( 0xc50c )
BGMDRIVER_MIXER_VOLUME_CH2 50556 ( 0xc57c )
BGMDRIVER_MIXER_VOLUME_CH2_SKIP1 50568 ( 0xc588 )
BGMDRIVER_MUTE_PSG 49294 ( 0xc08e )
BGMDRIVER_MUTE_PSG_LOOP 49304 ( 0xc098 )
BGMDRIVER_PLAY 49166 ( 0xc00e )
BGMDRIVER_PLAY_CH 49413 ( 0xc105 )
BGMDRIVER_PLAY_END 49906 ( 0xc2f2 )
BGMDRIVER_PLAY_SOUND_EFFECT 49331 ( 0xc0b3 )
BGMDRIVER_PLAY_SOUND_EFFECT_SKIP 49368 ( 0xc0d8 )
BGMDRIVER_REST 49649 ( 0xc1f1 )
BGMDRIVER_SET_FREQ 49536 ( 0xc180 )
BGMDRIVER_SOUND_EFFECT 50213 ( 0xc425 )
BGMDRIVER_SOUND_EFFECT_END_PROC 50295 ( 0xc477 )
BGMDRIVER_SOUND_EFFECT_FREQ_PROC 50256 ( 0xc450 )
BGMDRIVER_SOUND_EFFECT_LOOP 50232 ( 0xc438 )
BGMDRIVER_SOUND_EFFECT_NOISE_FREQ_PROC 50278 ( 0xc466 )
BGMDRIVER_SOUND_EFFECT_PROC 50229 ( 0xc435 )
BGMDRIVER_SOUND_EFFECT_VOLUME_PROC 50270 ( 0xc45e )
BGMDRIVER_SOUND_EFFECT_WAIT_PROC 50286 ( 0xc46e )
BGMDRIVER_SOUND_FONT 49689 ( 0xc219 )
BGMDRIVER_STOP 49227 ( 0xc04b )
BGMDRIVER_UPDATE_FREQ 49978 ( 0xc33a )
BGMDRIVER_UPDATE_VIBRATO 49925 ( 0xc305 )
BGMDRIVER_VIBRATO_ACTIVE 49944 ( 0xc318 )
BGMDRIVER_VIBRATO_ACTIVE_SKIP 49976 ( 0xc338 )
BGMDRIVER_VOLUME 49675 ( 0xc20b )
BGMDRV_CHECK_PLAY 50930 ( 0xc6f2 )
BGMDRV_FADE_OUT 50916 ( 0xc6e4 )
BGMDRV_FADE_OUT:SKIP1 50926 ( 0xc6ee )
BGMDRV_PLAY 50900 ( 0xc6d4 )
BGMDRV_PLAY_SE 50908 ( 0xc6dc )
BGMDRV_RESTORE_HTIMI 50886 ( 0xc6c6 )
BGMDRV_SETUP_HTIMI 50848 ( 0xc6a0 )
BGMDRV_SETUP_HTIMI:H_TIMI_NEW 50882 ( 0xc6c2 )
BGMDRV_SETUP_HTIMI:H_TIMI_NEW_SLOT 50883 ( 0xc6c3 )
BGMPDRIVER_INIT_DATA 49315 ( 0xc0a3 )
BGM_DRUM1_FONT 107 ( 0x6b )
BGM_DRUM2_FONT 108 ( 0x6c )
BGM_DRUM3_FONT 109 ( 0x6d )
BGM_DRUM4_FONT 110 ( 0x6e )
BGM_DRUM5_FONT 111 ( 0x6f )
BGM_DRUM_1 96 ( 0x60 )
BGM_DRUM_2 97 ( 0x61 )
BGM_DRUM_3 98 ( 0x62 )
BGM_DRUM_4 99 ( 0x63 )
BGM_DRUM_5 100 ( 0x64 )
BGM_JUMP 105 ( 0x69 )
BGM_KEYOFF 101 ( 0x65 )
BGM_PLAY_END 106 ( 0x6a )
BGM_REST 102 ( 0x66 )
BGM_SE_END 4 ( 0x4 )
BGM_SE_FREQ 0 ( 0x0 )
BGM_SE_NOISE_FREQ 2 ( 0x2 )
BGM_SE_VOL 1 ( 0x1 )
BGM_SE_WAIT 3 ( 0x3 )
BGM_SOUND_FONT 104 ( 0x68 )
BGM_TONE_A1 9 ( 0x9 )
BGM_TONE_A2 21 ( 0x15 )
BGM_TONE_A3 33 ( 0x21 )
BGM_TONE_A4 45 ( 0x2d )
BGM_TONE_A5 57 ( 0x39 )
BGM_TONE_A6 69 ( 0x45 )
BGM_TONE_A7 81 ( 0x51 )
BGM_TONE_A8 93 ( 0x5d )
BGM_TONE_AS1 10 ( 0xa )
BGM_TONE_AS2 22 ( 0x16 )
BGM_TONE_AS3 34 ( 0x22 )
BGM_TONE_AS4 46 ( 0x2e )
BGM_TONE_AS5 58 ( 0x3a )
BGM_TONE_AS6 70 ( 0x46 )
BGM_TONE_AS7 82 ( 0x52 )
BGM_TONE_AS8 94 ( 0x5e )
BGM_TONE_B1 11 ( 0xb )
BGM_TONE_B2 23 ( 0x17 )
BGM_TONE_B3 35 ( 0x23 )
BGM_TONE_B4 47 ( 0x2f )
BGM_TONE_B5 59 ( 0x3b )
BGM_TONE_B6 71 ( 0x47 )
BGM_TONE_B7 83 ( 0x53 )
BGM_TONE_B8 95 ( 0x5f )
BGM_TONE_C1 0 ( 0x0 )
BGM_TONE_C2 12 ( 0xc )
BGM_TONE_C3 24 ( 0x18 )
BGM_TONE_C4 36 ( 0x24 )
BGM_TONE_C5 48 ( 0x30 )
BGM_TONE_C6 60 ( 0x3c )
BGM_TONE_C7 72 ( 0x48 )
BGM_TONE_C8 84 ( 0x54 )
BGM_TONE_CS1 1 ( 0x1 )
BGM_TONE_CS2 13 ( 0xd )
BGM_TONE_CS3 25 ( 0x19 )
BGM_TONE_CS4 37 ( 0x25 )
BGM_TONE_CS5 49 ( 0x31 )
BGM_TONE_CS6 61 ( 0x3d )
BGM_TONE_CS7 73 ( 0x49 )
BGM_TONE_CS8 85 ( 0x55 )
BGM_TONE_D1 2 ( 0x2 )
BGM_TONE_D2 14 ( 0xe )
BGM_TONE_D3 26 ( 0x1a )
BGM_TONE_D4 38 ( 0x26 )
BGM_TONE_D5 50 ( 0x32 )
BGM_TONE_D6 62 ( 0x3e )
BGM_TONE_D7 74 ( 0x4a )
BGM_TONE_D8 86 ( 0x56 )
BGM_TONE_DS1 3 ( 0x3 )
BGM_TONE_DS2 15 ( 0xf )
BGM_TONE_DS3 27 ( 0x1b )
BGM_TONE_DS4 39 ( 0x27 )
BGM_TONE_DS5 51 ( 0x33 )
BGM_TONE_DS6 63 ( 0x3f )
BGM_TONE_DS7 75 ( 0x4b )
BGM_TONE_DS8 87 ( 0x57 )
BGM_TONE_E1 4 ( 0x4 )
BGM_TONE_E2 16 ( 0x10 )
BGM_TONE_E3 28 ( 0x1c )
BGM_TONE_E4 40 ( 0x28 )
BGM_TONE_E5 52 ( 0x34 )
BGM_TONE_E6 64 ( 0x40 )
BGM_TONE_E7 76 ( 0x4c )
BGM_TONE_E8 88 ( 0x58 )
BGM_TONE_F1 5 ( 0x5 )
BGM_TONE_F2 17 ( 0x11 )
BGM_TONE_F3 29 ( 0x1d )
BGM_TONE_F4 41 ( 0x29 )
BGM_TONE_F5 53 ( 0x35 )
BGM_TONE_F6 65 ( 0x41 )
BGM_TONE_F7 77 ( 0x4d )
BGM_TONE_F8 89 ( 0x59 )
BGM_TONE_FS1 6 ( 0x6 )
BGM_TONE_FS2 18 ( 0x12 )
BGM_TONE_FS3 30 ( 0x1e )
BGM_TONE_FS4 42 ( 0x2a )
BGM_TONE_FS5 54 ( 0x36 )
BGM_TONE_FS6 66 ( 0x42 )
BGM_TONE_FS7 78 ( 0x4e )
BGM_TONE_FS8 90 ( 0x5a )
BGM_TONE_G1 7 ( 0x7 )
BGM_TONE_G2 19 ( 0x13 )
BGM_TONE_G3 31 ( 0x1f )
BGM_TONE_G4 43 ( 0x2b )
BGM_TONE_G5 55 ( 0x37 )
BGM_TONE_G6 67 ( 0x43 )
BGM_TONE_G7 79 ( 0x4f )
BGM_TONE_G8 91 ( 0x5b )
BGM_TONE_GS1 8 ( 0x8 )
BGM_TONE_GS2 20 ( 0x14 )
BGM_TONE_GS3 32 ( 0x20 )
BGM_TONE_GS4 44 ( 0x2c )
BGM_TONE_GS5 56 ( 0x38 )
BGM_TONE_GS6 68 ( 0x44 )
BGM_TONE_GS7 80 ( 0x50 )
BGM_TONE_GS8 92 ( 0x5c )
BGM_VOL 103 ( 0x67 )
CALATR 135 ( 0x87 )
CALBAS 345 ( 0x159 )
CALLF 48 ( 0x30 )
CALPAT 132 ( 0x84 )
CALSLT 28 ( 0x1c )
CHGCLR 98 ( 0x62 )
CHGMOD 95 ( 0x5f )
CHKDEV 330 ( 0x14a )
CHKRAM 0 ( 0x0 )
CHRGTR 16 ( 0x10 )
CLRSPR 105 ( 0x69 )
DCOMPR 32 ( 0x20 )
DISSCR 65 ( 0x41 )
DRIVER_SIZE 1797 ( 0x705 )
ENASCR 71 ( 0x47 )
ENASLT 36 ( 0x24 )
END_ADDRESS 50949 ( 0xc705 )
EXBRSA 64248 ( 0xfaf8 )
EXPTBL0 64705 ( 0xfcc1 )
EXPTBL1 64706 ( 0xfcc2 )
EXPTBL2 64707 ( 0xfcc3 )
EXPTBL3 64708 ( 0xfcc4 )
EXTROM 351 ( 0x15f )
EXT_SLOT 65535 ( 0xffff )
FILVRM 86 ( 0x56 )
FORCLR 62441 ( 0xf3e9 )
FORMAT 327 ( 0x147 )
FREQ_DATA 50574 ( 0xc58e )
GETYPR 40 ( 0x28 )
GICINI 144 ( 0x90 )
GRPDL 222 ( 0xde )
GRPPRT 141 ( 0x8d )
GSPSIZ 138 ( 0x8a )
GTPAD 219 ( 0xdb )
GTSTICK 213 ( 0xd5 )
GTTRIG 216 ( 0xd8 )
HIMEM 64586 ( 0xfc4a )
HTIMI_HANDLER 50939 ( 0xc6fb )
H_KEYI 64922 ( 0xfd9a )
H_PHYD 65447 ( 0xffa7 )
H_TIMI 64927 ( 0xfd9f )
H_TIMI_BACKUP 50944 ( 0xc700 )
INFO_EFF_FREQ_H 5 ( 0x5 )
INFO_EFF_FREQ_L 4 ( 0x4 )
INFO_EFF_VOL 8 ( 0x8 )
INFO_ENV_STATE 11 ( 0xb )
INFO_ENV_VOL 12 ( 0xc )
INFO_NOISE_FREQ 16 ( 0x10 )
INFO_PLAY_ADR_H 1 ( 0x1 )
INFO_PLAY_ADR_L 0 ( 0x0 )
INFO_SEL_SFONT_H 18 ( 0x12 )
INFO_SEL_SFONT_L 17 ( 0x11 )
INFO_SIZE 19 ( 0x13 )
INFO_SOUND_FONT_H 15 ( 0xf )
INFO_SOUND_FONT_L 14 ( 0xe )
INFO_TONE_FREQ_H 7 ( 0x7 )
INFO_TONE_FREQ_L 6 ( 0x6 )
INFO_TONE_VOL 9 ( 0x9 )
INFO_VIB_INDEX 13 ( 0xd )
INFO_VIB_WAIT 10 ( 0xa )
INFO_WAIT_COUNT_H 3 ( 0x3 )
INFO_WAIT_COUNT_L 2 ( 0x2 )
INIFNK 62 ( 0x3e )
INIGRP 114 ( 0x72 )
INIMLT 117 ( 0x75 )
INIT32 111 ( 0x6f )
INITIO 59 ( 0x3b )
INITTXT 108 ( 0x6c )
IO_BASE_SLOT 168 ( 0xa8 )
IO_MEMMAP0 252 ( 0xfc )
IO_MEMMAP1 253 ( 0xfd )
IO_MEMMAP2 254 ( 0xfe )
IO_MEMMAP3 255 ( 0xff )
IO_PSG_ADR 160 ( 0xa0 )
IO_PSG_DATA_RD 162 ( 0xa2 )
IO_PSG_DATA_WR 161 ( 0xa1 )
IO_VDP_PORT0 152 ( 0x98 )
IO_VDP_PORT0_MSX1_ADP 136 ( 0x88 )
IO_VDP_PORT1 153 ( 0x99 )
IO_VDP_PORT1_MSX1_ADP 137 ( 0x89 )
IO_VDP_PORT2 154 ( 0x9a )
IO_VDP_PORT2_MSX1_ADP 138 ( 0x8a )
IO_VDP_PORT3 155 ( 0x9b )
IO_VDP_PORT3_MSX1_ADP 139 ( 0x8b )
KEYINT 56 ( 0x38 )
KILBUF 342 ( 0x156 )
LDIRMV 89 ( 0x59 )
LDIRVM 92 ( 0x5c )
NMI 102 ( 0x66 )
OUTDO 24 ( 0x18 )
PHYDIO 324 ( 0x144 )
PLAY_BGM_DATA_ADR 50776 ( 0xc658 )
PLAY_DRUM_FONT1 50781 ( 0xc65d )
PLAY_DRUM_FONT2 50783 ( 0xc65f )
PLAY_DRUM_FONT3 50785 ( 0xc661 )
PLAY_DRUM_FONT4 50787 ( 0xc663 )
PLAY_DRUM_FONT5 50789 ( 0xc665 )
PLAY_INFO_CH0 50791 ( 0xc667 )
PLAY_INFO_CH1 50810 ( 0xc67a )
PLAY_INFO_CH2 50829 ( 0xc68d )
PLAY_MASTER_VOLUME 50780 ( 0xc65c )
PLAY_MASTER_VOLUME_SPEED 50779 ( 0xc65b )
PLAY_MASTER_VOLUME_WAIT 50778 ( 0xc65a )
PLAY_NOISE_FREQ 50775 ( 0xc657 )
PLAY_SOUND_EFFECT_ACTIVE 50766 ( 0xc64e )
PLAY_SOUND_EFFECT_ADR 50772 ( 0xc654 )
PLAY_SOUND_EFFECT_FREQ 50768 ( 0xc650 )
PLAY_SOUND_EFFECT_NOISE_FREQ 50770 ( 0xc652 )
PLAY_SOUND_EFFECT_PRIORITY 50774 ( 0xc656 )
PLAY_SOUND_EFFECT_VOLUME 50771 ( 0xc653 )
PLAY_SOUND_EFFECT_WAIT_COUNT 50767 ( 0xc64f )
PRINTC 333 ( 0x14d )
PSG_REG_ADR 160 ( 0xa0 )
PSG_REG_WRT 161 ( 0xa1 )
RAMAD0 62273 ( 0xf341 )
RAMAD1 62274 ( 0xf342 )
RAMAD2 62275 ( 0xf343 )
RAMAD3 62276 ( 0xf344 )
RDPSG 150 ( 0x96 )
RDSLT 12 ( 0xc )
RDVRM 74 ( 0x4a )
REG0SAV 62431 ( 0xf3df )
REG10SAV 65513 ( 0xffe9 )
REG11SAV 65514 ( 0xffea )
REG12SAV 65515 ( 0xffeb )
REG13SAV 65516 ( 0xffec )
REG14SAV 65517 ( 0xffed )
REG15SAV 65518 ( 0xffee )
REG16SAV 65519 ( 0xffef )
REG17SAV 65520 ( 0xfff0 )
REG18SAV 65521 ( 0xfff1 )
REG19SAV 65522 ( 0xfff2 )
REG1SAV 62432 ( 0xf3e0 )
REG20SAV 65523 ( 0xfff3 )
REG21SAV 65524 ( 0xfff4 )
REG22SAV 65525 ( 0xfff5 )
REG23SAV 65526 ( 0xfff6 )
REG25SAV 65528 ( 0xfff8 )
REG26SAV 65529 ( 0xfff9 )
REG27SAV 65530 ( 0xfffa )
REG2SAV 62433 ( 0xf3e1 )
REG3SAV 62434 ( 0xf3e2 )
REG4SAV 62435 ( 0xf3e3 )
REG5SAV 62436 ( 0xf3e4 )
REG6SAV 62437 ( 0xf3e5 )
REG7SAV 62438 ( 0xf3e6 )
REG8SAV 65511 ( 0xffe7 )
REG9SAV 65512 ( 0xffe8 )
SC0_W40_PAT_GEN 2048 ( 0x800 )
SC0_W40_PAT_NAME 0 ( 0x0 )
SC0_W80_BLINK 2048 ( 0x800 )
SC0_W80_PAT_GEN 4096 ( 0x1000 )
SC0_W80_PAT_NAME 0 ( 0x0 )
SC1_PAT_GEN 0 ( 0x0 )
SC1_PAT_NAME 6144 ( 0x1800 )
SC1_SPR_ATTR 6912 ( 0x1b00 )
SC1_SPR_GEN 14336 ( 0x3800 )
SC2_PAT_COL0 8192 ( 0x2000 )
SC2_PAT_COL1 10240 ( 0x2800 )
SC2_PAT_COL2 12288 ( 0x3000 )
SC2_PAT_GEN0 0 ( 0x0 )
SC2_PAT_GEN1 2048 ( 0x800 )
SC2_PAT_GEN2 4096 ( 0x1000 )
SC2_PAT_NAME 6144 ( 0x1800 )
SC2_SPR_ATTR 6912 ( 0x1b00 )
SC2_SPR_GEN 14336 ( 0x3800 )
SC3_PAT_GEN 0 ( 0x0 )
SC3_PAT_NAME 2048 ( 0x800 )
SC3_SPR_ATTR 6912 ( 0x1b00 )
SC3_SPR_GEN 14336 ( 0x3800 )
SC4_PAT_COL0 8192 ( 0x2000 )
SC4_PAT_COL1 10240 ( 0x2800 )
SC4_PAT_COL2 12288 ( 0x3000 )
SC4_PAT_GEN0 0 ( 0x0 )
SC4_PAT_GEN1 2048 ( 0x800 )
SC4_PAT_GEN2 4096 ( 0x1000 )
SC4_PAT_NAME 6144 ( 0x1800 )
SC4_SPR_ATTR 7680 ( 0x1e00 )
SC4_SPR_COL 7168 ( 0x1c00 )
SC4_SPR_GEN 14336 ( 0x3800 )
SC5_PAT_NAME 0 ( 0x0 )
SC5_SPR_ATTR 30208 ( 0x7600 )
SC5_SPR_COL 29696 ( 0x7400 )
SC5_SPR_GEN 30720 ( 0x7800 )
SC6_PAT_NAME 0 ( 0x0 )
SC6_SPR_ATTR 30208 ( 0x7600 )
SC6_SPR_COL 29696 ( 0x7400 )
SC6_SPR_GEN 30720 ( 0x7800 )
SCRMOD 64687 ( 0xfcaf )
SETGRP 126 ( 0x7e )
SETMLT 129 ( 0x81 )
SETRD 80 ( 0x50 )
SETT32 123 ( 0x7b )
SETTXT 120 ( 0x78 )
SETWRT 83 ( 0x53 )
SFONT_AR 32 ( 0x20 )
SFONT_DR 33 ( 0x21 )
SFONT_FREQ_H 40 ( 0x28 )
SFONT_FREQ_L 39 ( 0x27 )
SFONT_NOISE 38 ( 0x26 )
SFONT_RR 36 ( 0x24 )
SFONT_SL 34 ( 0x22 )
SFONT_SR 35 ( 0x23 )
SFONT_VIB_WAIT 37 ( 0x25 )
SFONT_VIB_WAVE 0 ( 0x0 )
START_ADDRESS 49152 ( 0xc000 )
STATFL 62439 ( 0xf3e7 )
STRTMS 153 ( 0x99 )
SUBROM 348 ( 0x15c )
SYNCHR 8 ( 0x8 )
VDPCMD_HMMC 240 ( 0xf0 )
VDPCMD_HMMM 208 ( 0xd0 )
VDPCMD_HMMV 192 ( 0xc0 )
VDPCMD_LINE 112 ( 0x70 )
VDPCMD_LMCM 160 ( 0xa0 )
VDPCMD_LMMC 176 ( 0xb0 )
VDPCMD_LMMM 144 ( 0x90 )
VDPCMD_LMMV 128 ( 0x80 )
VDPCMD_POINT 64 ( 0x40 )
VDPCMD_PSET 80 ( 0x50 )
VDPCMD_SRCH 96 ( 0x60 )
VDPCMD_STOP 0 ( 0x0 )
VDPCMD_YMMM 224 ( 0xe0 )
VDPROP_AND 1 ( 0x1 )
VDPROP_EOR 17 ( 0x11 )
VDPROP_IMP 0 ( 0x0 )
VDPROP_NOT 256 ( 0x100 )
VDPROP_OR 16 ( 0x10 )
VDPROP_TAND 4097 ( 0x1001 )
VDPROP_TEOR 4113 ( 0x1011 )
VDPROP_TIMP 4096 ( 0x1000 )
VDPROP_TNOT 4352 ( 0x1100 )
VDPROP_TOR 4112 ( 0x1010 )
WRSLT 20 ( 0x14 )
WRTPSG 147 ( 0x93 )
WRVRM 77 ( 0x4d )
