Z80 Macro Assembler ZMA v1.0.15
=====================================================
Programmed by t.hara

<< code >>
[	DB 0X06 , 0X00 , 0X16 , 0X00 , 0X26 , 0X00 , 0X67 , 0X0F , 0X68 , 0X27 , 0X00 , 0X30 , 0X07 , 0X32 , 0X07 , 0X34]
000000: 06 00 16 00 26 00 67 0f
000008: 68 27 00 30 07 32 07 34

[	DB 0X08 , 0X35 , 0X07 , 0X37 , 0X10 , 0X6A , 0X67 , 0X0F , 0X68 , 0X27 , 0X00 , 0X34 , 0X07 , 0X35 , 0X07 , 0X37]
000010: 08 35 07 37 10 6a 67 0f
000018: 68 27 00 34 07 35 07 37

[	DB 0X08 , 0X39 , 0X07 , 0X3B , 0X07 , 0X6A , 0X6A]
000020: 08 39 07 3b 07 6a 6a

[	DB 0X00 , 0X01 , 0X02 , 0X02 , 0X02 , 0X00 , 0XFE , 0XFD , 0XFD , 0XFD , 0XFE , 0X00 , 0X02 , 0X02 , 0X02 , 0X01]
000027: 00 01 02 02 02 00 fe fd
00002f: fd fd fe 00 02 02 02 01

[	DB 0X00 , 0XFE , 0XFD , 0XFD , 0XFD , 0XFF , 0X01 , 0X02 , 0X03 , 0X02 , 0X01 , 0XFF , 0XFD , 0XFD , 0XFD , 0XFE]
000037: 00 fe fd fd fd ff 01 02
00003f: 03 02 01 ff fd fd fd fe

[	DB 0XFF , 0X02 , 0XE0 , 0X01 , 0X1E , 0X14 , 0X00 , 0X00 , 0X00]
000047: ff 02 e0 01 1e 14 00 00
00004f: 00

<< label >>
