Z80 Macro Assembler ZMA v1.0.15
=====================================================
Programmed by t.hara

<< code >>
[	INCLUDE ".//msx.asm"] begin
Define macro {ROM_HEADER MACRO INIT}

Define macro {BSAVE_HEADER MACRO SADDR , EADDR , EXEC}

Define macro {ROM_ALIGN MACRO}

Define macro {USE_WAIT_VDP_COMMAND MACRO INTR_CTRL}

Define macro {USE_VDP_COMMAND MACRO INTR_CTRL}

[	INCLUDE ".//msx.asm"] end

((BSAVE_HEADER START_ADDRESS , END_ADDRESS , ENTRY_POINT))
	Scope path: @MACRO0:
[	DEFB 0XFE]
000000: fe

[	DEFW START_ADDRESS]
000001: 00 a0

[	DEFW END_ADDRESS]
000003: 69 a8

[	DEFW ENTRY_POINT]
000005: 00 a0

[	ORG 0XA000]
	code address: 0x00a000

[START_ADDRESS ::]
	global label address: 0x00a000

[ENTRY_POINT ::]
	global label address: 0x00a000

[	CALL INTERRUPT_INITIALIZER] Z80:18cyc, R800:5cyc
00a000: cd 20 a0

[PLAY_BGM001 ::]
	global label address: 0x00a003

[	LD HL , BGM001] Z80:11cyc, R800:3cyc
00a003: 21 e1 a6

[	CALL BGMDRIVER_PLAY] Z80:18cyc, R800:5cyc
00a006: cd 4f a0

[	RET] Z80:11cyc, R800:5cyc
00a009: c9

[STOP_BGM001 ::]
	global label address: 0x00a00a

[	CALL BGMDRIVER_STOP] Z80:18cyc, R800:5cyc
00a00a: cd 8c a0

[	RET] Z80:11cyc, R800:5cyc
00a00d: c9

[FADEOUT_BGM001 ::]
	global label address: 0x00a00e

[	CALL BGMDRIVER_FADEOUT] Z80:18cyc, R800:5cyc
00a00e: cd c2 a0

[	RET] Z80:11cyc, R800:5cyc
00a011: c9

[PLAY_SE001 ::]
	global label address: 0x00a012

[	LD HL , SOUND_EFFECT001] Z80:11cyc, R800:3cyc
00a012: 21 1e a8

[	CALL BGMDRIVER_PLAY_SOUND_EFFECT] Z80:18cyc, R800:5cyc
00a015: cd f4 a0

[	RET] Z80:11cyc, R800:5cyc
00a018: c9

[PLAY_SE002 ::]
	global label address: 0x00a019

[	LD HL , SOUND_EFFECT002] Z80:11cyc, R800:3cyc
00a019: 21 4a a8

[	CALL BGMDRIVER_PLAY_SOUND_EFFECT] Z80:18cyc, R800:5cyc
00a01c: cd f4 a0

[	RET] Z80:11cyc, R800:5cyc
00a01f: c9

[	SCOPE INTERRUPT_INITIALIZER]
	Scope path: INTERRUPT_INITIALIZER:

[INTERRUPT_INITIALIZER ::]
	global label address: 0x00a020

[	DI] Z80:5cyc, R800:2cyc
00a020: f3

[	LD HL , H_TIMI] Z80:11cyc, R800:3cyc
00a021: 21 9f fd

[	LD DE , H_TIMI_NEXT] Z80:11cyc, R800:3cyc
00a024: 11 3c a0

[	LD BC , 5] Z80:11cyc, R800:3cyc
00a027: 01 05 00

[	LDIR] Z80:23cyc(BC!=0), 18cyc(BC=0), R800:?cyc(BC!=0), 7cyc(BC=0)
00a02a: ed b0

[	LD A , 0XC3] Z80:8cyc, R800:2cyc
00a02c: 3e c3

[	LD [ H_TIMI ] , A] Z80:14cyc, R800:6cyc
00a02e: 32 9f fd

[	LD HL , H_TIMI_INTERRUPT_HANDLER] Z80:11cyc, R800:3cyc
00a031: 21 39 a0

[	LD [ H_TIMI + 1 ] , HL] Z80:17cyc, R800:7cyc
00a034: 22 a0 fd

[	EI] Z80:5cyc, R800:1cyc
00a037: fb

[	RET] Z80:11cyc, R800:5cyc
00a038: c9

[	ENDSCOPE]
	Scope path: 

[	SCOPE H_TIMI_INTERRUPT_HANDLER]
	Scope path: H_TIMI_INTERRUPT_HANDLER:

[H_TIMI_INTERRUPT_HANDLER ::]
	global label address: 0x00a039

[	CALL BGMDRIVER_INTERRUPT_HANDLER] Z80:18cyc, R800:5cyc
00a039: cd 27 a1

[H_TIMI_NEXT ::]
	global label address: 0x00a03c

[	RET] Z80:11cyc, R800:5cyc
00a03c: c9

[	RET] Z80:11cyc, R800:5cyc
00a03d: c9

[	RET] Z80:11cyc, R800:5cyc
00a03e: c9

[	RET] Z80:11cyc, R800:5cyc
00a03f: c9

[	RET] Z80:11cyc, R800:5cyc
00a040: c9

[	ENDSCOPE]
	Scope path: 

[	INCLUDE ".//bgmdriver.asm"] begin
[	INCLUDE ".//bgmdriver_d.asm"] begin
[	INCLUDE ".//bgmdriver_d.asm"] end

[BGMDRIVER_INITIALIZE ::]
	global label address: 0x00a041

[	LD HL , PLAY_INFO_CH0] Z80:11cyc, R800:3cyc
00a041: 21 a8 a6

[	LD DE , PLAY_INFO_CH0 + 1] Z80:11cyc, R800:3cyc
00a044: 11 a9 a6

[	LD BC , INFO_SIZE * 3 - 1] Z80:11cyc, R800:3cyc
00a047: 01 38 00

[	XOR A , A] Z80:5cyc, R800:1cyc
00a04a: af

[	LD [ HL ] , A] Z80:8cyc, R800:4cyc
00a04b: 77

[	LDIR] Z80:23cyc(BC!=0), 18cyc(BC=0), R800:?cyc(BC!=0), 7cyc(BC=0)
00a04c: ed b0

[	RET] Z80:11cyc, R800:5cyc
00a04e: c9

[BGMDRIVER_PLAY ::]
	global label address: 0x00a04f

[	PUSH HL] Z80:12cyc, R800:6cyc
00a04f: e5

[	CALL BGMDRIVER_STOP] Z80:18cyc, R800:5cyc
00a050: cd 8c a0

[	POP HL] Z80:11cyc, R800:5cyc
00a053: e1

[	DI] Z80:5cyc, R800:2cyc
00a054: f3

[	LD [ PLAY_BGM_DATA_ADR ] , HL] Z80:17cyc, R800:7cyc
00a055: 22 99 a6

[	LD IX , [ PLAY_BGM_DATA_ADR ]] Z80:22cyc, R800:8cyc
00a058: dd 2a 99 a6

[	LD E , [ IX + 0 ]] Z80:21cyc, R800:7cyc
00a05c: dd 5e 00

[	LD D , [ IX + 1 ]] Z80:21cyc, R800:7cyc
00a05f: dd 56 01

[	ADD HL , DE] Z80:12cyc, R800:1cyc
00a062: 19

[	LD [ PLAY_INFO_CH0 + INFO_PLAY_ADR_L ] , HL] Z80:17cyc, R800:7cyc
00a063: 22 a8 a6

[	LD HL , [ PLAY_BGM_DATA_ADR ]] Z80:17cyc, R800:7cyc
00a066: 2a 99 a6

[	LD E , [ IX + 2 ]] Z80:21cyc, R800:7cyc
00a069: dd 5e 02

[	LD D , [ IX + 3 ]] Z80:21cyc, R800:7cyc
00a06c: dd 56 03

[	ADD HL , DE] Z80:12cyc, R800:1cyc
00a06f: 19

[	LD [ PLAY_INFO_CH1 + INFO_PLAY_ADR_L ] , HL] Z80:17cyc, R800:7cyc
00a070: 22 bb a6

[	LD HL , [ PLAY_BGM_DATA_ADR ]] Z80:17cyc, R800:7cyc
00a073: 2a 99 a6

[	LD E , [ IX + 4 ]] Z80:21cyc, R800:7cyc
00a076: dd 5e 04

[	LD D , [ IX + 5 ]] Z80:21cyc, R800:7cyc
00a079: dd 56 05

[	ADD HL , DE] Z80:12cyc, R800:1cyc
00a07c: 19

[	LD [ PLAY_INFO_CH2 + INFO_PLAY_ADR_L ] , HL] Z80:17cyc, R800:7cyc
00a07d: 22 ce a6

[	XOR A , A] Z80:5cyc, R800:1cyc
00a080: af

[	LD [ PLAY_MASTER_VOLUME_SPEED ] , A] Z80:14cyc, R800:6cyc
00a081: 32 9c a6

[	LD [ PLAY_MASTER_VOLUME_WAIT ] , A] Z80:14cyc, R800:6cyc
00a084: 32 9b a6

[	LD [ PLAY_MASTER_VOLUME ] , A] Z80:14cyc, R800:6cyc
00a087: 32 9d a6

[	EI] Z80:5cyc, R800:1cyc
00a08a: fb

[	RET] Z80:11cyc, R800:5cyc
00a08b: c9

[BGMDRIVER_STOP ::]
	global label address: 0x00a08c

[	DI] Z80:5cyc, R800:2cyc
00a08c: f3

[	LD HL , PLAY_INFO_CH0] Z80:11cyc, R800:3cyc
00a08d: 21 a8 a6

[	CALL BGMDRIVER_INIT_PLAY_INFO] Z80:18cyc, R800:5cyc
00a090: cd 1c a1

[	LD HL , PLAY_INFO_CH1] Z80:11cyc, R800:3cyc
00a093: 21 bb a6

[	CALL BGMDRIVER_INIT_PLAY_INFO] Z80:18cyc, R800:5cyc
00a096: cd 1c a1

[	LD HL , PLAY_INFO_CH2] Z80:11cyc, R800:3cyc
00a099: 21 ce a6

[	CALL BGMDRIVER_INIT_PLAY_INFO] Z80:18cyc, R800:5cyc
00a09c: cd 1c a1

[	EI] Z80:5cyc, R800:1cyc
00a09f: fb

[	RET] Z80:11cyc, R800:5cyc
00a0a0: c9

[BGMDRIVER_CHECK_PLAYING ::]
	global label address: 0x00a0a1

[	DI] Z80:5cyc, R800:2cyc
00a0a1: f3

[	LD IX , PLAY_INFO_CH0] Z80:16cyc, R800:4cyc
00a0a2: dd 21 a8 a6

[	LD A , [ IX + INFO_PLAY_ADR_L ]] Z80:21cyc, R800:7cyc
00a0a6: dd 7e 00

[	OR A , [ IX + INFO_PLAY_ADR_H ]] Z80:21cyc, R800:7cyc
00a0a9: dd b6 01

[	LD IX , PLAY_INFO_CH1] Z80:16cyc, R800:4cyc
00a0ac: dd 21 bb a6

[	OR A , [ IX + INFO_PLAY_ADR_L ]] Z80:21cyc, R800:7cyc
00a0b0: dd b6 00

[	OR A , [ IX + INFO_PLAY_ADR_H ]] Z80:21cyc, R800:7cyc
00a0b3: dd b6 01

[	LD IX , PLAY_INFO_CH2] Z80:16cyc, R800:4cyc
00a0b6: dd 21 ce a6

[	OR A , [ IX + INFO_PLAY_ADR_L ]] Z80:21cyc, R800:7cyc
00a0ba: dd b6 00

[	OR A , [ IX + INFO_PLAY_ADR_H ]] Z80:21cyc, R800:7cyc
00a0bd: dd b6 01

[	EI] Z80:5cyc, R800:1cyc
00a0c0: fb

[	RET] Z80:11cyc, R800:5cyc
00a0c1: c9

[BGMDRIVER_FADEOUT ::]
	global label address: 0x00a0c2

[	DI] Z80:5cyc, R800:2cyc
00a0c2: f3

[	LD [ PLAY_MASTER_VOLUME_SPEED ] , A] Z80:14cyc, R800:6cyc
00a0c3: 32 9c a6

[	XOR A , A] Z80:5cyc, R800:1cyc
00a0c6: af

[	LD [ PLAY_MASTER_VOLUME_WAIT ] , A] Z80:14cyc, R800:6cyc
00a0c7: 32 9b a6

[	LD [ PLAY_MASTER_VOLUME ] , A] Z80:14cyc, R800:6cyc
00a0ca: 32 9d a6

[	EI] Z80:5cyc, R800:1cyc
00a0cd: fb

[	RET] Z80:11cyc, R800:5cyc
00a0ce: c9

[BGMDRIVER_MUTE_PSG ::]
	global label address: 0x00a0cf

[	DI] Z80:5cyc, R800:2cyc
00a0cf: f3

[	LD D , 0] Z80:8cyc, R800:2cyc
00a0d0: 16 00

[	LD HL , BGMPDRIVER_INIT_DATA] Z80:11cyc, R800:3cyc
00a0d2: 21 e4 a0

[	LD C , PSG_REG_ADR] Z80:8cyc, R800:2cyc
00a0d5: 0e a0

[	LD B , 16] Z80:8cyc, R800:2cyc
00a0d7: 06 10

[BGMDRIVER_MUTE_PSG_LOOP :]
	label address: 0x00a0d9

[	OUT [ C ] , D] Z80:14cyc, R800:10 or 9cyc
00a0d9: ed 51

[	INC D] Z80:5cyc, R800:1cyc
00a0db: 14

[	LD A , [ HL ]] Z80:8cyc, R800:4cyc
00a0dc: 7e

[	OUT [ PSG_REG_WRT ] , A] Z80:12cyc, R800:10 or 9cyc
00a0dd: d3 a1

[	INC HL] Z80:7cyc, R800:1cyc
00a0df: 23

[	DJNZ BGMDRIVER_MUTE_PSG_LOOP] Z80:14cyc(cond=true), 9cyc(cond=false), R800:3cyc(cond=true), 2cyc(cond=false)
00a0e0: 10 f7

[	EI] Z80:5cyc, R800:1cyc
00a0e2: fb

[	RET] Z80:11cyc, R800:5cyc
00a0e3: c9

[BGMPDRIVER_INIT_DATA :]
	label address: 0x00a0e4

[	DB 0 , 0 , 0 , 0 , 0 , 0 , 0 , 0X80 + 0X3F , 0 , 0 , 0 , 0 , 0 , 0 , 0 , 0]
00a0e4: 00 00 00 00 00 00 00 bf
00a0ec: 00 00 00 00 00 00 00 00

[BGMDRIVER_PLAY_SOUND_EFFECT ::]
	global label address: 0x00a0f4

[	PUSH HL] Z80:12cyc, R800:6cyc
00a0f4: e5

[	DI] Z80:5cyc, R800:2cyc
00a0f5: f3

[	LD A , [ PLAY_SOUND_EFFECT_PRIORITY ]] Z80:14cyc, R800:6cyc
00a0f6: 3a 97 a6

[	CP A , [ HL ]] Z80:8cyc, R800:4cyc
00a0f9: be

[	JP C , BGMDRIVER_PLAY_SOUND_EFFECT_SKIP] Z80:11cyc, R800:5cyc(cond=true), 3cyc(cond=false)
00a0fa: da 19 a1

[	LD A , [ HL ]] Z80:8cyc, R800:4cyc
00a0fd: 7e

[	LD [ PLAY_SOUND_EFFECT_PRIORITY ] , A] Z80:14cyc, R800:6cyc
00a0fe: 32 97 a6

[	INC HL] Z80:7cyc, R800:1cyc
00a101: 23

[	LD [ PLAY_SOUND_EFFECT_ADR ] , HL] Z80:17cyc, R800:7cyc
00a102: 22 95 a6

[	XOR A , A] Z80:5cyc, R800:1cyc
00a105: af

[	LD [ PLAY_SOUND_EFFECT_WAIT_COUNT ] , A] Z80:14cyc, R800:6cyc
00a106: 32 90 a6

[	LD [ PLAY_SOUND_EFFECT_FREQ + 0 ] , A] Z80:14cyc, R800:6cyc
00a109: 32 91 a6

[	LD [ PLAY_SOUND_EFFECT_FREQ + 1 ] , A] Z80:14cyc, R800:6cyc
00a10c: 32 92 a6

[	LD [ PLAY_SOUND_EFFECT_NOISE_FREQ ] , A] Z80:14cyc, R800:6cyc
00a10f: 32 93 a6

[	LD [ PLAY_SOUND_EFFECT_VOLUME ] , A] Z80:14cyc, R800:6cyc
00a112: 32 94 a6

[	INC A] Z80:5cyc, R800:1cyc
00a115: 3c

[	LD [ PLAY_SOUND_EFFECT_ACTIVE ] , A] Z80:14cyc, R800:6cyc
00a116: 32 8f a6

[BGMDRIVER_PLAY_SOUND_EFFECT_SKIP :]
	label address: 0x00a119

[	POP HL] Z80:11cyc, R800:5cyc
00a119: e1

[	EI] Z80:5cyc, R800:1cyc
00a11a: fb

[	RET] Z80:11cyc, R800:5cyc
00a11b: c9

[BGMDRIVER_INIT_PLAY_INFO :]
	label address: 0x00a11c

[	LD E , L] Z80:5cyc, R800:2cyc
00a11c: 5d

[	LD D , H] Z80:5cyc, R800:2cyc
00a11d: 54

[	INC DE] Z80:7cyc, R800:1cyc
00a11e: 13

[	LD BC , INFO_SIZE - 1] Z80:11cyc, R800:3cyc
00a11f: 01 12 00

[	XOR A , A] Z80:5cyc, R800:1cyc
00a122: af

[	LD [ HL ] , A] Z80:8cyc, R800:4cyc
00a123: 77

[	LDIR] Z80:23cyc(BC!=0), 18cyc(BC=0), R800:?cyc(BC!=0), 7cyc(BC=0)
00a124: ed b0

[	RET] Z80:11cyc, R800:5cyc
00a126: c9

[BGMDRIVER_INTERRUPT_HANDLER ::]
	global label address: 0x00a127

[	LD IX , PLAY_INFO_CH0] Z80:16cyc, R800:4cyc
00a127: dd 21 a8 a6

[	CALL BGMDRIVER_PLAY_CH] Z80:18cyc, R800:5cyc
00a12b: cd 46 a1

[	LD IX , PLAY_INFO_CH1] Z80:16cyc, R800:4cyc
00a12e: dd 21 bb a6

[	CALL BGMDRIVER_PLAY_CH] Z80:18cyc, R800:5cyc
00a132: cd 46 a1

[	LD IX , PLAY_INFO_CH2] Z80:16cyc, R800:4cyc
00a135: dd 21 ce a6

[	CALL BGMDRIVER_PLAY_CH] Z80:18cyc, R800:5cyc
00a139: cd 46 a1

[	CALL BGMDRIVER_SOUND_EFFECT] Z80:18cyc, R800:5cyc
00a13c: cd 66 a4

[	CALL BGMDRIVER_FADEOUT_PROC] Z80:18cyc, R800:5cyc
00a13f: cd 2c a4

[	CALL BGMDRIVER_MIXER] Z80:18cyc, R800:5cyc
00a142: cd c1 a4

[	RET] Z80:11cyc, R800:5cyc
00a145: c9

[BGMDRIVER_PLAY_CH :]
	label address: 0x00a146

[	LD A , [ IX + INFO_PLAY_ADR_L ]] Z80:21cyc, R800:7cyc
00a146: dd 7e 00

[	OR A , [ IX + INFO_PLAY_ADR_H ]] Z80:21cyc, R800:7cyc
00a149: dd b6 01

[	RET Z] Z80:12cyc(branch), 6cyc(through), R800:5cyc(branch), 1cyc(through)
00a14c: c8

[	LD L , [ IX + INFO_WAIT_COUNT_L ]] Z80:21cyc, R800:7cyc
00a14d: dd 6e 02

[	LD H , [ IX + INFO_WAIT_COUNT_H ]] Z80:21cyc, R800:7cyc
00a150: dd 66 03

[	LD A , L] Z80:5cyc, R800:2cyc
00a153: 7d

[	OR A , H] Z80:5cyc, R800:1cyc
00a154: b4

[	JR Z , BGMDRIVER_CHECK_NEXT_DATA] Z80:13cyc(cond=true), 8cyc(cond=false), R800:3cyc(cond=true), 2cyc(cond=false)
00a155: 28 0a

[	DEC HL] Z80:7cyc, R800:1cyc
00a157: 2b

[	LD [ IX + INFO_WAIT_COUNT_L ] , L] Z80:8cyc, R800:4cyc
00a158: dd 75 02

[	LD [ IX + INFO_WAIT_COUNT_H ] , H] Z80:8cyc, R800:4cyc
00a15b: dd 74 03

[	JP BGMDRIVER_UPDATE_VIBRATO] Z80:11cyc, R800:5cyc
00a15e: c3 46 a3

[BGMDRIVER_CHECK_NEXT_DATA :]
	label address: 0x00a161

[	LD L , [ IX + INFO_PLAY_ADR_L ]] Z80:21cyc, R800:7cyc
00a161: dd 6e 00

[	LD H , [ IX + INFO_PLAY_ADR_H ]] Z80:21cyc, R800:7cyc
00a164: dd 66 01

[	LD A , [ HL ]] Z80:8cyc, R800:4cyc
00a167: 7e

[	INC HL] Z80:7cyc, R800:1cyc
00a168: 23

[	CP A , 96] Z80:8cyc, R800:2cyc
00a169: fe 60

[	JP C , BGMDRIVER_KEYON] Z80:11cyc, R800:5cyc(cond=true), 3cyc(cond=false)
00a16b: da 9f a1

[	CP A , 101] Z80:8cyc, R800:2cyc
00a16e: fe 65

[	JP C , BGMDRIVER_DRUM_KEYON] Z80:11cyc, R800:5cyc(cond=true), 3cyc(cond=false)
00a170: da e7 a1

[	JP Z , BGMDRIVER_KEYOFF] Z80:11cyc, R800:5cyc(cond=true), 3cyc(cond=false)
00a173: ca 14 a2

[	CP A , 103] Z80:8cyc, R800:2cyc
00a176: fe 67

[	JP C , BGMDRIVER_REST] Z80:11cyc, R800:5cyc(cond=true), 3cyc(cond=false)
00a178: da 32 a2

[	JP Z , BGMDRIVER_VOLUME] Z80:11cyc, R800:5cyc(cond=true), 3cyc(cond=false)
00a17b: ca 4c a2

[	CP A , 105] Z80:8cyc, R800:2cyc
00a17e: fe 69

[	JP C , BGMDRIVER_SOUND_FONT] Z80:11cyc, R800:5cyc(cond=true), 3cyc(cond=false)
00a180: da 5a a2

[	JP Z , BGMDRIVER_JUMP] Z80:11cyc, R800:5cyc(cond=true), 3cyc(cond=false)
00a183: ca 23 a3

[	CP A , 107] Z80:8cyc, R800:2cyc
00a186: fe 6b

[	JP C , BGMDRIVER_PLAY_END] Z80:11cyc, R800:5cyc(cond=true), 3cyc(cond=false)
00a188: da 33 a3

[	JP Z , BGMDRIVER_DRUM1_FONT] Z80:11cyc, R800:5cyc(cond=true), 3cyc(cond=false)
00a18b: ca 7e a2

[	CP A , 109] Z80:8cyc, R800:2cyc
00a18e: fe 6d

[	JP C , BGMDRIVER_DRUM2_FONT] Z80:11cyc, R800:5cyc(cond=true), 3cyc(cond=false)
00a190: da 9f a2

[	JP Z , BGMDRIVER_DRUM3_FONT] Z80:11cyc, R800:5cyc(cond=true), 3cyc(cond=false)
00a193: ca c0 a2

[	CP A , 111] Z80:8cyc, R800:2cyc
00a196: fe 6f

[	JP C , BGMDRIVER_DRUM4_FONT] Z80:11cyc, R800:5cyc(cond=true), 3cyc(cond=false)
00a198: da e1 a2

[	JP Z , BGMDRIVER_DRUM5_FONT] Z80:11cyc, R800:5cyc(cond=true), 3cyc(cond=false)
00a19b: ca 02 a3

[	RET] Z80:11cyc, R800:5cyc
00a19e: c9

[BGMDRIVER_KEYON :]
	label address: 0x00a19f

[	LD C , A] Z80:5cyc, R800:2cyc
00a19f: 4f

[	CALL BGMDRIVER_GET_WAIT_TIME] Z80:18cyc, R800:5cyc
00a1a0: cd 16 a4

[	LD [ IX + INFO_WAIT_COUNT_L ] , E] Z80:8cyc, R800:4cyc
00a1a3: dd 73 02

[	LD [ IX + INFO_WAIT_COUNT_H ] , D] Z80:8cyc, R800:4cyc
00a1a6: dd 72 03

[	LD [ IX + INFO_PLAY_ADR_L ] , L] Z80:8cyc, R800:4cyc
00a1a9: dd 75 00

[	LD [ IX + INFO_PLAY_ADR_H ] , H] Z80:8cyc, R800:4cyc
00a1ac: dd 74 01

[	LD A , C] Z80:5cyc, R800:2cyc
00a1af: 79

[	RLCA] Z80:5cyc, R800:1cyc
00a1b0: 07

[	LD L , A] Z80:5cyc, R800:2cyc
00a1b1: 6f

[	LD H , 0] Z80:8cyc, R800:2cyc
00a1b2: 26 00

[	LD DE , FREQ_DATA] Z80:11cyc, R800:3cyc
00a1b4: 11 cf a5

[	ADD HL , DE] Z80:12cyc, R800:1cyc
00a1b7: 19

[	LD E , [ HL ]] Z80:8cyc, R800:4cyc
00a1b8: 5e

[	INC HL] Z80:7cyc, R800:1cyc
00a1b9: 23

[	LD D , [ HL ]] Z80:8cyc, R800:4cyc
00a1ba: 56

[	LD L , [ IX + INFO_SEL_SFONT_L ]] Z80:21cyc, R800:7cyc
00a1bb: dd 6e 11

[	LD H , [ IX + INFO_SEL_SFONT_H ]] Z80:21cyc, R800:7cyc
00a1be: dd 66 12

[BGMDRIVER_SET_FREQ :]
	label address: 0x00a1c1

[	LD [ IX + INFO_TONE_FREQ_L ] , E] Z80:8cyc, R800:4cyc
00a1c1: dd 73 06

[	LD [ IX + INFO_TONE_FREQ_H ] , D] Z80:8cyc, R800:4cyc
00a1c4: dd 72 07

[	XOR A , A] Z80:5cyc, R800:1cyc
00a1c7: af

[	LD [ IX + INFO_ENV_STATE ] , A] Z80:8cyc, R800:4cyc
00a1c8: dd 77 0b

[	LD [ IX + INFO_ENV_VOL ] , A] Z80:8cyc, R800:4cyc
00a1cb: dd 77 0c

[	LD [ IX + INFO_VIB_INDEX ] , A] Z80:8cyc, R800:4cyc
00a1ce: dd 77 0d

[	LD [ IX + INFO_SOUND_FONT_L ] , L] Z80:8cyc, R800:4cyc
00a1d1: dd 75 0e

[	LD [ IX + INFO_SOUND_FONT_H ] , H] Z80:8cyc, R800:4cyc
00a1d4: dd 74 0f

[	LD DE , SFONT_VIB_WAIT] Z80:11cyc, R800:3cyc
00a1d7: 11 25 00

[	ADD HL , DE] Z80:12cyc, R800:1cyc
00a1da: 19

[	LD A , [ HL ]] Z80:8cyc, R800:4cyc
00a1db: 7e

[	LD [ IX + INFO_VIB_WAIT ] , A] Z80:8cyc, R800:4cyc
00a1dc: dd 77 0a

[	INC HL] Z80:7cyc, R800:1cyc
00a1df: 23

[	LD A , [ HL ]] Z80:8cyc, R800:4cyc
00a1e0: 7e

[	LD [ IX + INFO_NOISE_FREQ ] , A] Z80:8cyc, R800:4cyc
00a1e1: dd 77 10

[	JP BGMDRIVER_UPDATE_VIBRATO] Z80:11cyc, R800:5cyc
00a1e4: c3 46 a3

[BGMDRIVER_DRUM_KEYON :]
	label address: 0x00a1e7

[	LD C , A] Z80:5cyc, R800:2cyc
00a1e7: 4f

[	CALL BGMDRIVER_GET_WAIT_TIME] Z80:18cyc, R800:5cyc
00a1e8: cd 16 a4

[	LD [ IX + INFO_WAIT_COUNT_L ] , E] Z80:8cyc, R800:4cyc
00a1eb: dd 73 02

[	LD [ IX + INFO_WAIT_COUNT_H ] , D] Z80:8cyc, R800:4cyc
00a1ee: dd 72 03

[	LD [ IX + INFO_PLAY_ADR_L ] , L] Z80:8cyc, R800:4cyc
00a1f1: dd 75 00

[	LD [ IX + INFO_PLAY_ADR_H ] , H] Z80:8cyc, R800:4cyc
00a1f4: dd 74 01

[	LD A , C] Z80:5cyc, R800:2cyc
00a1f7: 79

[	SUB A , 96] Z80:8cyc, R800:2cyc
00a1f8: d6 60

[	RLCA] Z80:5cyc, R800:1cyc
00a1fa: 07

[	LD HL , PLAY_DRUM_FONT1] Z80:11cyc, R800:3cyc
00a1fb: 21 9e a6

[	ADD A , L] Z80:5cyc, R800:1cyc
00a1fe: 85

[	LD L , A] Z80:5cyc, R800:2cyc
00a1ff: 6f

[	LD A , 0] Z80:8cyc, R800:2cyc
00a200: 3e 00

[	ADC A , H] Z80:5cyc, R800:1cyc
00a202: 8c

[	LD H , A] Z80:5cyc, R800:2cyc
00a203: 67

[	LD E , [ HL ]] Z80:8cyc, R800:4cyc
00a204: 5e

[	INC HL] Z80:7cyc, R800:1cyc
00a205: 23

[	LD D , [ HL ]] Z80:8cyc, R800:4cyc
00a206: 56

[	EX DE , HL] Z80:5cyc, R800:1cyc
00a207: eb

[	PUSH HL] Z80:12cyc, R800:6cyc
00a208: e5

[	LD DE , SFONT_FREQ_L] Z80:11cyc, R800:3cyc
00a209: 11 27 00

[	ADD HL , DE] Z80:12cyc, R800:1cyc
00a20c: 19

[	LD E , [ HL ]] Z80:8cyc, R800:4cyc
00a20d: 5e

[	INC HL] Z80:7cyc, R800:1cyc
00a20e: 23

[	LD D , [ HL ]] Z80:8cyc, R800:4cyc
00a20f: 56

[	POP HL] Z80:11cyc, R800:5cyc
00a210: e1

[	JP BGMDRIVER_SET_FREQ] Z80:11cyc, R800:5cyc
00a211: c3 c1 a1

[BGMDRIVER_KEYOFF :]
	label address: 0x00a214

[	CALL BGMDRIVER_GET_WAIT_TIME] Z80:18cyc, R800:5cyc
00a214: cd 16 a4

[	LD [ IX + INFO_WAIT_COUNT_L ] , E] Z80:8cyc, R800:4cyc
00a217: dd 73 02

[	LD [ IX + INFO_WAIT_COUNT_H ] , D] Z80:8cyc, R800:4cyc
00a21a: dd 72 03

[	LD [ IX + INFO_PLAY_ADR_L ] , L] Z80:8cyc, R800:4cyc
00a21d: dd 75 00

[	LD [ IX + INFO_PLAY_ADR_H ] , H] Z80:8cyc, R800:4cyc
00a220: dd 74 01

[	LD A , [ IX + INFO_ENV_STATE ]] Z80:21cyc, R800:7cyc
00a223: dd 7e 0b

[	CP A , 3] Z80:8cyc, R800:2cyc
00a226: fe 03

[	JP NC , BGMDRIVER_UPDATE_VIBRATO] Z80:11cyc, R800:5cyc(cond=true), 3cyc(cond=false)
00a228: d2 46 a3

[	LD [ IX + INFO_ENV_STATE ] , 3] Z80:21cyc, R800:7cyc
00a22b: dd 36 0b 03

[	JP BGMDRIVER_UPDATE_VIBRATO] Z80:11cyc, R800:5cyc
00a22f: c3 46 a3

[BGMDRIVER_REST :]
	label address: 0x00a232

[	CALL BGMDRIVER_GET_WAIT_TIME] Z80:18cyc, R800:5cyc
00a232: cd 16 a4

[	LD [ IX + INFO_WAIT_COUNT_L ] , E] Z80:8cyc, R800:4cyc
00a235: dd 73 02

[	LD [ IX + INFO_WAIT_COUNT_H ] , D] Z80:8cyc, R800:4cyc
00a238: dd 72 03

[	LD [ IX + INFO_PLAY_ADR_L ] , L] Z80:8cyc, R800:4cyc
00a23b: dd 75 00

[	LD [ IX + INFO_PLAY_ADR_H ] , H] Z80:8cyc, R800:4cyc
00a23e: dd 74 01

[	LD [ IX + INFO_ENV_STATE ] , 4] Z80:21cyc, R800:7cyc
00a241: dd 36 0b 04

[	LD [ IX + INFO_ENV_VOL ] , 0] Z80:21cyc, R800:7cyc
00a245: dd 36 0c 00

[	JP BGMDRIVER_UPDATE_VIBRATO] Z80:11cyc, R800:5cyc
00a249: c3 46 a3

[BGMDRIVER_VOLUME :]
	label address: 0x00a24c

[	LD A , [ HL ]] Z80:8cyc, R800:4cyc
00a24c: 7e

[	INC HL] Z80:7cyc, R800:1cyc
00a24d: 23

[	LD [ IX + INFO_PLAY_ADR_L ] , L] Z80:8cyc, R800:4cyc
00a24e: dd 75 00

[	LD [ IX + INFO_PLAY_ADR_H ] , H] Z80:8cyc, R800:4cyc
00a251: dd 74 01

[	LD [ IX + INFO_TONE_VOL ] , A] Z80:8cyc, R800:4cyc
00a254: dd 77 09

[	JP BGMDRIVER_CHECK_NEXT_DATA] Z80:11cyc, R800:5cyc
00a257: c3 61 a1

[BGMDRIVER_SOUND_FONT :]
	label address: 0x00a25a

[	LD E , [ HL ]] Z80:8cyc, R800:4cyc
00a25a: 5e

[	INC HL] Z80:7cyc, R800:1cyc
00a25b: 23

[	LD D , [ HL ]] Z80:8cyc, R800:4cyc
00a25c: 56

[	INC HL] Z80:7cyc, R800:1cyc
00a25d: 23

[	LD [ IX + INFO_PLAY_ADR_L ] , L] Z80:8cyc, R800:4cyc
00a25e: dd 75 00

[	LD [ IX + INFO_PLAY_ADR_H ] , H] Z80:8cyc, R800:4cyc
00a261: dd 74 01

[	LD HL , [ PLAY_BGM_DATA_ADR ]] Z80:17cyc, R800:7cyc
00a264: 2a 99 a6

[	ADD HL , DE] Z80:12cyc, R800:1cyc
00a267: 19

[	LD [ IX + INFO_SEL_SFONT_L ] , L] Z80:8cyc, R800:4cyc
00a268: dd 75 11

[	LD [ IX + INFO_SEL_SFONT_H ] , H] Z80:8cyc, R800:4cyc
00a26b: dd 74 12

[	XOR A , A] Z80:5cyc, R800:1cyc
00a26e: af

[	LD [ IX + INFO_VIB_WAIT ] , A] Z80:8cyc, R800:4cyc
00a26f: dd 77 0a

[	LD [ IX + INFO_ENV_STATE ] , A] Z80:8cyc, R800:4cyc
00a272: dd 77 0b

[	LD [ IX + INFO_ENV_VOL ] , A] Z80:8cyc, R800:4cyc
00a275: dd 77 0c

[	LD [ IX + INFO_VIB_INDEX ] , A] Z80:8cyc, R800:4cyc
00a278: dd 77 0d

[	JP BGMDRIVER_CHECK_NEXT_DATA] Z80:11cyc, R800:5cyc
00a27b: c3 61 a1

[BGMDRIVER_DRUM1_FONT :]
	label address: 0x00a27e

[	LD E , [ HL ]] Z80:8cyc, R800:4cyc
00a27e: 5e

[	INC HL] Z80:7cyc, R800:1cyc
00a27f: 23

[	LD D , [ HL ]] Z80:8cyc, R800:4cyc
00a280: 56

[	INC HL] Z80:7cyc, R800:1cyc
00a281: 23

[	LD [ IX + INFO_PLAY_ADR_L ] , L] Z80:8cyc, R800:4cyc
00a282: dd 75 00

[	LD [ IX + INFO_PLAY_ADR_H ] , H] Z80:8cyc, R800:4cyc
00a285: dd 74 01

[	LD HL , [ PLAY_BGM_DATA_ADR ]] Z80:17cyc, R800:7cyc
00a288: 2a 99 a6

[	ADD HL , DE] Z80:12cyc, R800:1cyc
00a28b: 19

[	LD [ PLAY_DRUM_FONT1 ] , HL] Z80:17cyc, R800:7cyc
00a28c: 22 9e a6

[	XOR A , A] Z80:5cyc, R800:1cyc
00a28f: af

[	LD [ IX + INFO_VIB_WAIT ] , A] Z80:8cyc, R800:4cyc
00a290: dd 77 0a

[	LD [ IX + INFO_ENV_STATE ] , A] Z80:8cyc, R800:4cyc
00a293: dd 77 0b

[	LD [ IX + INFO_ENV_VOL ] , A] Z80:8cyc, R800:4cyc
00a296: dd 77 0c

[	LD [ IX + INFO_VIB_INDEX ] , A] Z80:8cyc, R800:4cyc
00a299: dd 77 0d

[	JP BGMDRIVER_CHECK_NEXT_DATA] Z80:11cyc, R800:5cyc
00a29c: c3 61 a1

[BGMDRIVER_DRUM2_FONT :]
	label address: 0x00a29f

[	LD E , [ HL ]] Z80:8cyc, R800:4cyc
00a29f: 5e

[	INC HL] Z80:7cyc, R800:1cyc
00a2a0: 23

[	LD D , [ HL ]] Z80:8cyc, R800:4cyc
00a2a1: 56

[	INC HL] Z80:7cyc, R800:1cyc
00a2a2: 23

[	LD [ IX + INFO_PLAY_ADR_L ] , L] Z80:8cyc, R800:4cyc
00a2a3: dd 75 00

[	LD [ IX + INFO_PLAY_ADR_H ] , H] Z80:8cyc, R800:4cyc
00a2a6: dd 74 01

[	LD HL , [ PLAY_BGM_DATA_ADR ]] Z80:17cyc, R800:7cyc
00a2a9: 2a 99 a6

[	ADD HL , DE] Z80:12cyc, R800:1cyc
00a2ac: 19

[	LD [ PLAY_DRUM_FONT2 ] , HL] Z80:17cyc, R800:7cyc
00a2ad: 22 a0 a6

[	XOR A , A] Z80:5cyc, R800:1cyc
00a2b0: af

[	LD [ IX + INFO_VIB_WAIT ] , A] Z80:8cyc, R800:4cyc
00a2b1: dd 77 0a

[	LD [ IX + INFO_ENV_STATE ] , A] Z80:8cyc, R800:4cyc
00a2b4: dd 77 0b

[	LD [ IX + INFO_ENV_VOL ] , A] Z80:8cyc, R800:4cyc
00a2b7: dd 77 0c

[	LD [ IX + INFO_VIB_INDEX ] , A] Z80:8cyc, R800:4cyc
00a2ba: dd 77 0d

[	JP BGMDRIVER_CHECK_NEXT_DATA] Z80:11cyc, R800:5cyc
00a2bd: c3 61 a1

[BGMDRIVER_DRUM3_FONT :]
	label address: 0x00a2c0

[	LD E , [ HL ]] Z80:8cyc, R800:4cyc
00a2c0: 5e

[	INC HL] Z80:7cyc, R800:1cyc
00a2c1: 23

[	LD D , [ HL ]] Z80:8cyc, R800:4cyc
00a2c2: 56

[	INC HL] Z80:7cyc, R800:1cyc
00a2c3: 23

[	LD [ IX + INFO_PLAY_ADR_L ] , L] Z80:8cyc, R800:4cyc
00a2c4: dd 75 00

[	LD [ IX + INFO_PLAY_ADR_H ] , H] Z80:8cyc, R800:4cyc
00a2c7: dd 74 01

[	LD HL , [ PLAY_BGM_DATA_ADR ]] Z80:17cyc, R800:7cyc
00a2ca: 2a 99 a6

[	ADD HL , DE] Z80:12cyc, R800:1cyc
00a2cd: 19

[	LD [ PLAY_DRUM_FONT3 ] , HL] Z80:17cyc, R800:7cyc
00a2ce: 22 a2 a6

[	XOR A , A] Z80:5cyc, R800:1cyc
00a2d1: af

[	LD [ IX + INFO_VIB_WAIT ] , A] Z80:8cyc, R800:4cyc
00a2d2: dd 77 0a

[	LD [ IX + INFO_ENV_STATE ] , A] Z80:8cyc, R800:4cyc
00a2d5: dd 77 0b

[	LD [ IX + INFO_ENV_VOL ] , A] Z80:8cyc, R800:4cyc
00a2d8: dd 77 0c

[	LD [ IX + INFO_VIB_INDEX ] , A] Z80:8cyc, R800:4cyc
00a2db: dd 77 0d

[	JP BGMDRIVER_CHECK_NEXT_DATA] Z80:11cyc, R800:5cyc
00a2de: c3 61 a1

[BGMDRIVER_DRUM4_FONT :]
	label address: 0x00a2e1

[	LD E , [ HL ]] Z80:8cyc, R800:4cyc
00a2e1: 5e

[	INC HL] Z80:7cyc, R800:1cyc
00a2e2: 23

[	LD D , [ HL ]] Z80:8cyc, R800:4cyc
00a2e3: 56

[	INC HL] Z80:7cyc, R800:1cyc
00a2e4: 23

[	LD [ IX + INFO_PLAY_ADR_L ] , L] Z80:8cyc, R800:4cyc
00a2e5: dd 75 00

[	LD [ IX + INFO_PLAY_ADR_H ] , H] Z80:8cyc, R800:4cyc
00a2e8: dd 74 01

[	LD HL , [ PLAY_BGM_DATA_ADR ]] Z80:17cyc, R800:7cyc
00a2eb: 2a 99 a6

[	ADD HL , DE] Z80:12cyc, R800:1cyc
00a2ee: 19

[	LD [ PLAY_DRUM_FONT4 ] , HL] Z80:17cyc, R800:7cyc
00a2ef: 22 a4 a6

[	XOR A , A] Z80:5cyc, R800:1cyc
00a2f2: af

[	LD [ IX + INFO_VIB_WAIT ] , A] Z80:8cyc, R800:4cyc
00a2f3: dd 77 0a

[	LD [ IX + INFO_ENV_STATE ] , A] Z80:8cyc, R800:4cyc
00a2f6: dd 77 0b

[	LD [ IX + INFO_ENV_VOL ] , A] Z80:8cyc, R800:4cyc
00a2f9: dd 77 0c

[	LD [ IX + INFO_VIB_INDEX ] , A] Z80:8cyc, R800:4cyc
00a2fc: dd 77 0d

[	JP BGMDRIVER_CHECK_NEXT_DATA] Z80:11cyc, R800:5cyc
00a2ff: c3 61 a1

[BGMDRIVER_DRUM5_FONT :]
	label address: 0x00a302

[	LD E , [ HL ]] Z80:8cyc, R800:4cyc
00a302: 5e

[	INC HL] Z80:7cyc, R800:1cyc
00a303: 23

[	LD D , [ HL ]] Z80:8cyc, R800:4cyc
00a304: 56

[	INC HL] Z80:7cyc, R800:1cyc
00a305: 23

[	LD [ IX + INFO_PLAY_ADR_L ] , L] Z80:8cyc, R800:4cyc
00a306: dd 75 00

[	LD [ IX + INFO_PLAY_ADR_H ] , H] Z80:8cyc, R800:4cyc
00a309: dd 74 01

[	LD HL , [ PLAY_BGM_DATA_ADR ]] Z80:17cyc, R800:7cyc
00a30c: 2a 99 a6

[	ADD HL , DE] Z80:12cyc, R800:1cyc
00a30f: 19

[	LD [ PLAY_DRUM_FONT5 ] , HL] Z80:17cyc, R800:7cyc
00a310: 22 a6 a6

[	XOR A , A] Z80:5cyc, R800:1cyc
00a313: af

[	LD [ IX + INFO_VIB_WAIT ] , A] Z80:8cyc, R800:4cyc
00a314: dd 77 0a

[	LD [ IX + INFO_ENV_STATE ] , A] Z80:8cyc, R800:4cyc
00a317: dd 77 0b

[	LD [ IX + INFO_ENV_VOL ] , A] Z80:8cyc, R800:4cyc
00a31a: dd 77 0c

[	LD [ IX + INFO_VIB_INDEX ] , A] Z80:8cyc, R800:4cyc
00a31d: dd 77 0d

[	JP BGMDRIVER_CHECK_NEXT_DATA] Z80:11cyc, R800:5cyc
00a320: c3 61 a1

[BGMDRIVER_JUMP :]
	label address: 0x00a323

[	LD E , [ HL ]] Z80:8cyc, R800:4cyc
00a323: 5e

[	INC HL] Z80:7cyc, R800:1cyc
00a324: 23

[	LD D , [ HL ]] Z80:8cyc, R800:4cyc
00a325: 56

[	LD HL , [ PLAY_BGM_DATA_ADR ]] Z80:17cyc, R800:7cyc
00a326: 2a 99 a6

[	ADD HL , DE] Z80:12cyc, R800:1cyc
00a329: 19

[	LD [ IX + INFO_PLAY_ADR_L ] , L] Z80:8cyc, R800:4cyc
00a32a: dd 75 00

[	LD [ IX + INFO_PLAY_ADR_H ] , H] Z80:8cyc, R800:4cyc
00a32d: dd 74 01

[	JP BGMDRIVER_CHECK_NEXT_DATA] Z80:11cyc, R800:5cyc
00a330: c3 61 a1

[BGMDRIVER_PLAY_END :]
	label address: 0x00a333

[	XOR A , A] Z80:5cyc, R800:1cyc
00a333: af

[	LD [ IX + INFO_PLAY_ADR_L ] , A] Z80:8cyc, R800:4cyc
00a334: dd 77 00

[	LD [ IX + INFO_PLAY_ADR_H ] , A] Z80:8cyc, R800:4cyc
00a337: dd 77 01

[	LD [ IX + INFO_TONE_VOL ] , A] Z80:8cyc, R800:4cyc
00a33a: dd 77 09

[	LD [ IX + INFO_ENV_STATE ] , A] Z80:8cyc, R800:4cyc
00a33d: dd 77 0b

[	LD [ IX + INFO_ENV_VOL ] , A] Z80:8cyc, R800:4cyc
00a340: dd 77 0c

[	JP BGMDRIVER_ENVELOPE_END] Z80:11cyc, R800:5cyc
00a343: c3 fd a3

[BGMDRIVER_UPDATE_VIBRATO :]
	label address: 0x00a346

[	LD A , [ IX + INFO_VIB_WAIT ]] Z80:21cyc, R800:7cyc
00a346: dd 7e 0a

[	OR A , A] Z80:5cyc, R800:1cyc
00a349: b7

[	JR Z , BGMDRIVER_VIBRATO_ACTIVE] Z80:13cyc(cond=true), 8cyc(cond=false), R800:3cyc(cond=true), 2cyc(cond=false)
00a34a: 28 0d

[	DEC A] Z80:5cyc, R800:1cyc
00a34c: 3d

[	LD [ IX + INFO_VIB_WAIT ] , A] Z80:8cyc, R800:4cyc
00a34d: dd 77 0a

[	LD L , [ IX + INFO_TONE_FREQ_L ]] Z80:21cyc, R800:7cyc
00a350: dd 6e 06

[	LD H , [ IX + INFO_TONE_FREQ_H ]] Z80:21cyc, R800:7cyc
00a353: dd 66 07

[	JP BGMDRIVER_UPDATE_FREQ] Z80:11cyc, R800:5cyc
00a356: c3 7b a3

[BGMDRIVER_VIBRATO_ACTIVE :]
	label address: 0x00a359

[	LD A , [ IX + INFO_VIB_INDEX ]] Z80:21cyc, R800:7cyc
00a359: dd 7e 0d

[	LD E , A] Z80:5cyc, R800:2cyc
00a35c: 5f

[	INC A] Z80:5cyc, R800:1cyc
00a35d: 3c

[	AND A , 31] Z80:8cyc, R800:2cyc
00a35e: e6 1f

[	LD [ IX + INFO_VIB_INDEX ] , A] Z80:8cyc, R800:4cyc
00a360: dd 77 0d

[	LD D , 0] Z80:8cyc, R800:2cyc
00a363: 16 00

[	LD L , [ IX + INFO_SOUND_FONT_L ]] Z80:21cyc, R800:7cyc
00a365: dd 6e 0e

[	LD H , [ IX + INFO_SOUND_FONT_H ]] Z80:21cyc, R800:7cyc
00a368: dd 66 0f

[	ADD HL , DE] Z80:12cyc, R800:1cyc
00a36b: 19

[	LD A , [ HL ]] Z80:8cyc, R800:4cyc
00a36c: 7e

[	LD L , [ IX + INFO_TONE_FREQ_L ]] Z80:21cyc, R800:7cyc
00a36d: dd 6e 06

[	LD H , [ IX + INFO_TONE_FREQ_H ]] Z80:21cyc, R800:7cyc
00a370: dd 66 07

[	OR A , A] Z80:5cyc, R800:1cyc
00a373: b7

[	JP P , BGMDRIVER_VIBRATO_ACTIVE_SKIP] Z80:11cyc, R800:5cyc(cond=true), 3cyc(cond=false)
00a374: f2 79 a3

[	LD D , 255] Z80:8cyc, R800:2cyc
00a377: 16 ff

[BGMDRIVER_VIBRATO_ACTIVE_SKIP :]
	label address: 0x00a379

[	LD E , A] Z80:5cyc, R800:2cyc
00a379: 5f

[	ADD HL , DE] Z80:12cyc, R800:1cyc
00a37a: 19

[BGMDRIVER_UPDATE_FREQ :]
	label address: 0x00a37b

[	LD [ IX + INFO_EFF_FREQ_L ] , L] Z80:8cyc, R800:4cyc
00a37b: dd 75 04

[	LD [ IX + INFO_EFF_FREQ_H ] , H] Z80:8cyc, R800:4cyc
00a37e: dd 74 05

[	LD L , [ IX + INFO_SOUND_FONT_L ]] Z80:21cyc, R800:7cyc
00a381: dd 6e 0e

[	LD H , [ IX + INFO_SOUND_FONT_H ]] Z80:21cyc, R800:7cyc
00a384: dd 66 0f

[	LD D , 0] Z80:8cyc, R800:2cyc
00a387: 16 00

[	LD A , [ IX + INFO_ENV_STATE ]] Z80:21cyc, R800:7cyc
00a389: dd 7e 0b

[	SUB A , 1] Z80:8cyc, R800:2cyc
00a38c: d6 01

[	JR C , BGMDRIVER_ENVELOPE_AR] Z80:13cyc(cond=true), 8cyc(cond=false), R800:3cyc(cond=true), 2cyc(cond=false)
00a38e: 38 55

[	JR Z , BGMDRIVER_ENVELOPE_DR] Z80:13cyc(cond=true), 8cyc(cond=false), R800:3cyc(cond=true), 2cyc(cond=false)
00a390: 28 39

[	SUB A , 2] Z80:8cyc, R800:2cyc
00a392: d6 02

[	JR C , BGMDRIVER_ENVELOPE_SR] Z80:13cyc(cond=true), 8cyc(cond=false), R800:3cyc(cond=true), 2cyc(cond=false)
00a394: 38 1d

[	JR Z , BGMDRIVER_ENVELOPE_RR] Z80:13cyc(cond=true), 8cyc(cond=false), R800:3cyc(cond=true), 2cyc(cond=false)
00a396: 28 03

[	JP BGMDRIVER_ENVELOPE_END] Z80:11cyc, R800:5cyc
00a398: c3 fd a3

[BGMDRIVER_ENVELOPE_RR :]
	label address: 0x00a39b

[	LD A , [ IX + INFO_ENV_VOL ]] Z80:21cyc, R800:7cyc
00a39b: dd 7e 0c

[	LD E , SFONT_RR] Z80:8cyc, R800:2cyc
00a39e: 1e 24

[	ADD HL , DE] Z80:12cyc, R800:1cyc
00a3a0: 19

[	LD B , [ HL ]] Z80:8cyc, R800:4cyc
00a3a1: 46

[	SUB A , B] Z80:5cyc, R800:1cyc
00a3a2: 90

[	LD [ IX + INFO_ENV_VOL ] , A] Z80:8cyc, R800:4cyc
00a3a3: dd 77 0c

[	JR NC , BGMDRIVER_ENVELOPE_END] Z80:13cyc(cond=true), 8cyc(cond=false), R800:3cyc(cond=true), 2cyc(cond=false)
00a3a6: 30 55

[	LD [ IX + INFO_ENV_VOL ] , 0] Z80:21cyc, R800:7cyc
00a3a8: dd 36 0c 00

[	LD [ IX + INFO_ENV_STATE ] , 4] Z80:21cyc, R800:7cyc
00a3ac: dd 36 0b 04

[	JP BGMDRIVER_ENVELOPE_END] Z80:11cyc, R800:5cyc
00a3b0: c3 fd a3

[BGMDRIVER_ENVELOPE_SR :]
	label address: 0x00a3b3

[	LD A , [ IX + INFO_ENV_VOL ]] Z80:21cyc, R800:7cyc
00a3b3: dd 7e 0c

[	LD E , SFONT_SR] Z80:8cyc, R800:2cyc
00a3b6: 1e 23

[	ADD HL , DE] Z80:12cyc, R800:1cyc
00a3b8: 19

[	LD B , [ HL ]] Z80:8cyc, R800:4cyc
00a3b9: 46

[	SUB A , B] Z80:5cyc, R800:1cyc
00a3ba: 90

[	LD [ IX + INFO_ENV_VOL ] , A] Z80:8cyc, R800:4cyc
00a3bb: dd 77 0c

[	JR NC , BGMDRIVER_ENVELOPE_END] Z80:13cyc(cond=true), 8cyc(cond=false), R800:3cyc(cond=true), 2cyc(cond=false)
00a3be: 30 3d

[	LD [ IX + INFO_ENV_VOL ] , 0] Z80:21cyc, R800:7cyc
00a3c0: dd 36 0c 00

[	LD [ IX + INFO_ENV_STATE ] , 4] Z80:21cyc, R800:7cyc
00a3c4: dd 36 0b 04

[	JP BGMDRIVER_ENVELOPE_END] Z80:11cyc, R800:5cyc
00a3c8: c3 fd a3

[BGMDRIVER_ENVELOPE_DR :]
	label address: 0x00a3cb

[	LD A , [ IX + INFO_ENV_VOL ]] Z80:21cyc, R800:7cyc
00a3cb: dd 7e 0c

[	LD E , SFONT_DR] Z80:8cyc, R800:2cyc
00a3ce: 1e 21

[	ADD HL , DE] Z80:12cyc, R800:1cyc
00a3d0: 19

[	LD B , [ HL ]] Z80:8cyc, R800:4cyc
00a3d1: 46

[	INC HL] Z80:7cyc, R800:1cyc
00a3d2: 23

[	LD C , [ HL ]] Z80:8cyc, R800:4cyc
00a3d3: 4e

[	SUB A , B] Z80:5cyc, R800:1cyc
00a3d4: 90

[	LD [ IX + INFO_ENV_VOL ] , A] Z80:8cyc, R800:4cyc
00a3d5: dd 77 0c

[	CP A , C] Z80:5cyc, R800:1cyc
00a3d8: b9

[	JR NC , BGMDRIVER_ENVELOPE_END] Z80:13cyc(cond=true), 8cyc(cond=false), R800:3cyc(cond=true), 2cyc(cond=false)
00a3d9: 30 22

[	LD [ IX + INFO_ENV_VOL ] , C] Z80:8cyc, R800:4cyc
00a3db: dd 71 0c

[	LD [ IX + INFO_ENV_STATE ] , 2] Z80:21cyc, R800:7cyc
00a3de: dd 36 0b 02

[	JP BGMDRIVER_ENVELOPE_END] Z80:11cyc, R800:5cyc
00a3e2: c3 fd a3

[BGMDRIVER_ENVELOPE_AR :]
	label address: 0x00a3e5

[	LD A , [ IX + INFO_ENV_VOL ]] Z80:21cyc, R800:7cyc
00a3e5: dd 7e 0c

[	LD E , SFONT_AR] Z80:8cyc, R800:2cyc
00a3e8: 1e 20

[	ADD HL , DE] Z80:12cyc, R800:1cyc
00a3ea: 19

[	LD B , [ HL ]] Z80:8cyc, R800:4cyc
00a3eb: 46

[	ADD A , B] Z80:5cyc, R800:1cyc
00a3ec: 80

[	LD [ IX + INFO_ENV_VOL ] , A] Z80:8cyc, R800:4cyc
00a3ed: dd 77 0c

[	JR NC , BGMDRIVER_ENVELOPE_END] Z80:13cyc(cond=true), 8cyc(cond=false), R800:3cyc(cond=true), 2cyc(cond=false)
00a3f0: 30 0b

[	LD [ IX + INFO_ENV_VOL ] , 255] Z80:21cyc, R800:7cyc
00a3f2: dd 36 0c ff

[	LD [ IX + INFO_ENV_STATE ] , 1] Z80:21cyc, R800:7cyc
00a3f6: dd 36 0b 01

[	JP BGMDRIVER_ENVELOPE_END] Z80:11cyc, R800:5cyc
00a3fa: c3 fd a3

[BGMDRIVER_ENVELOPE_END :]
	label address: 0x00a3fd

[	LD A , [ IX + INFO_TONE_VOL ]] Z80:21cyc, R800:7cyc
00a3fd: dd 7e 09

[	XOR A , 15] Z80:8cyc, R800:2cyc
00a400: ee 0f

[	LD B , A] Z80:5cyc, R800:2cyc
00a402: 47

[	LD A , [ IX + INFO_ENV_VOL ]] Z80:21cyc, R800:7cyc
00a403: dd 7e 0c

[	SRL A] Z80:10cyc, R800:2cyc
00a406: cb 3f

[	SRL A] Z80:10cyc, R800:2cyc
00a408: cb 3f

[	SRL A] Z80:10cyc, R800:2cyc
00a40a: cb 3f

[	SRL A] Z80:10cyc, R800:2cyc
00a40c: cb 3f

[	SUB A , B] Z80:5cyc, R800:1cyc
00a40e: 90

[	JR NC , BGMDRIVER_CALC_EFF_VOL] Z80:13cyc(cond=true), 8cyc(cond=false), R800:3cyc(cond=true), 2cyc(cond=false)
00a40f: 30 01

[	XOR A , A] Z80:5cyc, R800:1cyc
00a411: af

[BGMDRIVER_CALC_EFF_VOL :]
	label address: 0x00a412

[	LD [ IX + INFO_EFF_VOL ] , A] Z80:8cyc, R800:4cyc
00a412: dd 77 08

[	RET] Z80:11cyc, R800:5cyc
00a415: c9

[BGMDRIVER_GET_WAIT_TIME :]
	label address: 0x00a416

[	LD DE , 0] Z80:11cyc, R800:3cyc
00a416: 11 00 00

[BGMDRIVER_GET_WAIT_TIME_LOOP :]
	label address: 0x00a419

[	LD A , [ HL ]] Z80:8cyc, R800:4cyc
00a419: 7e

[	INC HL] Z80:7cyc, R800:1cyc
00a41a: 23

[	INC A] Z80:5cyc, R800:1cyc
00a41b: 3c

[	JR NZ , BGMDRIVER_GET_WAIT_TIME_EXIT] Z80:13cyc(cond=true), 8cyc(cond=false), R800:3cyc(cond=true), 2cyc(cond=false)
00a41c: 20 07

[	DEC A] Z80:5cyc, R800:1cyc
00a41e: 3d

[	ADD A , E] Z80:5cyc, R800:1cyc
00a41f: 83

[	JR NC , BGMDRIVER_GET_WAIT_TIME_LOOP] Z80:13cyc(cond=true), 8cyc(cond=false), R800:3cyc(cond=true), 2cyc(cond=false)
00a420: 30 f7

[	INC D] Z80:5cyc, R800:1cyc
00a422: 14

[	JR BGMDRIVER_GET_WAIT_TIME_LOOP] Z80:13cyc, R800:3cyc
00a423: 18 f4

[BGMDRIVER_GET_WAIT_TIME_EXIT :]
	label address: 0x00a425

[	DEC A] Z80:5cyc, R800:1cyc
00a425: 3d

[	ADD A , E] Z80:5cyc, R800:1cyc
00a426: 83

[	LD E , A] Z80:5cyc, R800:2cyc
00a427: 5f

[	JR NC , BGMDRIVER_GET_WAIT_TIME_SKIP] Z80:13cyc(cond=true), 8cyc(cond=false), R800:3cyc(cond=true), 2cyc(cond=false)
00a428: 30 01

[	INC D] Z80:5cyc, R800:1cyc
00a42a: 14

[BGMDRIVER_GET_WAIT_TIME_SKIP :]
	label address: 0x00a42b

[	RET] Z80:11cyc, R800:5cyc
00a42b: c9

[BGMDRIVER_FADEOUT_PROC :]
	label address: 0x00a42c

[	LD A , [ PLAY_MASTER_VOLUME_SPEED ]] Z80:14cyc, R800:6cyc
00a42c: 3a 9c a6

[	OR A , A] Z80:5cyc, R800:1cyc
00a42f: b7

[	RET Z] Z80:12cyc(branch), 6cyc(through), R800:5cyc(branch), 1cyc(through)
00a430: c8

[	LD A , [ PLAY_MASTER_VOLUME_WAIT ]] Z80:14cyc, R800:6cyc
00a431: 3a 9b a6

[	OR A , A] Z80:5cyc, R800:1cyc
00a434: b7

[	JR Z , BGMDRIVER_FADEOUT_SKIP1] Z80:13cyc(cond=true), 8cyc(cond=false), R800:3cyc(cond=true), 2cyc(cond=false)
00a435: 28 05

[	DEC A] Z80:5cyc, R800:1cyc
00a437: 3d

[	LD [ PLAY_MASTER_VOLUME_WAIT ] , A] Z80:14cyc, R800:6cyc
00a438: 32 9b a6

[	RET] Z80:11cyc, R800:5cyc
00a43b: c9

[BGMDRIVER_FADEOUT_SKIP1 :]
	label address: 0x00a43c

[	LD A , [ PLAY_MASTER_VOLUME_SPEED ]] Z80:14cyc, R800:6cyc
00a43c: 3a 9c a6

[	LD [ PLAY_MASTER_VOLUME_WAIT ] , A] Z80:14cyc, R800:6cyc
00a43f: 32 9b a6

[	LD A , [ PLAY_MASTER_VOLUME ]] Z80:14cyc, R800:6cyc
00a442: 3a 9d a6

[	INC A] Z80:5cyc, R800:1cyc
00a445: 3c

[	LD [ PLAY_MASTER_VOLUME ] , A] Z80:14cyc, R800:6cyc
00a446: 32 9d a6

[	CP A , 15] Z80:8cyc, R800:2cyc
00a449: fe 0f

[	RET NZ] Z80:12cyc(branch), 6cyc(through), R800:5cyc(branch), 1cyc(through)
00a44b: c0

[	XOR A , A] Z80:5cyc, R800:1cyc
00a44c: af

[	LD [ PLAY_MASTER_VOLUME_SPEED ] , A] Z80:14cyc, R800:6cyc
00a44d: 32 9c a6

[	LD [ PLAY_MASTER_VOLUME ] , A] Z80:14cyc, R800:6cyc
00a450: 32 9d a6

[	LD HL , PLAY_INFO_CH0] Z80:11cyc, R800:3cyc
00a453: 21 a8 a6

[	CALL BGMDRIVER_INIT_PLAY_INFO] Z80:18cyc, R800:5cyc
00a456: cd 1c a1

[	LD HL , PLAY_INFO_CH1] Z80:11cyc, R800:3cyc
00a459: 21 bb a6

[	CALL BGMDRIVER_INIT_PLAY_INFO] Z80:18cyc, R800:5cyc
00a45c: cd 1c a1

[	LD HL , PLAY_INFO_CH2] Z80:11cyc, R800:3cyc
00a45f: 21 ce a6

[	CALL BGMDRIVER_INIT_PLAY_INFO] Z80:18cyc, R800:5cyc
00a462: cd 1c a1

[	RET] Z80:11cyc, R800:5cyc
00a465: c9

[BGMDRIVER_SOUND_EFFECT :]
	label address: 0x00a466

[	LD A , [ PLAY_SOUND_EFFECT_ACTIVE ]] Z80:14cyc, R800:6cyc
00a466: 3a 8f a6

[	OR A , A] Z80:5cyc, R800:1cyc
00a469: b7

[	RET Z] Z80:12cyc(branch), 6cyc(through), R800:5cyc(branch), 1cyc(through)
00a46a: c8

[	LD A , [ PLAY_SOUND_EFFECT_WAIT_COUNT ]] Z80:14cyc, R800:6cyc
00a46b: 3a 90 a6

[	OR A , A] Z80:5cyc, R800:1cyc
00a46e: b7

[	JR Z , BGMDRIVER_SOUND_EFFECT_PROC] Z80:13cyc(cond=true), 8cyc(cond=false), R800:3cyc(cond=true), 2cyc(cond=false)
00a46f: 28 05

[	DEC A] Z80:5cyc, R800:1cyc
00a471: 3d

[	LD [ PLAY_SOUND_EFFECT_WAIT_COUNT ] , A] Z80:14cyc, R800:6cyc
00a472: 32 90 a6

[	RET] Z80:11cyc, R800:5cyc
00a475: c9

[BGMDRIVER_SOUND_EFFECT_PROC :]
	label address: 0x00a476

[	LD HL , [ PLAY_SOUND_EFFECT_ADR ]] Z80:17cyc, R800:7cyc
00a476: 2a 95 a6

[BGMDRIVER_SOUND_EFFECT_LOOP :]
	label address: 0x00a479

[	LD A , [ HL ]] Z80:8cyc, R800:4cyc
00a479: 7e

[	INC HL] Z80:7cyc, R800:1cyc
00a47a: 23

[	LD [ PLAY_SOUND_EFFECT_ADR ] , HL] Z80:17cyc, R800:7cyc
00a47b: 22 95 a6

[	CP A , BGM_SE_VOL] Z80:8cyc, R800:2cyc
00a47e: fe 01

[	JP C , BGMDRIVER_SOUND_EFFECT_FREQ_PROC] Z80:11cyc, R800:5cyc(cond=true), 3cyc(cond=false)
00a480: da 91 a4

[	JP Z , BGMDRIVER_SOUND_EFFECT_VOLUME_PROC] Z80:11cyc, R800:5cyc(cond=true), 3cyc(cond=false)
00a483: ca 9f a4

[	CP A , BGM_SE_WAIT] Z80:8cyc, R800:2cyc
00a486: fe 03

[	JP C , BGMDRIVER_SOUND_EFFECT_NOISE_FREQ_PROC] Z80:11cyc, R800:5cyc(cond=true), 3cyc(cond=false)
00a488: da a7 a4

[	JP Z , BGMDRIVER_SOUND_EFFECT_WAIT_PROC] Z80:11cyc, R800:5cyc(cond=true), 3cyc(cond=false)
00a48b: ca af a4

[	JP BGMDRIVER_SOUND_EFFECT_END_PROC] Z80:11cyc, R800:5cyc
00a48e: c3 b8 a4

[BGMDRIVER_SOUND_EFFECT_FREQ_PROC :]
	label address: 0x00a491

[	LD E , [ HL ]] Z80:8cyc, R800:4cyc
00a491: 5e

[	INC HL] Z80:7cyc, R800:1cyc
00a492: 23

[	LD D , [ HL ]] Z80:8cyc, R800:4cyc
00a493: 56

[	INC HL] Z80:7cyc, R800:1cyc
00a494: 23

[	LD [ PLAY_SOUND_EFFECT_ADR ] , HL] Z80:17cyc, R800:7cyc
00a495: 22 95 a6

[	LD [ PLAY_SOUND_EFFECT_FREQ ] , DE] Z80:22cyc, R800:8cyc
00a498: ed 53 91 a6

[	JP BGMDRIVER_SOUND_EFFECT_LOOP] Z80:11cyc, R800:5cyc
00a49c: c3 79 a4

[BGMDRIVER_SOUND_EFFECT_VOLUME_PROC :]
	label address: 0x00a49f

[	LD A , [ HL ]] Z80:8cyc, R800:4cyc
00a49f: 7e

[	INC HL] Z80:7cyc, R800:1cyc
00a4a0: 23

[	LD [ PLAY_SOUND_EFFECT_VOLUME ] , A] Z80:14cyc, R800:6cyc
00a4a1: 32 94 a6

[	JP BGMDRIVER_SOUND_EFFECT_LOOP] Z80:11cyc, R800:5cyc
00a4a4: c3 79 a4

[BGMDRIVER_SOUND_EFFECT_NOISE_FREQ_PROC :]
	label address: 0x00a4a7

[	LD A , [ HL ]] Z80:8cyc, R800:4cyc
00a4a7: 7e

[	INC HL] Z80:7cyc, R800:1cyc
00a4a8: 23

[	LD [ PLAY_SOUND_EFFECT_NOISE_FREQ ] , A] Z80:14cyc, R800:6cyc
00a4a9: 32 93 a6

[	JP BGMDRIVER_SOUND_EFFECT_LOOP] Z80:11cyc, R800:5cyc
00a4ac: c3 79 a4

[BGMDRIVER_SOUND_EFFECT_WAIT_PROC :]
	label address: 0x00a4af

[	LD A , [ HL ]] Z80:8cyc, R800:4cyc
00a4af: 7e

[	INC HL] Z80:7cyc, R800:1cyc
00a4b0: 23

[	LD [ PLAY_SOUND_EFFECT_ADR ] , HL] Z80:17cyc, R800:7cyc
00a4b1: 22 95 a6

[	LD [ PLAY_SOUND_EFFECT_WAIT_COUNT ] , A] Z80:14cyc, R800:6cyc
00a4b4: 32 90 a6

[	RET] Z80:11cyc, R800:5cyc
00a4b7: c9

[BGMDRIVER_SOUND_EFFECT_END_PROC :]
	label address: 0x00a4b8

[	XOR A , A] Z80:5cyc, R800:1cyc
00a4b8: af

[	LD [ PLAY_SOUND_EFFECT_ACTIVE ] , A] Z80:14cyc, R800:6cyc
00a4b9: 32 8f a6

[	DEC A] Z80:5cyc, R800:1cyc
00a4bc: 3d

[	LD [ PLAY_SOUND_EFFECT_PRIORITY ] , A] Z80:14cyc, R800:6cyc
00a4bd: 32 97 a6

[	RET] Z80:11cyc, R800:5cyc
00a4c0: c9

[BGMDRIVER_MIXER :]
	label address: 0x00a4c1

[	LD B , 0] Z80:8cyc, R800:2cyc
00a4c1: 06 00

[	LD E , 0] Z80:8cyc, R800:2cyc
00a4c3: 1e 00

[	LD C , PSG_REG_ADR] Z80:8cyc, R800:2cyc
00a4c5: 0e a0

[	LD D , 0] Z80:8cyc, R800:2cyc
00a4c7: 16 00

[	LD IX , PLAY_INFO_CH0] Z80:16cyc, R800:4cyc
00a4c9: dd 21 a8 a6

[	LD A , [ IX + INFO_EFF_FREQ_L ]] Z80:21cyc, R800:7cyc
00a4cd: dd 7e 04

[	OUT [ C ] , D] Z80:14cyc, R800:10 or 9cyc
00a4d0: ed 51

[	INC D] Z80:5cyc, R800:1cyc
00a4d2: 14

[	OUT [ PSG_REG_WRT ] , A] Z80:12cyc, R800:10 or 9cyc
00a4d3: d3 a1

[	LD A , [ IX + INFO_EFF_FREQ_H ]] Z80:21cyc, R800:7cyc
00a4d5: dd 7e 05

[	OUT [ C ] , D] Z80:14cyc, R800:10 or 9cyc
00a4d8: ed 51

[	INC D] Z80:5cyc, R800:1cyc
00a4da: 14

[	OUT [ PSG_REG_WRT ] , A] Z80:12cyc, R800:10 or 9cyc
00a4db: d3 a1

[	AND A , 0X80] Z80:8cyc, R800:2cyc
00a4dd: e6 80

[	JR NZ , BGMDRIVER_MIXER_SKIP1_CH0] Z80:13cyc(cond=true), 8cyc(cond=false), R800:3cyc(cond=true), 2cyc(cond=false)
00a4df: 20 01

[	INC B] Z80:5cyc, R800:1cyc
00a4e1: 04

[BGMDRIVER_MIXER_SKIP1_CH0 :]
	label address: 0x00a4e2

[	LD A , [ IX + INFO_NOISE_FREQ ]] Z80:21cyc, R800:7cyc
00a4e2: dd 7e 10

[	BIT 7 , A] Z80:10cyc, R800:2cyc
00a4e5: cb 7f

[	JR Z , BGMDRIVER_MIXER_SKIP2_CH0] Z80:13cyc(cond=true), 8cyc(cond=false), R800:3cyc(cond=true), 2cyc(cond=false)
00a4e7: 28 07

[	AND A , 31] Z80:8cyc, R800:2cyc
00a4e9: e6 1f

[	LD [ PLAY_NOISE_FREQ ] , A] Z80:14cyc, R800:6cyc
00a4eb: 32 98 a6

[	LD E , 8] Z80:8cyc, R800:2cyc
00a4ee: 1e 08

[BGMDRIVER_MIXER_SKIP2_CH0 :]
	label address: 0x00a4f0

[	LD IX , PLAY_INFO_CH1] Z80:16cyc, R800:4cyc
00a4f0: dd 21 bb a6

[	LD A , [ IX + INFO_EFF_FREQ_L ]] Z80:21cyc, R800:7cyc
00a4f4: dd 7e 04

[	OUT [ C ] , D] Z80:14cyc, R800:10 or 9cyc
00a4f7: ed 51

[	INC D] Z80:5cyc, R800:1cyc
00a4f9: 14

[	OUT [ PSG_REG_WRT ] , A] Z80:12cyc, R800:10 or 9cyc
00a4fa: d3 a1

[	LD A , [ IX + INFO_EFF_FREQ_H ]] Z80:21cyc, R800:7cyc
00a4fc: dd 7e 05

[	OUT [ C ] , D] Z80:14cyc, R800:10 or 9cyc
00a4ff: ed 51

[	INC D] Z80:5cyc, R800:1cyc
00a501: 14

[	OUT [ PSG_REG_WRT ] , A] Z80:12cyc, R800:10 or 9cyc
00a502: d3 a1

[	AND A , 0X80] Z80:8cyc, R800:2cyc
00a504: e6 80

[	JR NZ , BGMDRIVER_MIXER_SKIP1_CH1] Z80:13cyc(cond=true), 8cyc(cond=false), R800:3cyc(cond=true), 2cyc(cond=false)
00a506: 20 02

[	INC B] Z80:5cyc, R800:1cyc
00a508: 04

[	INC B] Z80:5cyc, R800:1cyc
00a509: 04

[BGMDRIVER_MIXER_SKIP1_CH1 :]
	label address: 0x00a50a

[	LD A , [ IX + INFO_NOISE_FREQ ]] Z80:21cyc, R800:7cyc
00a50a: dd 7e 10

[	BIT 7 , A] Z80:10cyc, R800:2cyc
00a50d: cb 7f

[	JR Z , BGMDRIVER_MIXER_SKIP2_CH1] Z80:13cyc(cond=true), 8cyc(cond=false), R800:3cyc(cond=true), 2cyc(cond=false)
00a50f: 28 09

[	AND A , 31] Z80:8cyc, R800:2cyc
00a511: e6 1f

[	LD [ PLAY_NOISE_FREQ ] , A] Z80:14cyc, R800:6cyc
00a513: 32 98 a6

[	LD A , 16] Z80:8cyc, R800:2cyc
00a516: 3e 10

[	ADD A , E] Z80:5cyc, R800:1cyc
00a518: 83

[	LD E , A] Z80:5cyc, R800:2cyc
00a519: 5f

[BGMDRIVER_MIXER_SKIP2_CH1 :]
	label address: 0x00a51a

[	LD A , [ PLAY_SOUND_EFFECT_ACTIVE ]] Z80:14cyc, R800:6cyc
00a51a: 3a 8f a6

[	OR A , A] Z80:5cyc, R800:1cyc
00a51d: b7

[	JR Z , BGMDRIVER_MIXER_TONE_CH2] Z80:13cyc(cond=true), 8cyc(cond=false), R800:3cyc(cond=true), 2cyc(cond=false)
00a51e: 28 2d

[	LD HL , [ PLAY_SOUND_EFFECT_FREQ ]] Z80:17cyc, R800:7cyc
00a520: 2a 91 a6

[	LD A , L] Z80:5cyc, R800:2cyc
00a523: 7d

[	OUT [ C ] , D] Z80:14cyc, R800:10 or 9cyc
00a524: ed 51

[	INC D] Z80:5cyc, R800:1cyc
00a526: 14

[	OUT [ PSG_REG_WRT ] , A] Z80:12cyc, R800:10 or 9cyc
00a527: d3 a1

[	LD A , H] Z80:5cyc, R800:2cyc
00a529: 7c

[	OUT [ C ] , D] Z80:14cyc, R800:10 or 9cyc
00a52a: ed 51

[	INC D] Z80:5cyc, R800:1cyc
00a52c: 14

[	OUT [ PSG_REG_WRT ] , A] Z80:12cyc, R800:10 or 9cyc
00a52d: d3 a1

[	AND A , 0X80] Z80:8cyc, R800:2cyc
00a52f: e6 80

[	JR NZ , BGMDRIVER_MIXER_SKIP0_CH2] Z80:13cyc(cond=true), 8cyc(cond=false), R800:3cyc(cond=true), 2cyc(cond=false)
00a531: 20 04

[	INC B] Z80:5cyc, R800:1cyc
00a533: 04

[	INC B] Z80:5cyc, R800:1cyc
00a534: 04

[	INC B] Z80:5cyc, R800:1cyc
00a535: 04

[	INC B] Z80:5cyc, R800:1cyc
00a536: 04

[BGMDRIVER_MIXER_SKIP0_CH2 :]
	label address: 0x00a537

[	LD A , [ PLAY_SOUND_EFFECT_NOISE_FREQ ]] Z80:14cyc, R800:6cyc
00a537: 3a 93 a6

[	BIT 7 , A] Z80:10cyc, R800:2cyc
00a53a: cb 7f

[	JP Z , BGMDRIVER_MIXER_NOISE_FREQ] Z80:11cyc, R800:5cyc(cond=true), 3cyc(cond=false)
00a53c: ca 79 a5

[	AND A , 0X3F] Z80:8cyc, R800:2cyc
00a53f: e6 3f

[	OUT [ C ] , D] Z80:14cyc, R800:10 or 9cyc
00a541: ed 51

[	INC D] Z80:5cyc, R800:1cyc
00a543: 14

[	OUT [ PSG_REG_WRT ] , A] Z80:12cyc, R800:10 or 9cyc
00a544: d3 a1

[	LD A , 32] Z80:8cyc, R800:2cyc
00a546: 3e 20

[	ADD A , E] Z80:5cyc, R800:1cyc
00a548: 83

[	LD E , A] Z80:5cyc, R800:2cyc
00a549: 5f

[	JP BGMDRIVER_MIXER_MIX] Z80:11cyc, R800:5cyc
00a54a: c3 81 a5

[BGMDRIVER_MIXER_TONE_CH2 :]
	label address: 0x00a54d

[	LD IX , PLAY_INFO_CH2] Z80:16cyc, R800:4cyc
00a54d: dd 21 ce a6

[	LD A , [ IX + INFO_EFF_FREQ_L ]] Z80:21cyc, R800:7cyc
00a551: dd 7e 04

[	OUT [ C ] , D] Z80:14cyc, R800:10 or 9cyc
00a554: ed 51

[	INC D] Z80:5cyc, R800:1cyc
00a556: 14

[	OUT [ PSG_REG_WRT ] , A] Z80:12cyc, R800:10 or 9cyc
00a557: d3 a1

[	LD A , [ IX + INFO_EFF_FREQ_H ]] Z80:21cyc, R800:7cyc
00a559: dd 7e 05

[	OUT [ C ] , D] Z80:14cyc, R800:10 or 9cyc
00a55c: ed 51

[	INC D] Z80:5cyc, R800:1cyc
00a55e: 14

[	OUT [ PSG_REG_WRT ] , A] Z80:12cyc, R800:10 or 9cyc
00a55f: d3 a1

[	AND A , 0X80] Z80:8cyc, R800:2cyc
00a561: e6 80

[	JR NZ , BGMDRIVER_MIXER_SKIP1_CH2] Z80:13cyc(cond=true), 8cyc(cond=false), R800:3cyc(cond=true), 2cyc(cond=false)
00a563: 20 04

[	INC B] Z80:5cyc, R800:1cyc
00a565: 04

[	INC B] Z80:5cyc, R800:1cyc
00a566: 04

[	INC B] Z80:5cyc, R800:1cyc
00a567: 04

[	INC B] Z80:5cyc, R800:1cyc
00a568: 04

[BGMDRIVER_MIXER_SKIP1_CH2 :]
	label address: 0x00a569

[	LD A , [ IX + INFO_NOISE_FREQ ]] Z80:21cyc, R800:7cyc
00a569: dd 7e 10

[	BIT 7 , A] Z80:10cyc, R800:2cyc
00a56c: cb 7f

[	JR Z , BGMDRIVER_MIXER_SKIP2_CH2] Z80:13cyc(cond=true), 8cyc(cond=false), R800:3cyc(cond=true), 2cyc(cond=false)
00a56e: 28 09

[	AND A , 31] Z80:8cyc, R800:2cyc
00a570: e6 1f

[	LD [ PLAY_NOISE_FREQ ] , A] Z80:14cyc, R800:6cyc
00a572: 32 98 a6

[	LD A , 32] Z80:8cyc, R800:2cyc
00a575: 3e 20

[	ADD A , E] Z80:5cyc, R800:1cyc
00a577: 83

[	LD E , A] Z80:5cyc, R800:2cyc
00a578: 5f

[BGMDRIVER_MIXER_SKIP2_CH2 :]
	label address: 0x00a579

[BGMDRIVER_MIXER_NOISE_FREQ :]
	label address: 0x00a579

[	OUT [ C ] , D] Z80:14cyc, R800:10 or 9cyc
00a579: ed 51

[	INC D] Z80:5cyc, R800:1cyc
00a57b: 14

[	LD A , [ PLAY_NOISE_FREQ ]] Z80:14cyc, R800:6cyc
00a57c: 3a 98 a6

[	OUT [ PSG_REG_WRT ] , A] Z80:12cyc, R800:10 or 9cyc
00a57f: d3 a1

[BGMDRIVER_MIXER_MIX :]
	label address: 0x00a581

[	LD HL , PLAY_MASTER_VOLUME] Z80:11cyc, R800:3cyc
00a581: 21 9d a6

[	OUT [ C ] , D] Z80:14cyc, R800:10 or 9cyc
00a584: ed 51

[	INC D] Z80:5cyc, R800:1cyc
00a586: 14

[	LD A , E] Z80:5cyc, R800:2cyc
00a587: 7b

[	OR A , B] Z80:5cyc, R800:1cyc
00a588: b0

[	OR A , 0X80] Z80:8cyc, R800:2cyc
00a589: f6 80

[	XOR A , 0X3F] Z80:8cyc, R800:2cyc
00a58b: ee 3f

[	OUT [ PSG_REG_WRT ] , A] Z80:12cyc, R800:10 or 9cyc
00a58d: d3 a1

[	LD IX , PLAY_INFO_CH0] Z80:16cyc, R800:4cyc
00a58f: dd 21 a8 a6

[	LD A , [ IX + INFO_EFF_VOL ]] Z80:21cyc, R800:7cyc
00a593: dd 7e 08

[	SUB A , [ HL ]] Z80:8cyc, R800:4cyc
00a596: 96

[	JP NC , BGMDRIVER_MIXER_MIX_SKIP1] Z80:11cyc, R800:5cyc(cond=true), 3cyc(cond=false)
00a597: d2 9b a5

[	XOR A , A] Z80:5cyc, R800:1cyc
00a59a: af

[BGMDRIVER_MIXER_MIX_SKIP1 :]
	label address: 0x00a59b

[	OUT [ C ] , D] Z80:14cyc, R800:10 or 9cyc
00a59b: ed 51

[	INC D] Z80:5cyc, R800:1cyc
00a59d: 14

[	OUT [ PSG_REG_WRT ] , A] Z80:12cyc, R800:10 or 9cyc
00a59e: d3 a1

[	LD IX , PLAY_INFO_CH1] Z80:16cyc, R800:4cyc
00a5a0: dd 21 bb a6

[	LD A , [ IX + INFO_EFF_VOL ]] Z80:21cyc, R800:7cyc
00a5a4: dd 7e 08

[	SUB A , [ HL ]] Z80:8cyc, R800:4cyc
00a5a7: 96

[	JP NC , BGMDRIVER_MIXER_MIX_SKIP2] Z80:11cyc, R800:5cyc(cond=true), 3cyc(cond=false)
00a5a8: d2 ac a5

[	XOR A , A] Z80:5cyc, R800:1cyc
00a5ab: af

[BGMDRIVER_MIXER_MIX_SKIP2 :]
	label address: 0x00a5ac

[	OUT [ C ] , D] Z80:14cyc, R800:10 or 9cyc
00a5ac: ed 51

[	INC D] Z80:5cyc, R800:1cyc
00a5ae: 14

[	OUT [ PSG_REG_WRT ] , A] Z80:12cyc, R800:10 or 9cyc
00a5af: d3 a1

[	LD A , [ PLAY_SOUND_EFFECT_ACTIVE ]] Z80:14cyc, R800:6cyc
00a5b1: 3a 8f a6

[	OR A , A] Z80:5cyc, R800:1cyc
00a5b4: b7

[	JR Z , BGMDRIVER_MIXER_VOLUME_CH2] Z80:13cyc(cond=true), 8cyc(cond=false), R800:3cyc(cond=true), 2cyc(cond=false)
00a5b5: 28 06

[	LD A , [ PLAY_SOUND_EFFECT_VOLUME ]] Z80:14cyc, R800:6cyc
00a5b7: 3a 94 a6

[	JP BGMDRIVER_MIXER_VOLUME_CH2_SKIP1] Z80:11cyc, R800:5cyc
00a5ba: c3 c9 a5

[BGMDRIVER_MIXER_VOLUME_CH2 :]
	label address: 0x00a5bd

[	LD IX , PLAY_INFO_CH2] Z80:16cyc, R800:4cyc
00a5bd: dd 21 ce a6

[	LD A , [ IX + INFO_EFF_VOL ]] Z80:21cyc, R800:7cyc
00a5c1: dd 7e 08

[	SUB A , [ HL ]] Z80:8cyc, R800:4cyc
00a5c4: 96

[	JP NC , BGMDRIVER_MIXER_MIX_SKIP3] Z80:11cyc, R800:5cyc(cond=true), 3cyc(cond=false)
00a5c5: d2 c9 a5

[	XOR A , A] Z80:5cyc, R800:1cyc
00a5c8: af

[BGMDRIVER_MIXER_MIX_SKIP3 :]
	label address: 0x00a5c9

[BGMDRIVER_MIXER_VOLUME_CH2_SKIP1 :]
	label address: 0x00a5c9

[	OUT [ C ] , D] Z80:14cyc, R800:10 or 9cyc
00a5c9: ed 51

[	INC D] Z80:5cyc, R800:1cyc
00a5cb: 14

[	OUT [ PSG_REG_WRT ] , A] Z80:12cyc, R800:10 or 9cyc
00a5cc: d3 a1

[	RET] Z80:11cyc, R800:5cyc
00a5ce: c9

[FREQ_DATA :]
	label address: 0x00a5cf

[	DW 3420 , 3228 , 3047 , 2876 , 2714 , 2562 , 2418 , 2282 , 2154 , 2033 , 1919 , 1811]
00a5cf: 5c 0d 9c 0c e7 0b 3c 0b
00a5d7: 9a 0a 02 0a 72 09 ea 08
00a5df: 6a 08 f1 07 7f 07 13 07

[	DW 1710 , 1614 , 1523 , 1438 , 1357 , 1281 , 1209 , 1141 , 1077 , 1016 , 959 , 905]
00a5e7: ae 06 4e 06 f3 05 9e 05
00a5ef: 4d 05 01 05 b9 04 75 04
00a5f7: 35 04 f8 03 bf 03 89 03

[	DW 855 , 807 , 761 , 719 , 678 , 640 , 604 , 570 , 538 , 508 , 479 , 452]
00a5ff: 57 03 27 03 f9 02 cf 02
00a607: a6 02 80 02 5c 02 3a 02
00a60f: 1a 02 fc 01 df 01 c4 01

[	DW 427 , 403 , 380 , 359 , 339 , 320 , 302 , 285 , 269 , 254 , 239 , 226]
00a617: ab 01 93 01 7c 01 67 01
00a61f: 53 01 40 01 2e 01 1d 01
00a627: 0d 01 fe 00 ef 00 e2 00

[	DW 213 , 201 , 190 , 179 , 169 , 160 , 151 , 142 , 134 , 127 , 119 , 113]
00a62f: d5 00 c9 00 be 00 b3 00
00a637: a9 00 a0 00 97 00 8e 00
00a63f: 86 00 7f 00 77 00 71 00

[	DW 106 , 100 , 95 , 89 , 84 , 80 , 75 , 71 , 67 , 63 , 59 , 56]
00a647: 6a 00 64 00 5f 00 59 00
00a64f: 54 00 50 00 4b 00 47 00
00a657: 43 00 3f 00 3b 00 38 00

[	DW 53 , 50 , 47 , 44 , 42 , 40 , 37 , 35 , 33 , 31 , 29 , 28]
00a65f: 35 00 32 00 2f 00 2c 00
00a667: 2a 00 28 00 25 00 23 00
00a66f: 21 00 1f 00 1d 00 1c 00

[	DW 26 , 25 , 23 , 22 , 21 , 20 , 18 , 17 , 16 , 15 , 14 , 14]
00a677: 1a 00 19 00 17 00 16 00
00a67f: 15 00 14 00 12 00 11 00
00a687: 10 00 0f 00 0e 00 0e 00

[PLAY_SOUND_EFFECT_ACTIVE :]
	label address: 0x00a68f

[	DB 0]
00a68f: 00

[PLAY_SOUND_EFFECT_WAIT_COUNT :]
	label address: 0x00a690

[	DB 0]
00a690: 00

[PLAY_SOUND_EFFECT_FREQ :]
	label address: 0x00a691

[	DW 0]
00a691: 00 00

[PLAY_SOUND_EFFECT_NOISE_FREQ :]
	label address: 0x00a693

[	DB 0]
00a693: 00

[PLAY_SOUND_EFFECT_VOLUME :]
	label address: 0x00a694

[	DB 0]
00a694: 00

[PLAY_SOUND_EFFECT_ADR :]
	label address: 0x00a695

[	DW 0]
00a695: 00 00

[PLAY_SOUND_EFFECT_PRIORITY :]
	label address: 0x00a697

[	DB 255]
00a697: ff

[PLAY_NOISE_FREQ :]
	label address: 0x00a698

[	DB 0]
00a698: 00

[PLAY_BGM_DATA_ADR :]
	label address: 0x00a699

[	DW 0]
00a699: 00 00

[PLAY_MASTER_VOLUME_WAIT :]
	label address: 0x00a69b

[	DB 0]
00a69b: 00

[PLAY_MASTER_VOLUME_SPEED :]
	label address: 0x00a69c

[	DB 0]
00a69c: 00

[PLAY_MASTER_VOLUME :]
	label address: 0x00a69d

[	DB 0]
00a69d: 00

[PLAY_DRUM_FONT1 :]
	label address: 0x00a69e

[	DW 0]
00a69e: 00 00

[PLAY_DRUM_FONT2 :]
	label address: 0x00a6a0

[	DW 0]
00a6a0: 00 00

[PLAY_DRUM_FONT3 :]
	label address: 0x00a6a2

[	DW 0]
00a6a2: 00 00

[PLAY_DRUM_FONT4 :]
	label address: 0x00a6a4

[	DW 0]
00a6a4: 00 00

[PLAY_DRUM_FONT5 :]
	label address: 0x00a6a6

[	DW 0]
00a6a6: 00 00

[PLAY_INFO_CH0 :]
	label address: 0x00a6a8

[REPEAT I , INFO_SIZE]
	Scope path: @REPEAT1:

	repeat begin
[	DB 0]
00a6a8: 00

[	DB 0]
00a6a9: 00

[	DB 0]
00a6aa: 00

[	DB 0]
00a6ab: 00

[	DB 0]
00a6ac: 00

[	DB 0]
00a6ad: 00

[	DB 0]
00a6ae: 00

[	DB 0]
00a6af: 00

[	DB 0]
00a6b0: 00

[	DB 0]
00a6b1: 00

[	DB 0]
00a6b2: 00

[	DB 0]
00a6b3: 00

[	DB 0]
00a6b4: 00

[	DB 0]
00a6b5: 00

[	DB 0]
00a6b6: 00

[	DB 0]
00a6b7: 00

[	DB 0]
00a6b8: 00

[	DB 0]
00a6b9: 00

[	DB 0]
00a6ba: 00

	repeat end
	Scope path: 



[PLAY_INFO_CH1 :]
	label address: 0x00a6bb

[REPEAT I , INFO_SIZE]
	Scope path: @REPEAT2:

	repeat begin
[	DB 0]
00a6bb: 00

[	DB 0]
00a6bc: 00

[	DB 0]
00a6bd: 00

[	DB 0]
00a6be: 00

[	DB 0]
00a6bf: 00

[	DB 0]
00a6c0: 00

[	DB 0]
00a6c1: 00

[	DB 0]
00a6c2: 00

[	DB 0]
00a6c3: 00

[	DB 0]
00a6c4: 00

[	DB 0]
00a6c5: 00

[	DB 0]
00a6c6: 00

[	DB 0]
00a6c7: 00

[	DB 0]
00a6c8: 00

[	DB 0]
00a6c9: 00

[	DB 0]
00a6ca: 00

[	DB 0]
00a6cb: 00

[	DB 0]
00a6cc: 00

[	DB 0]
00a6cd: 00

	repeat end
	Scope path: 



[PLAY_INFO_CH2 :]
	label address: 0x00a6ce

[REPEAT I , INFO_SIZE]
	Scope path: @REPEAT3:

	repeat begin
[	DB 0]
00a6ce: 00

[	DB 0]
00a6cf: 00

[	DB 0]
00a6d0: 00

[	DB 0]
00a6d1: 00

[	DB 0]
00a6d2: 00

[	DB 0]
00a6d3: 00

[	DB 0]
00a6d4: 00

[	DB 0]
00a6d5: 00

[	DB 0]
00a6d6: 00

[	DB 0]
00a6d7: 00

[	DB 0]
00a6d8: 00

[	DB 0]
00a6d9: 00

[	DB 0]
00a6da: 00

[	DB 0]
00a6db: 00

[	DB 0]
00a6dc: 00

[	DB 0]
00a6dd: 00

[	DB 0]
00a6de: 00

[	DB 0]
00a6df: 00

[	DB 0]
00a6e0: 00

	repeat end
	Scope path: 



[	INCLUDE ".//bgmdriver.asm"] end

[BGM001 ::]
	global label address: 0x00a6e1

[	INCLUDE ".//bgm.asm"] begin
[	DB 0X06 , 0X00 , 0X94 , 0X00 , 0XEA , 0X00 , 0X67 , 0X0F , 0X68 , 0XEB , 0X00 , 0X35 , 0X18 , 0X66 , 0X0F , 0X30]
00a6e1: 06 00 94 00 ea 00 67 0f
00a6e9: 68 eb 00 35 18 66 0f 30

[	DB 0X08 , 0X35 , 0X07 , 0X39 , 0X07 , 0X3C , 0X08 , 0X39 , 0X07 , 0X66 , 0X07 , 0X35 , 0X08 , 0X37 , 0X07 , 0X66]
00a6f1: 08 35 07 39 07 3c 08 39
00a6f9: 07 66 07 35 08 37 07 66

[	DB 0X07 , 0X37 , 0X08 , 0X37 , 0X07 , 0X66 , 0X07 , 0X32 , 0X10 , 0X66 , 0X07 , 0X37 , 0X08 , 0X35 , 0X07 , 0X66]
00a701: 07 37 08 37 07 66 07 32
00a709: 10 66 07 37 08 35 07 66

[	DB 0X07 , 0X34 , 0X08 , 0X35 , 0X18 , 0X66 , 0X0F , 0X30 , 0X08 , 0X35 , 0X07 , 0X39 , 0X07 , 0X3C , 0X08 , 0X39]
00a711: 07 34 08 35 18 66 0f 30
00a719: 08 35 07 39 07 3c 08 39

[	DB 0X07 , 0X66 , 0X07 , 0X35 , 0X08 , 0X35 , 0X07 , 0X66 , 0X07 , 0X35 , 0X08 , 0X35 , 0X07 , 0X66 , 0X07 , 0X35]
00a721: 07 66 07 35 08 35 07 66
00a729: 07 35 08 35 07 66 07 35

[	DB 0X3A , 0X30 , 0X05 , 0X3C , 0X05 , 0X3B , 0X05 , 0X3C , 0X06 , 0X40 , 0X05 , 0X3C , 0X05 , 0X3B , 0X05 , 0X3C]
00a731: 3a 30 05 3c 05 3b 05 3c
00a739: 06 40 05 3c 05 3b 05 3c

[	DB 0X06 , 0X30 , 0X05 , 0X3C , 0X05 , 0X3A , 0X05 , 0X3C , 0X06 , 0X40 , 0X05 , 0X3C , 0X05 , 0X3B , 0X05 , 0X3C]
00a741: 06 30 05 3c 05 3a 05 3c
00a749: 06 40 05 3c 05 3b 05 3c

[	DB 0X06 , 0X30 , 0X05 , 0X3C , 0X05 , 0X39 , 0X05 , 0X3C , 0X06 , 0X40 , 0X05 , 0X3C , 0X05 , 0X39 , 0X05 , 0X3C]
00a751: 06 30 05 3c 05 39 05 3c
00a759: 06 40 05 3c 05 39 05 3c

[	DB 0X06 , 0X30 , 0X05 , 0X3C , 0X05 , 0X38 , 0X05 , 0X3C , 0X06 , 0X40 , 0X05 , 0X3C , 0X05 , 0X39 , 0X05 , 0X3C]
00a761: 06 30 05 3c 05 38 05 3c
00a769: 06 40 05 3c 05 39 05 3c

[	DB 0X06 , 0X69 , 0X51 , 0X00 , 0X67 , 0X0F , 0X68 , 0X14 , 0X01 , 0X39 , 0X18 , 0X66 , 0X0F , 0X39 , 0X08 , 0X39]
00a771: 06 69 51 00 67 0f 68 14
00a779: 01 39 18 66 0f 39 08 39

[	DB 0X07 , 0X3C , 0X07 , 0X35 , 0X08 , 0X3C , 0X07 , 0X66 , 0X07 , 0X39 , 0X08 , 0X3A , 0X07 , 0X66 , 0X07 , 0X3A]
00a781: 07 3c 07 35 08 3c 07 66
00a789: 07 39 08 3a 07 66 07 3a

[	DB 0X08 , 0X3A , 0X07 , 0X66 , 0X07 , 0X3A , 0X10 , 0X66 , 0X07 , 0X3A , 0X08 , 0X3A , 0X07 , 0X66 , 0X07 , 0X3A]
00a791: 08 3a 07 66 07 3a 10 66
00a799: 07 3a 08 3a 07 66 07 3a

[	DB 0X08 , 0X39 , 0X18 , 0X66 , 0X0F , 0X39 , 0X08 , 0X39 , 0X07 , 0X39 , 0X07 , 0X39 , 0X08 , 0X39 , 0X07 , 0X66]
00a7a1: 08 39 18 66 0f 39 08 39
00a7a9: 07 39 07 39 08 39 07 66

[	DB 0X07 , 0X39 , 0X08 , 0X3A , 0X07 , 0X66 , 0X07 , 0X3A , 0X08 , 0X3A , 0X07 , 0X66 , 0X07 , 0X39 , 0X3A , 0X30]
00a7b1: 07 39 08 3a 07 66 07 3a
00a7b9: 08 3a 07 66 07 39 3a 30

[	DB 0X31 , 0X30 , 0X31 , 0X30 , 0X31 , 0X30 , 0X31 , 0X69 , 0XDF , 0X00 , 0X6A]
00a7c1: 31 30 31 30 31 30 31 69
00a7c9: df 00 6a

[	DB 0X00 , 0X01 , 0X02 , 0X02 , 0X02 , 0X00 , 0XFE , 0XFD , 0XFD , 0XFD , 0XFE , 0X00 , 0X02 , 0X02 , 0X02 , 0X01]
00a7cc: 00 01 02 02 02 00 fe fd
00a7d4: fd fd fe 00 02 02 02 01

[	DB 0X00 , 0XFE , 0XFD , 0XFD , 0XFD , 0XFF , 0X01 , 0X02 , 0X03 , 0X02 , 0X01 , 0XFF , 0XFD , 0XFD , 0XFD , 0XFE]
00a7dc: 00 fe fd fd fd ff 01 02
00a7e4: 03 02 01 ff fd fd fd fe

[	DB 0XFF , 0X02 , 0XE0 , 0X01 , 0X1E , 0X14 , 0X00 , 0X00 , 0X00 , 0X00 , 0X01 , 0X02 , 0X02 , 0X02 , 0X00 , 0XFE]
00a7ec: ff 02 e0 01 1e 14 00 00
00a7f4: 00 00 01 02 02 02 00 fe

[	DB 0XFD , 0XFD , 0XFD , 0XFE , 0X00 , 0X02 , 0X02 , 0X02 , 0X01 , 0X00 , 0XFE , 0XFD , 0XFD , 0XFD , 0XFF , 0X01]
00a7fc: fd fd fd fe 00 02 02 02
00a804: 01 00 fe fd fd fd ff 01

[	DB 0X02 , 0X03 , 0X02 , 0X01 , 0XFF , 0XFD , 0XFD , 0XFD , 0XFE , 0X22 , 0X32 , 0XE0 , 0X01 , 0X32 , 0X18 , 0X00]
00a80c: 02 03 02 01 ff fd fd fd
00a814: fe 22 32 e0 01 32 18 00

[	DB 0X00 , 0X00]
00a81c: 00 00

[	INCLUDE ".//bgm.asm"] end

[SOUND_EFFECT001 :]
	label address: 0x00a81e

[	DB 32]
00a81e: 20

[	DB BGM_SE_VOL]
00a81f: 01

[	DB 12]
00a820: 0c

[	DB BGM_SE_FREQ]
00a821: 00

[	DW 30]
00a822: 1e 00

[	DB BGM_SE_WAIT]
00a824: 03

[	DB 1]
00a825: 01

[	DB BGM_SE_FREQ]
00a826: 00

[	DW 25]
00a827: 19 00

[	DB BGM_SE_WAIT]
00a829: 03

[	DB 1]
00a82a: 01

[	DB BGM_SE_FREQ]
00a82b: 00

[	DW 20]
00a82c: 14 00

[	DB BGM_SE_WAIT]
00a82e: 03

[	DB 1]
00a82f: 01

[	DB BGM_SE_FREQ]
00a830: 00

[	DW 10]
00a831: 0a 00

[	DB BGM_SE_WAIT]
00a833: 03

[	DB 1]
00a834: 01

[	DB BGM_SE_FREQ]
00a835: 00

[	DW 30]
00a836: 1e 00

[	DB BGM_SE_WAIT]
00a838: 03

[	DB 1]
00a839: 01

[	DB BGM_SE_FREQ]
00a83a: 00

[	DW 25]
00a83b: 19 00

[	DB BGM_SE_WAIT]
00a83d: 03

[	DB 1]
00a83e: 01

[	DB BGM_SE_FREQ]
00a83f: 00

[	DW 20]
00a840: 14 00

[	DB BGM_SE_WAIT]
00a842: 03

[	DB 1]
00a843: 01

[	DB BGM_SE_FREQ]
00a844: 00

[	DW 10]
00a845: 0a 00

[	DB BGM_SE_WAIT]
00a847: 03

[	DB 1]
00a848: 01

[	DB BGM_SE_END]
00a849: 04

[SOUND_EFFECT002 :]
	label address: 0x00a84a

[	DB 128]
00a84a: 80

[	DB BGM_SE_VOL]
00a84b: 01

[	DB 12]
00a84c: 0c

[	DB BGM_SE_FREQ]
00a84d: 00

[	DW 32768]
00a84e: 00 80

[	DB BGM_SE_NOISE_FREQ]
00a850: 02

[	DB 20 + 0X80]
00a851: 94

[	DB BGM_SE_WAIT]
00a852: 03

[	DB 5]
00a853: 05

[	DB BGM_SE_NOISE_FREQ]
00a854: 02

[	DB 8 + 0X80]
00a855: 88

[	DB BGM_SE_WAIT]
00a856: 03

[	DB 5]
00a857: 05

[	DB BGM_SE_NOISE_FREQ]
00a858: 02

[	DB 28 + 0X80]
00a859: 9c

[	DB BGM_SE_WAIT]
00a85a: 03

[	DB 5]
00a85b: 05

[	DB BGM_SE_NOISE_FREQ]
00a85c: 02

[	DB 12 + 0X80]
00a85d: 8c

[	DB BGM_SE_WAIT]
00a85e: 03

[	DB 5]
00a85f: 05

[	DB BGM_SE_NOISE_FREQ]
00a860: 02

[	DB 31 + 0X80]
00a861: 9f

[	DB BGM_SE_WAIT]
00a862: 03

[	DB 10]
00a863: 0a

[	DB BGM_SE_NOISE_FREQ]
00a864: 02

[	DB 15 + 0X80]
00a865: 8f

[	DB BGM_SE_WAIT]
00a866: 03

[	DB 10]
00a867: 0a

[	DB BGM_SE_END]
00a868: 04

[END_ADDRESS ::]
	global label address: 0x00a869

<< label >>
@REPEAT1:I 18 ( 0x12 )
@REPEAT2:I 18 ( 0x12 )
@REPEAT3:I 18 ( 0x12 )
BAKCLR 62442 ( 0xf3ea )
BASE_SLOT 168 ( 0xa8 )
BDOS_FUNC_ABS_SECTOR_READ 47 ( 0x2f )
BDOS_FUNC_ABS_SECTOR_WRITE 48 ( 0x30 )
BDOS_FUNC_ALLOC_SECTOR_BUFFER 105 ( 0x69 )
BDOS_FUNC_BUF_LINE_INPUT 10 ( 0xa )
BDOS_FUNC_CON_STATUS 11 ( 0xb )
BDOS_FUNC_DEV_GETC 3 ( 0x3 )
BDOS_FUNC_DEV_PUTC 4 ( 0x4 )
BDOS_FUNC_DIRECT_CON_GETC 7 ( 0x7 )
BDOS_FUNC_DIRECT_CON_GETC_WOE 8 ( 0x8 )
BDOS_FUNC_DIRECT_CON_IO 6 ( 0x6 )
BDOS_FUNC_DISK_CHECK_STATUS 110 ( 0x6e )
BDOS_FUNC_DISK_RESET 13 ( 0xd )
BDOS_FUNC_FCB_CLOSE_FILE 16 ( 0x10 )
BDOS_FUNC_FCB_CREATE_FILE 22 ( 0x16 )
BDOS_FUNC_FCB_DELETE_FILE 19 ( 0x13 )
BDOS_FUNC_FCB_FIND_1ST 17 ( 0x11 )
BDOS_FUNC_FCB_FIND_NEXT 18 ( 0x12 )
BDOS_FUNC_FCB_OPEN_FILE 15 ( 0xf )
BDOS_FUNC_FCB_RENAME_FILE 23 ( 0x17 )
BDOS_FUNC_FCB_SEQ_READ 20 ( 0x14 )
BDOS_FUNC_FCB_SEQ_WRITE 21 ( 0x15 )
BDOS_FUNC_FILE_HANDLE_CLOSE 69 ( 0x45 )
BDOS_FUNC_FILE_HANDLE_CREATE 68 ( 0x44 )
BDOS_FUNC_FILE_HANDLE_DUPLICATE 71 ( 0x47 )
BDOS_FUNC_FILE_HANDLE_ENSURE 70 ( 0x46 )
BDOS_FUNC_FILE_HANDLE_OPEN 67 ( 0x43 )
BDOS_FUNC_FILE_HANDLE_READ 72 ( 0x48 )
BDOS_FUNC_FILE_HANDLE_TEST 76 ( 0x4c )
BDOS_FUNC_FILE_HANDLE_WRITE 73 ( 0x49 )
BDOS_FUNC_FIND_1ST 64 ( 0x40 )
BDOS_FUNC_FIND_ENV_ITEM 109 ( 0x6d )
BDOS_FUNC_FIND_NEW 66 ( 0x42 )
BDOS_FUNC_FIND_NEXT 65 ( 0x41 )
BDOS_FUNC_FORMAT_DISK 103 ( 0x67 )
BDOS_FUNC_GETC 1 ( 0x1 )
BDOS_FUNC_GET_ALLOC_INFO 27 ( 0x1b )
BDOS_FUNC_GET_CURRENT_DRIVE 25 ( 0x19 )
BDOS_FUNC_GET_DATE 42 ( 0x2a )
BDOS_FUNC_GET_DISK_PARAM 49 ( 0x31 )
BDOS_FUNC_GET_ENV_ITEM 107 ( 0x6b )
BDOS_FUNC_GET_FILE_SIZE 35 ( 0x23 )
BDOS_FUNC_GET_LOGIN_VECTOR 24 ( 0x18 )
BDOS_FUNC_GET_MSXDOS_VERSION 111 ( 0x6f )
BDOS_FUNC_GET_TIME 44 ( 0x2c )
BDOS_FUNC_IO_CTRL 75 ( 0x4b )
BDOS_FUNC_LOGICAL_DRV_ASSIGN 106 ( 0x6a )
BDOS_FUNC_MOVE_FILE_HANDLE_PTR 74 ( 0x4a )
BDOS_FUNC_PRT_PUTC 5 ( 0x5 )
BDOS_FUNC_PUTC 2 ( 0x2 )
BDOS_FUNC_RAM_DISK 104 ( 0x68 )
BDOS_FUNC_REDIRECTION_STATUS 112 ( 0x70 )
BDOS_FUNC_RND_BLOCK_READ 39 ( 0x27 )
BDOS_FUNC_RND_BLOCK_WRITE 38 ( 0x26 )
BDOS_FUNC_RND_READ 33 ( 0x21 )
BDOS_FUNC_RND_WRITE 34 ( 0x22 )
BDOS_FUNC_RND_WRITE_ZERO_FILL 40 ( 0x28 )
BDOS_FUNC_SELECT_DISK 14 ( 0xe )
BDOS_FUNC_SET_DATE 43 ( 0x2b )
BDOS_FUNC_SET_DTA 26 ( 0x1a )
BDOS_FUNC_SET_ENV_ITEM 108 ( 0x6c )
BDOS_FUNC_SET_RND_RECORD 36 ( 0x24 )
BDOS_FUNC_SET_TIME 45 ( 0x2d )
BDOS_FUNC_SET_VERIFY_FLAG 46 ( 0x2e )
BDOS_FUNC_STR_OUT 9 ( 0x9 )
BDOS_FUNC_SYSTEM_RESET 0 ( 0x0 )
BDOS_FUNC_VERSION 12 ( 0xc )
BDOS_ON_DISKBASIC 62333 ( 0xf37d )
BDOS_ON_MSXDOS 5 ( 0x5 )
BDRCLR 62443 ( 0xf3eb )
BGM001 42721 ( 0xa6e1 )
BGMDRIVER_CALC_EFF_VOL 42002 ( 0xa412 )
BGMDRIVER_CHECK_NEXT_DATA 41313 ( 0xa161 )
BGMDRIVER_CHECK_PLAYING 41121 ( 0xa0a1 )
BGMDRIVER_DRUM1_FONT 41598 ( 0xa27e )
BGMDRIVER_DRUM2_FONT 41631 ( 0xa29f )
BGMDRIVER_DRUM3_FONT 41664 ( 0xa2c0 )
BGMDRIVER_DRUM4_FONT 41697 ( 0xa2e1 )
BGMDRIVER_DRUM5_FONT 41730 ( 0xa302 )
BGMDRIVER_DRUM_KEYON 41447 ( 0xa1e7 )
BGMDRIVER_ENVELOPE_AR 41957 ( 0xa3e5 )
BGMDRIVER_ENVELOPE_DR 41931 ( 0xa3cb )
BGMDRIVER_ENVELOPE_END 41981 ( 0xa3fd )
BGMDRIVER_ENVELOPE_RR 41883 ( 0xa39b )
BGMDRIVER_ENVELOPE_SR 41907 ( 0xa3b3 )
BGMDRIVER_FADEOUT 41154 ( 0xa0c2 )
BGMDRIVER_FADEOUT_PROC 42028 ( 0xa42c )
BGMDRIVER_FADEOUT_SKIP1 42044 ( 0xa43c )
BGMDRIVER_GET_WAIT_TIME 42006 ( 0xa416 )
BGMDRIVER_GET_WAIT_TIME_EXIT 42021 ( 0xa425 )
BGMDRIVER_GET_WAIT_TIME_LOOP 42009 ( 0xa419 )
BGMDRIVER_GET_WAIT_TIME_SKIP 42027 ( 0xa42b )
BGMDRIVER_INITIALIZE 41025 ( 0xa041 )
BGMDRIVER_INIT_PLAY_INFO 41244 ( 0xa11c )
BGMDRIVER_INTERRUPT_HANDLER 41255 ( 0xa127 )
BGMDRIVER_JUMP 41763 ( 0xa323 )
BGMDRIVER_KEYOFF 41492 ( 0xa214 )
BGMDRIVER_KEYON 41375 ( 0xa19f )
BGMDRIVER_MIXER 42177 ( 0xa4c1 )
BGMDRIVER_MIXER_MIX 42369 ( 0xa581 )
BGMDRIVER_MIXER_MIX_SKIP1 42395 ( 0xa59b )
BGMDRIVER_MIXER_MIX_SKIP2 42412 ( 0xa5ac )
BGMDRIVER_MIXER_MIX_SKIP3 42441 ( 0xa5c9 )
BGMDRIVER_MIXER_NOISE_FREQ 42361 ( 0xa579 )
BGMDRIVER_MIXER_SKIP0_CH2 42295 ( 0xa537 )
BGMDRIVER_MIXER_SKIP1_CH0 42210 ( 0xa4e2 )
BGMDRIVER_MIXER_SKIP1_CH1 42250 ( 0xa50a )
BGMDRIVER_MIXER_SKIP1_CH2 42345 ( 0xa569 )
BGMDRIVER_MIXER_SKIP2_CH0 42224 ( 0xa4f0 )
BGMDRIVER_MIXER_SKIP2_CH1 42266 ( 0xa51a )
BGMDRIVER_MIXER_SKIP2_CH2 42361 ( 0xa579 )
BGMDRIVER_MIXER_TONE_CH2 42317 ( 0xa54d )
BGMDRIVER_MIXER_VOLUME_CH2 42429 ( 0xa5bd )
BGMDRIVER_MIXER_VOLUME_CH2_SKIP1 42441 ( 0xa5c9 )
BGMDRIVER_MUTE_PSG 41167 ( 0xa0cf )
BGMDRIVER_MUTE_PSG_LOOP 41177 ( 0xa0d9 )
BGMDRIVER_PLAY 41039 ( 0xa04f )
BGMDRIVER_PLAY_CH 41286 ( 0xa146 )
BGMDRIVER_PLAY_END 41779 ( 0xa333 )
BGMDRIVER_PLAY_SOUND_EFFECT 41204 ( 0xa0f4 )
BGMDRIVER_PLAY_SOUND_EFFECT_SKIP 41241 ( 0xa119 )
BGMDRIVER_REST 41522 ( 0xa232 )
BGMDRIVER_SET_FREQ 41409 ( 0xa1c1 )
BGMDRIVER_SOUND_EFFECT 42086 ( 0xa466 )
BGMDRIVER_SOUND_EFFECT_END_PROC 42168 ( 0xa4b8 )
BGMDRIVER_SOUND_EFFECT_FREQ_PROC 42129 ( 0xa491 )
BGMDRIVER_SOUND_EFFECT_LOOP 42105 ( 0xa479 )
BGMDRIVER_SOUND_EFFECT_NOISE_FREQ_PROC 42151 ( 0xa4a7 )
BGMDRIVER_SOUND_EFFECT_PROC 42102 ( 0xa476 )
BGMDRIVER_SOUND_EFFECT_VOLUME_PROC 42143 ( 0xa49f )
BGMDRIVER_SOUND_EFFECT_WAIT_PROC 42159 ( 0xa4af )
BGMDRIVER_SOUND_FONT 41562 ( 0xa25a )
BGMDRIVER_STOP 41100 ( 0xa08c )
BGMDRIVER_UPDATE_FREQ 41851 ( 0xa37b )
BGMDRIVER_UPDATE_VIBRATO 41798 ( 0xa346 )
BGMDRIVER_VIBRATO_ACTIVE 41817 ( 0xa359 )
BGMDRIVER_VIBRATO_ACTIVE_SKIP 41849 ( 0xa379 )
BGMDRIVER_VOLUME 41548 ( 0xa24c )
BGMPDRIVER_INIT_DATA 41188 ( 0xa0e4 )
BGM_DRUM1_FONT 107 ( 0x6b )
BGM_DRUM2_FONT 108 ( 0x6c )
BGM_DRUM3_FONT 109 ( 0x6d )
BGM_DRUM4_FONT 110 ( 0x6e )
BGM_DRUM5_FONT 111 ( 0x6f )
BGM_DRUM_1 96 ( 0x60 )
BGM_DRUM_2 97 ( 0x61 )
BGM_DRUM_3 98 ( 0x62 )
BGM_DRUM_4 99 ( 0x63 )
BGM_DRUM_5 100 ( 0x64 )
BGM_JUMP 105 ( 0x69 )
BGM_KEYOFF 101 ( 0x65 )
BGM_PLAY_END 106 ( 0x6a )
BGM_REST 102 ( 0x66 )
BGM_SE_END 4 ( 0x4 )
BGM_SE_FREQ 0 ( 0x0 )
BGM_SE_NOISE_FREQ 2 ( 0x2 )
BGM_SE_VOL 1 ( 0x1 )
BGM_SE_WAIT 3 ( 0x3 )
BGM_SOUND_FONT 104 ( 0x68 )
BGM_TONE_A1 9 ( 0x9 )
BGM_TONE_A2 21 ( 0x15 )
BGM_TONE_A3 33 ( 0x21 )
BGM_TONE_A4 45 ( 0x2d )
BGM_TONE_A5 57 ( 0x39 )
BGM_TONE_A6 69 ( 0x45 )
BGM_TONE_A7 81 ( 0x51 )
BGM_TONE_A8 93 ( 0x5d )
BGM_TONE_AS1 10 ( 0xa )
BGM_TONE_AS2 22 ( 0x16 )
BGM_TONE_AS3 34 ( 0x22 )
BGM_TONE_AS4 46 ( 0x2e )
BGM_TONE_AS5 58 ( 0x3a )
BGM_TONE_AS6 70 ( 0x46 )
BGM_TONE_AS7 82 ( 0x52 )
BGM_TONE_AS8 94 ( 0x5e )
BGM_TONE_B1 11 ( 0xb )
BGM_TONE_B2 23 ( 0x17 )
BGM_TONE_B3 35 ( 0x23 )
BGM_TONE_B4 47 ( 0x2f )
BGM_TONE_B5 59 ( 0x3b )
BGM_TONE_B6 71 ( 0x47 )
BGM_TONE_B7 83 ( 0x53 )
BGM_TONE_B8 95 ( 0x5f )
BGM_TONE_C1 0 ( 0x0 )
BGM_TONE_C2 12 ( 0xc )
BGM_TONE_C3 24 ( 0x18 )
BGM_TONE_C4 36 ( 0x24 )
BGM_TONE_C5 48 ( 0x30 )
BGM_TONE_C6 60 ( 0x3c )
BGM_TONE_C7 72 ( 0x48 )
BGM_TONE_C8 84 ( 0x54 )
BGM_TONE_CS1 1 ( 0x1 )
BGM_TONE_CS2 13 ( 0xd )
BGM_TONE_CS3 25 ( 0x19 )
BGM_TONE_CS4 37 ( 0x25 )
BGM_TONE_CS5 49 ( 0x31 )
BGM_TONE_CS6 61 ( 0x3d )
BGM_TONE_CS7 73 ( 0x49 )
BGM_TONE_CS8 85 ( 0x55 )
BGM_TONE_D1 2 ( 0x2 )
BGM_TONE_D2 14 ( 0xe )
BGM_TONE_D3 26 ( 0x1a )
BGM_TONE_D4 38 ( 0x26 )
BGM_TONE_D5 50 ( 0x32 )
BGM_TONE_D6 62 ( 0x3e )
BGM_TONE_D7 74 ( 0x4a )
BGM_TONE_D8 86 ( 0x56 )
BGM_TONE_DS1 3 ( 0x3 )
BGM_TONE_DS2 15 ( 0xf )
BGM_TONE_DS3 27 ( 0x1b )
BGM_TONE_DS4 39 ( 0x27 )
BGM_TONE_DS5 51 ( 0x33 )
BGM_TONE_DS6 63 ( 0x3f )
BGM_TONE_DS7 75 ( 0x4b )
BGM_TONE_DS8 87 ( 0x57 )
BGM_TONE_E1 4 ( 0x4 )
BGM_TONE_E2 16 ( 0x10 )
BGM_TONE_E3 28 ( 0x1c )
BGM_TONE_E4 40 ( 0x28 )
BGM_TONE_E5 52 ( 0x34 )
BGM_TONE_E6 64 ( 0x40 )
BGM_TONE_E7 76 ( 0x4c )
BGM_TONE_E8 88 ( 0x58 )
BGM_TONE_F1 5 ( 0x5 )
BGM_TONE_F2 17 ( 0x11 )
BGM_TONE_F3 29 ( 0x1d )
BGM_TONE_F4 41 ( 0x29 )
BGM_TONE_F5 53 ( 0x35 )
BGM_TONE_F6 65 ( 0x41 )
BGM_TONE_F7 77 ( 0x4d )
BGM_TONE_F8 89 ( 0x59 )
BGM_TONE_FS1 6 ( 0x6 )
BGM_TONE_FS2 18 ( 0x12 )
BGM_TONE_FS3 30 ( 0x1e )
BGM_TONE_FS4 42 ( 0x2a )
BGM_TONE_FS5 54 ( 0x36 )
BGM_TONE_FS6 66 ( 0x42 )
BGM_TONE_FS7 78 ( 0x4e )
BGM_TONE_FS8 90 ( 0x5a )
BGM_TONE_G1 7 ( 0x7 )
BGM_TONE_G2 19 ( 0x13 )
BGM_TONE_G3 31 ( 0x1f )
BGM_TONE_G4 43 ( 0x2b )
BGM_TONE_G5 55 ( 0x37 )
BGM_TONE_G6 67 ( 0x43 )
BGM_TONE_G7 79 ( 0x4f )
BGM_TONE_G8 91 ( 0x5b )
BGM_TONE_GS1 8 ( 0x8 )
BGM_TONE_GS2 20 ( 0x14 )
BGM_TONE_GS3 32 ( 0x20 )
BGM_TONE_GS4 44 ( 0x2c )
BGM_TONE_GS5 56 ( 0x38 )
BGM_TONE_GS6 68 ( 0x44 )
BGM_TONE_GS7 80 ( 0x50 )
BGM_TONE_GS8 92 ( 0x5c )
BGM_VOL 103 ( 0x67 )
CALATR 135 ( 0x87 )
CALBAS 345 ( 0x159 )
CALLF 48 ( 0x30 )
CALPAT 132 ( 0x84 )
CALSLT 28 ( 0x1c )
CHGCLR 98 ( 0x62 )
CHGMOD 95 ( 0x5f )
CHKDEV 330 ( 0x14a )
CHKRAM 0 ( 0x0 )
CHRGTR 16 ( 0x10 )
CLRSPR 105 ( 0x69 )
DCOMPR 32 ( 0x20 )
DISSCR 65 ( 0x41 )
ENASCR 71 ( 0x47 )
ENASLT 36 ( 0x24 )
END_ADDRESS 43113 ( 0xa869 )
ENTRY_POINT 40960 ( 0xa000 )
EXBRSA 64248 ( 0xfaf8 )
EXPTBL0 64705 ( 0xfcc1 )
EXPTBL1 64706 ( 0xfcc2 )
EXPTBL2 64707 ( 0xfcc3 )
EXPTBL3 64708 ( 0xfcc4 )
EXTROM 351 ( 0x15f )
EXT_SLOT 65535 ( 0xffff )
FADEOUT_BGM001 40974 ( 0xa00e )
FILVRM 86 ( 0x56 )
FORCLR 62441 ( 0xf3e9 )
FORMAT 327 ( 0x147 )
FREQ_DATA 42447 ( 0xa5cf )
GETYPR 40 ( 0x28 )
GICINI 144 ( 0x90 )
GRPDL 222 ( 0xde )
GRPPRT 141 ( 0x8d )
GSPSIZ 138 ( 0x8a )
GTPAD 219 ( 0xdb )
GTSTICK 213 ( 0xd5 )
GTTRIG 216 ( 0xd8 )
HIMEM 64586 ( 0xfc4a )
H_KEYI 64922 ( 0xfd9a )
H_PHYD 65447 ( 0xffa7 )
H_TIMI 64927 ( 0xfd9f )
H_TIMI_INTERRUPT_HANDLER 41017 ( 0xa039 )
H_TIMI_NEXT 41020 ( 0xa03c )
INFO_EFF_FREQ_H 5 ( 0x5 )
INFO_EFF_FREQ_L 4 ( 0x4 )
INFO_EFF_VOL 8 ( 0x8 )
INFO_ENV_STATE 11 ( 0xb )
INFO_ENV_VOL 12 ( 0xc )
INFO_NOISE_FREQ 16 ( 0x10 )
INFO_PLAY_ADR_H 1 ( 0x1 )
INFO_PLAY_ADR_L 0 ( 0x0 )
INFO_SEL_SFONT_H 18 ( 0x12 )
INFO_SEL_SFONT_L 17 ( 0x11 )
INFO_SIZE 19 ( 0x13 )
INFO_SOUND_FONT_H 15 ( 0xf )
INFO_SOUND_FONT_L 14 ( 0xe )
INFO_TONE_FREQ_H 7 ( 0x7 )
INFO_TONE_FREQ_L 6 ( 0x6 )
INFO_TONE_VOL 9 ( 0x9 )
INFO_VIB_INDEX 13 ( 0xd )
INFO_VIB_WAIT 10 ( 0xa )
INFO_WAIT_COUNT_H 3 ( 0x3 )
INFO_WAIT_COUNT_L 2 ( 0x2 )
INIFNK 62 ( 0x3e )
INIGRP 114 ( 0x72 )
INIMLT 117 ( 0x75 )
INIT32 111 ( 0x6f )
INITIO 59 ( 0x3b )
INITTXT 108 ( 0x6c )
INTERRUPT_INITIALIZER 40992 ( 0xa020 )
IO_BASE_SLOT 168 ( 0xa8 )
IO_MEMMAP0 252 ( 0xfc )
IO_MEMMAP1 253 ( 0xfd )
IO_MEMMAP2 254 ( 0xfe )
IO_MEMMAP3 255 ( 0xff )
IO_PSG_ADR 160 ( 0xa0 )
IO_PSG_DATA_RD 162 ( 0xa2 )
IO_PSG_DATA_WR 161 ( 0xa1 )
IO_VDP_PORT0 152 ( 0x98 )
IO_VDP_PORT0_MSX1_ADP 136 ( 0x88 )
IO_VDP_PORT1 153 ( 0x99 )
IO_VDP_PORT1_MSX1_ADP 137 ( 0x89 )
IO_VDP_PORT2 154 ( 0x9a )
IO_VDP_PORT2_MSX1_ADP 138 ( 0x8a )
IO_VDP_PORT3 155 ( 0x9b )
IO_VDP_PORT3_MSX1_ADP 139 ( 0x8b )
KEYINT 56 ( 0x38 )
KILBUF 342 ( 0x156 )
LDIRMV 89 ( 0x59 )
LDIRVM 92 ( 0x5c )
NMI 102 ( 0x66 )
OUTDO 24 ( 0x18 )
PHYDIO 324 ( 0x144 )
PLAY_BGM001 40963 ( 0xa003 )
PLAY_BGM_DATA_ADR 42649 ( 0xa699 )
PLAY_DRUM_FONT1 42654 ( 0xa69e )
PLAY_DRUM_FONT2 42656 ( 0xa6a0 )
PLAY_DRUM_FONT3 42658 ( 0xa6a2 )
PLAY_DRUM_FONT4 42660 ( 0xa6a4 )
PLAY_DRUM_FONT5 42662 ( 0xa6a6 )
PLAY_INFO_CH0 42664 ( 0xa6a8 )
PLAY_INFO_CH1 42683 ( 0xa6bb )
PLAY_INFO_CH2 42702 ( 0xa6ce )
PLAY_MASTER_VOLUME 42653 ( 0xa69d )
PLAY_MASTER_VOLUME_SPEED 42652 ( 0xa69c )
PLAY_MASTER_VOLUME_WAIT 42651 ( 0xa69b )
PLAY_NOISE_FREQ 42648 ( 0xa698 )
PLAY_SE001 40978 ( 0xa012 )
PLAY_SE002 40985 ( 0xa019 )
PLAY_SOUND_EFFECT_ACTIVE 42639 ( 0xa68f )
PLAY_SOUND_EFFECT_ADR 42645 ( 0xa695 )
PLAY_SOUND_EFFECT_FREQ 42641 ( 0xa691 )
PLAY_SOUND_EFFECT_NOISE_FREQ 42643 ( 0xa693 )
PLAY_SOUND_EFFECT_PRIORITY 42647 ( 0xa697 )
PLAY_SOUND_EFFECT_VOLUME 42644 ( 0xa694 )
PLAY_SOUND_EFFECT_WAIT_COUNT 42640 ( 0xa690 )
PRINTC 333 ( 0x14d )
PSG_REG_ADR 160 ( 0xa0 )
PSG_REG_WRT 161 ( 0xa1 )
RDPSG 150 ( 0x96 )
RDSLT 12 ( 0xc )
RDVRM 74 ( 0x4a )
REG0SAV 62431 ( 0xf3df )
REG10SAV 65513 ( 0xffe9 )
REG11SAV 65514 ( 0xffea )
REG12SAV 65515 ( 0xffeb )
REG13SAV 65516 ( 0xffec )
REG14SAV 65517 ( 0xffed )
REG15SAV 65518 ( 0xffee )
REG16SAV 65519 ( 0xffef )
REG17SAV 65520 ( 0xfff0 )
REG18SAV 65521 ( 0xfff1 )
REG19SAV 65522 ( 0xfff2 )
REG1SAV 62432 ( 0xf3e0 )
REG20SAV 65523 ( 0xfff3 )
REG21SAV 65524 ( 0xfff4 )
REG22SAV 65525 ( 0xfff5 )
REG23SAV 65526 ( 0xfff6 )
REG25SAV 65528 ( 0xfff8 )
REG26SAV 65529 ( 0xfff9 )
REG27SAV 65530 ( 0xfffa )
REG2SAV 62433 ( 0xf3e1 )
REG3SAV 62434 ( 0xf3e2 )
REG4SAV 62435 ( 0xf3e3 )
REG5SAV 62436 ( 0xf3e4 )
REG6SAV 62437 ( 0xf3e5 )
REG7SAV 62438 ( 0xf3e6 )
REG8SAV 65511 ( 0xffe7 )
REG9SAV 65512 ( 0xffe8 )
SC0_W40_PAT_GEN 2048 ( 0x800 )
SC0_W40_PAT_NAME 0 ( 0x0 )
SC0_W80_BLINK 2048 ( 0x800 )
SC0_W80_PAT_GEN 4096 ( 0x1000 )
SC0_W80_PAT_NAME 0 ( 0x0 )
SC1_PAT_GEN 0 ( 0x0 )
SC1_PAT_NAME 6144 ( 0x1800 )
SC1_SPR_ATTR 6912 ( 0x1b00 )
SC1_SPR_GEN 14336 ( 0x3800 )
SC2_PAT_COL0 8192 ( 0x2000 )
SC2_PAT_COL1 10240 ( 0x2800 )
SC2_PAT_COL2 12288 ( 0x3000 )
SC2_PAT_GEN0 0 ( 0x0 )
SC2_PAT_GEN1 2048 ( 0x800 )
SC2_PAT_GEN2 4096 ( 0x1000 )
SC2_PAT_NAME 6144 ( 0x1800 )
SC2_SPR_ATTR 6912 ( 0x1b00 )
SC2_SPR_GEN 14336 ( 0x3800 )
SC3_PAT_GEN 0 ( 0x0 )
SC3_PAT_NAME 2048 ( 0x800 )
SC3_SPR_ATTR 6912 ( 0x1b00 )
SC3_SPR_GEN 14336 ( 0x3800 )
SC4_PAT_COL0 8192 ( 0x2000 )
SC4_PAT_COL1 10240 ( 0x2800 )
SC4_PAT_COL2 12288 ( 0x3000 )
SC4_PAT_GEN0 0 ( 0x0 )
SC4_PAT_GEN1 2048 ( 0x800 )
SC4_PAT_GEN2 4096 ( 0x1000 )
SC4_PAT_NAME 6144 ( 0x1800 )
SC4_SPR_ATTR 7680 ( 0x1e00 )
SC4_SPR_COL 7168 ( 0x1c00 )
SC4_SPR_GEN 14336 ( 0x3800 )
SC5_PAT_NAME 0 ( 0x0 )
SC5_SPR_ATTR 30208 ( 0x7600 )
SC5_SPR_COL 29696 ( 0x7400 )
SC5_SPR_GEN 30720 ( 0x7800 )
SC6_PAT_NAME 0 ( 0x0 )
SC6_SPR_ATTR 30208 ( 0x7600 )
SC6_SPR_COL 29696 ( 0x7400 )
SC6_SPR_GEN 30720 ( 0x7800 )
SCRMOD 64687 ( 0xfcaf )
SETGRP 126 ( 0x7e )
SETMLT 129 ( 0x81 )
SETRD 80 ( 0x50 )
SETT32 123 ( 0x7b )
SETTXT 120 ( 0x78 )
SETWRT 83 ( 0x53 )
SFONT_AR 32 ( 0x20 )
SFONT_DR 33 ( 0x21 )
SFONT_FREQ_H 40 ( 0x28 )
SFONT_FREQ_L 39 ( 0x27 )
SFONT_NOISE 38 ( 0x26 )
SFONT_RR 36 ( 0x24 )
SFONT_SL 34 ( 0x22 )
SFONT_SR 35 ( 0x23 )
SFONT_VIB_WAIT 37 ( 0x25 )
SFONT_VIB_WAVE 0 ( 0x0 )
SOUND_EFFECT001 43038 ( 0xa81e )
SOUND_EFFECT002 43082 ( 0xa84a )
START_ADDRESS 40960 ( 0xa000 )
STATFL 62439 ( 0xf3e7 )
STOP_BGM001 40970 ( 0xa00a )
STRTMS 153 ( 0x99 )
SUBROM 348 ( 0x15c )
SYNCHR 8 ( 0x8 )
VDPCMD_HMMC 240 ( 0xf0 )
VDPCMD_HMMM 208 ( 0xd0 )
VDPCMD_HMMV 192 ( 0xc0 )
VDPCMD_LINE 112 ( 0x70 )
VDPCMD_LMCM 160 ( 0xa0 )
VDPCMD_LMMC 176 ( 0xb0 )
VDPCMD_LMMM 144 ( 0x90 )
VDPCMD_LMMV 128 ( 0x80 )
VDPCMD_POINT 64 ( 0x40 )
VDPCMD_PSET 80 ( 0x50 )
VDPCMD_SRCH 96 ( 0x60 )
VDPCMD_STOP 0 ( 0x0 )
VDPCMD_YMMM 224 ( 0xe0 )
VDPROP_AND 1 ( 0x1 )
VDPROP_EOR 17 ( 0x11 )
VDPROP_IMP 0 ( 0x0 )
VDPROP_NOT 256 ( 0x100 )
VDPROP_OR 16 ( 0x10 )
VDPROP_TAND 4097 ( 0x1001 )
VDPROP_TEOR 4113 ( 0x1011 )
VDPROP_TIMP 4096 ( 0x1000 )
VDPROP_TNOT 4352 ( 0x1100 )
VDPROP_TOR 4112 ( 0x1010 )
WRSLT 20 ( 0x14 )
WRTPSG 147 ( 0x93 )
WRVRM 77 ( 0x4d )
